17:58:48 **** Auto Build of configuration Debug for project Casio_Watch ****
make pre-build main-build 
a9-linaro-pre-build-step
' '
'Building file: ../src/interrupt_counter_tut_2D.c'
'Invoking: ARM v7 gcc compiler'
arm-none-eabi-gcc -Wall -O0 -g3 -c -fmessage-length=0 -MT"src/interrupt_counter_tut_2D.o" -mcpu=cortex-a9 -mfpu=vfpv3 -mfloat-abi=hard -I../../Casio_Watch_bsp/ps7_cortexa9_0/include -MMD -MP -MF"src/interrupt_counter_tut_2D.d" -MT"src/interrupt_counter_tut_2D.o" -o "src/interrupt_counter_tut_2D.o" "../src/interrupt_counter_tut_2D.c"
../src/interrupt_counter_tut_2D.c: In function 'main':
../src/interrupt_counter_tut_2D.c:128:32: warning: passing argument 2 of 'XTmrCtr_SetHandler' from incompatible pointer type [-Wincompatible-pointer-types]
   XTmrCtr_SetHandler(&TMRInst, TMR_Intr_Handler, &TMRInst);
                                ^
In file included from ../src/interrupt_counter_tut_2D.c:22:0:
../../Casio_Watch_bsp/ps7_cortexa9_0/include/xtmrctr.h:296:6: note: expected 'XTmrCtr_Handler {aka void (*)(void *, unsigned char)}' but argument is of type 'void (*)(void *)'
 void XTmrCtr_SetHandler(XTmrCtr * InstancePtr, XTmrCtr_Handler FuncPtr,
      ^
../src/interrupt_counter_tut_2D.c: At top level:
../src/interrupt_counter_tut_2D.c:44:12: warning: 'sw_value' defined but not used [-Wunused-variable]
 static int sw_value;
            ^
'Finished building: ../src/interrupt_counter_tut_2D.c'
' '
'Building target: Casio_Watch.elf'
'Invoking: ARM v7 gcc linker'
arm-none-eabi-gcc -mcpu=cortex-a9 -mfpu=vfpv3 -mfloat-abi=hard -Wl,-build-id=none -specs=Xilinx.spec -Wl,-T -Wl,../src/lscript.ld -L../../Casio_Watch_bsp/ps7_cortexa9_0/lib -o "Casio_Watch.elf"  ./src/interrupt_counter_tut_2D.o   -Wl,--start-group,-lxil,-lgcc,-lc,--end-group
c:/xilinx/sdk/2016.3/gnu/aarch32/nt/gcc-arm-none-eabi/bin/../lib/gcc/arm-none-eabi/5.2.1/../../../../arm-none-eabi/bin/ld.exe: cannot open output file Casio_Watch.elf: Invalid argument
collect2.exe: error: ld returned 1 exit status
make: *** [Casio_Watch.elf] Fejl 1

17:58:48 Build Finished (took 554ms)

