17:32:13 INFO  : Registering command handlers for SDK TCF services
17:32:14 INFO  : Launching XSCT server: xsct.bat -interactive C:\Projects\Casioproject\project_1\project_1.sdk\temp_xsdb_launch_script.tcl
17:32:16 INFO  : XSCT server has started successfully.
17:32:16 INFO  : Successfully done setting XSCT server connection channel  
17:32:16 INFO  : Processing command line option -hwspec C:/Projects/Casioproject/project_1/project_1.sdk/design_1_wrapper.hdf.
17:32:16 INFO  : Successfully done setting SDK workspace  
18:06:18 INFO  : Registering command handlers for SDK TCF services
18:06:18 INFO  : Launching XSCT server: xsct.bat -interactive C:\Projects\Casioproject\project_1\project_1.sdk\temp_xsdb_launch_script.tcl
18:06:20 INFO  : XSCT server has started successfully.
18:06:20 INFO  : Successfully done setting XSCT server connection channel  
18:06:20 INFO  : Successfully done setting SDK workspace  
18:06:20 INFO  : Processing command line option -hwspec C:/Projects/Casioproject/project_1/project_1.sdk/design_1_wrapper.hdf.
18:06:20 INFO  : Checking for hwspec changes in the project design_1_wrapper_hw_platform_0.
18:06:22 INFO  : SDK has detected change in the last modified timestamps for source hardware specification file Source:1478711090661,  Project:1478709072635
18:06:22 INFO  : The hardware specification for project 'design_1_wrapper_hw_platform_0' is different from C:/Projects/Casioproject/project_1/project_1.sdk/design_1_wrapper.hdf.
18:06:22 INFO  : Copied contents of C:/Projects/Casioproject/project_1/project_1.sdk/design_1_wrapper.hdf into \design_1_wrapper_hw_platform_0\system.hdf.
18:06:27 INFO  : Synchronizing projects in the workspace with the hardware platform specification changes.
18:06:29 INFO  : 
18:06:30 INFO  : Updating hardware inferred compiler options for Casio_Watch.
18:06:30 INFO  : Clearing existing target manager status.
19:04:52 WARN  : Ignoring the file C:\Projects\Casioproject\Casio\asciisymbols_v2.c, as it is not a valid Hardware Specification file
19:05:02 WARN  : Ignoring the file C:\Projects\Casioproject\Casio\asciisymbols_v2.h, as it is not a valid Hardware Specification file
19:16:58 INFO  : Connected to target on host '127.0.0.1' and port '3121'.
19:17:00 INFO  : 'targets -set -filter {jtag_cable_name =~ "Digilent Zybo 210279574526A" && level==0} -index 1' command is executed.
19:17:02 INFO  : FPGA configured successfully with bitstream "C:/Projects/Casioproject/project_1/project_1.sdk/design_1_wrapper_hw_platform_0/design_1_wrapper.bit"
19:17:39 INFO  : Connected to target on host '127.0.0.1' and port '3121'.
19:17:39 INFO  : 'targets -set -filter {jtag_cable_name =~ "Digilent Zybo 210279574526A" && level==0} -index 1' command is executed.
19:17:41 INFO  : FPGA configured successfully with bitstream "C:/Projects/Casioproject/project_1/project_1.sdk/design_1_wrapper_hw_platform_0/design_1_wrapper.bit"
19:20:38 INFO  : Connected to target on host '127.0.0.1' and port '3121'.
19:20:38 INFO  : 'targets -set -filter {jtag_cable_name =~ "Digilent Zybo 210279574526A" && level==0} -index 1' command is executed.
19:20:40 INFO  : FPGA configured successfully with bitstream "C:/Projects/Casioproject/project_1/project_1.sdk/design_1_wrapper_hw_platform_0/design_1_wrapper.bit"
19:21:18 INFO  : Connected to target on host '127.0.0.1' and port '3121'.
19:21:18 INFO  : 'targets -set -filter {jtag_cable_name =~ "Digilent Zybo 210279574526A" && level==0} -index 1' command is executed.
19:21:20 INFO  : FPGA configured successfully with bitstream "C:/Projects/Casioproject/project_1/project_1.sdk/design_1_wrapper_hw_platform_0/design_1_wrapper.bit"
19:22:25 INFO  : Connected to target on host '127.0.0.1' and port '3121'.
19:22:25 INFO  : 'targets -set -filter {jtag_cable_name =~ "Digilent Zybo 210279574526A" && level==0} -index 1' command is executed.
19:22:27 INFO  : FPGA configured successfully with bitstream "C:/Projects/Casioproject/project_1/project_1.sdk/design_1_wrapper_hw_platform_0/design_1_wrapper.bit"
19:23:49 INFO  : Connected to target on host '127.0.0.1' and port '3121'.
19:23:49 INFO  : 'targets -set -filter {jtag_cable_name =~ "Digilent Zybo 210279574526A" && level==0} -index 1' command is executed.
19:23:51 INFO  : FPGA configured successfully with bitstream "C:/Projects/Casioproject/project_1/project_1.sdk/design_1_wrapper_hw_platform_0/design_1_wrapper.bit"
19:25:44 INFO  : Connected to target on host '127.0.0.1' and port '3121'.
19:25:44 INFO  : 'targets -set -filter {jtag_cable_name =~ "Digilent Zybo 210279574526A" && level==0} -index 1' command is executed.
19:25:46 INFO  : FPGA configured successfully with bitstream "C:/Projects/Casioproject/project_1/project_1.sdk/design_1_wrapper_hw_platform_0/design_1_wrapper.bit"
19:25:52 ERROR : Unexpected error while launching program.
java.lang.IllegalArgumentException: Path for project must have only one segment.
	at org.eclipse.core.runtime.Assert.isLegal(Assert.java:63)
	at org.eclipse.core.internal.resources.WorkspaceRoot.getProject(WorkspaceRoot.java:147)
	at org.eclipse.cdt.debug.core.CDebugUtils.verifyCProject(CDebugUtils.java:618)
	at org.eclipse.cdt.debug.core.CDebugUtils.verifyProgramPath(CDebugUtils.java:655)
	at org.eclipse.cdt.debug.core.CDebugUtils.verifyProgramPath(CDebugUtils.java:707)
	at com.xilinx.sdk.debug.core.XilinxAppLaunchConfigurationDelegate.runApplication(XilinxAppLaunchConfigurationDelegate.java:578)
	at com.xilinx.sdk.debug.core.XilinxAppLaunchConfigurationDelegate.launch(XilinxAppLaunchConfigurationDelegate.java:309)
	at com.xilinx.sdk.debug.ui.XilinxAppLaunchDelegateWrapper.launch(XilinxAppLaunchDelegateWrapper.java:31)
	at org.eclipse.debug.internal.core.LaunchConfiguration.launch(LaunchConfiguration.java:885)
	at org.eclipse.debug.internal.core.LaunchConfiguration.launch(LaunchConfiguration.java:739)
	at org.eclipse.debug.internal.ui.DebugUIPlugin.buildAndLaunch(DebugUIPlugin.java:1039)
	at org.eclipse.debug.internal.ui.DebugUIPlugin$8.run(DebugUIPlugin.java:1256)
	at org.eclipse.core.internal.jobs.Worker.run(Worker.java:55)
19:26:54 ERROR : Unexpected error while launching program.
java.lang.IllegalArgumentException: Path for project must have only one segment.
	at org.eclipse.core.runtime.Assert.isLegal(Assert.java:63)
	at org.eclipse.core.internal.resources.WorkspaceRoot.getProject(WorkspaceRoot.java:147)
	at org.eclipse.cdt.debug.core.CDebugUtils.verifyCProject(CDebugUtils.java:618)
	at org.eclipse.cdt.debug.core.CDebugUtils.verifyProgramPath(CDebugUtils.java:655)
	at org.eclipse.cdt.debug.core.CDebugUtils.verifyProgramPath(CDebugUtils.java:707)
	at com.xilinx.sdk.debug.core.XilinxAppLaunchConfigurationDelegate.runApplication(XilinxAppLaunchConfigurationDelegate.java:578)
	at com.xilinx.sdk.debug.core.XilinxAppLaunchConfigurationDelegate.launch(XilinxAppLaunchConfigurationDelegate.java:309)
	at com.xilinx.sdk.debug.ui.XilinxAppLaunchDelegateWrapper.launch(XilinxAppLaunchDelegateWrapper.java:31)
	at org.eclipse.debug.internal.core.LaunchConfiguration.launch(LaunchConfiguration.java:885)
	at org.eclipse.debug.internal.core.LaunchConfiguration.launch(LaunchConfiguration.java:739)
	at org.eclipse.debug.internal.ui.DebugUIPlugin.buildAndLaunch(DebugUIPlugin.java:1039)
	at org.eclipse.debug.internal.ui.DebugUIPlugin$8.run(DebugUIPlugin.java:1256)
	at org.eclipse.core.internal.jobs.Worker.run(Worker.java:55)
19:26:58 ERROR : Unexpected error while launching program.
java.lang.IllegalArgumentException: Path for project must have only one segment.
	at org.eclipse.core.runtime.Assert.isLegal(Assert.java:63)
	at org.eclipse.core.internal.resources.WorkspaceRoot.getProject(WorkspaceRoot.java:147)
	at org.eclipse.cdt.debug.core.CDebugUtils.verifyCProject(CDebugUtils.java:618)
	at org.eclipse.cdt.debug.core.CDebugUtils.verifyProgramPath(CDebugUtils.java:655)
	at org.eclipse.cdt.debug.core.CDebugUtils.verifyProgramPath(CDebugUtils.java:707)
	at com.xilinx.sdk.debug.core.XilinxAppLaunchConfigurationDelegate.runApplication(XilinxAppLaunchConfigurationDelegate.java:578)
	at com.xilinx.sdk.debug.core.XilinxAppLaunchConfigurationDelegate.launch(XilinxAppLaunchConfigurationDelegate.java:309)
	at com.xilinx.sdk.debug.ui.XilinxAppLaunchDelegateWrapper.launch(XilinxAppLaunchDelegateWrapper.java:31)
	at org.eclipse.debug.internal.core.LaunchConfiguration.launch(LaunchConfiguration.java:885)
	at org.eclipse.debug.internal.core.LaunchConfiguration.launch(LaunchConfiguration.java:739)
	at org.eclipse.debug.internal.ui.DebugUIPlugin.buildAndLaunch(DebugUIPlugin.java:1039)
	at org.eclipse.debug.internal.ui.DebugUIPlugin$8.run(DebugUIPlugin.java:1256)
	at org.eclipse.core.internal.jobs.Worker.run(Worker.java:55)
19:28:22 INFO  : Processor reset is completed for ps7_cortexa9_0
19:28:22 ERROR : Port COM3 is already in use.
19:28:25 ERROR : Unexpected error while launching program.
java.lang.RuntimeException: Failed to download ELF file


    AP transaction error (DP CTRL_STAT=0xf0000021)
    Error Address = 0x00100000, Size = 0x00000004


	at com.xilinx.sdk.targetmanager.internal.TM.downloadELF(TM.java:686)
	at com.xilinx.sdk.debug.core.internal.AppRunner.run(AppRunner.java:129)
	at com.xilinx.sdk.debug.core.XilinxAppLaunchConfigurationDelegate.runApplication(XilinxAppLaunchConfigurationDelegate.java:637)
	at com.xilinx.sdk.debug.core.XilinxAppLaunchConfigurationDelegate.launch(XilinxAppLaunchConfigurationDelegate.java:309)
	at com.xilinx.sdk.debug.ui.XilinxAppLaunchDelegateWrapper.launch(XilinxAppLaunchDelegateWrapper.java:31)
	at org.eclipse.debug.internal.core.LaunchConfiguration.launch(LaunchConfiguration.java:885)
	at org.eclipse.debug.internal.core.LaunchConfiguration.launch(LaunchConfiguration.java:739)
	at org.eclipse.debug.internal.ui.DebugUIPlugin.buildAndLaunch(DebugUIPlugin.java:1039)
	at org.eclipse.debug.internal.ui.DebugUIPlugin$8.run(DebugUIPlugin.java:1256)
	at org.eclipse.core.internal.jobs.Worker.run(Worker.java:55)
19:29:56 INFO  : Connected to target on host '127.0.0.1' and port '3121'.
19:29:57 INFO  : 'targets -set -filter {jtag_cable_name =~ "Digilent Zybo 210279574526A" && level==0} -index 1' command is executed.
19:29:58 INFO  : FPGA configured successfully with bitstream "C:/Projects/Casioproject/project_1/project_1.sdk/design_1_wrapper_hw_platform_0/design_1_wrapper.bit"
19:30:17 ERROR : Unexpected error while parsing XMD response ?: com.google.gson.JsonSyntaxException: com.google.gson.stream.MalformedJsonException: invalid number or unquoted string near 
19:32:22 INFO  : Registering command handlers for SDK TCF services
19:32:22 INFO  : Launching XSCT server: xsct.bat -interactive C:\Projects\Casioproject\project_1\project_1.sdk\temp_xsdb_launch_script.tcl
19:32:24 INFO  : XSCT server has started successfully.
19:32:24 INFO  : Successfully done setting XSCT server connection channel  
19:32:24 INFO  : Successfully done setting SDK workspace  
19:32:24 INFO  : Processing command line option -hwspec C:/Projects/Casioproject/project_1/project_1.sdk/design_1_wrapper.hdf.
19:32:24 INFO  : Checking for hwspec changes in the project design_1_wrapper_hw_platform_0.
19:32:59 INFO  : Connected to target on host '127.0.0.1' and port '3121'.
19:33:01 INFO  : 'targets -set -filter {jtag_cable_name =~ "Digilent Zybo 210279574526A" && level==0} -index 1' command is executed.
19:33:03 INFO  : FPGA configured successfully with bitstream "C:/Projects/Casioproject/project_1/project_1.sdk/design_1_wrapper_hw_platform_0/design_1_wrapper.bit"
19:33:12 INFO  : Processor reset is completed for ps7_cortexa9_0
19:33:12 ERROR : Port COM3 is already in use.
19:33:13 ERROR : Unexpected error while launching program.
java.lang.RuntimeException: Failed to download ELF file


    Cannot access DDR: the controller is held in reset

	at com.xilinx.sdk.targetmanager.internal.TM.downloadELF(TM.java:686)
	at com.xilinx.sdk.debug.core.internal.AppRunner.run(AppRunner.java:129)
	at com.xilinx.sdk.debug.core.XilinxAppLaunchConfigurationDelegate.runApplication(XilinxAppLaunchConfigurationDelegate.java:637)
	at com.xilinx.sdk.debug.core.XilinxAppLaunchConfigurationDelegate.launch(XilinxAppLaunchConfigurationDelegate.java:309)
	at com.xilinx.sdk.debug.ui.XilinxAppLaunchDelegateWrapper.launch(XilinxAppLaunchDelegateWrapper.java:31)
	at org.eclipse.debug.internal.core.LaunchConfiguration.launch(LaunchConfiguration.java:885)
	at org.eclipse.debug.internal.core.LaunchConfiguration.launch(LaunchConfiguration.java:739)
	at org.eclipse.debug.internal.ui.DebugUIPlugin.buildAndLaunch(DebugUIPlugin.java:1039)
	at org.eclipse.debug.internal.ui.DebugUIPlugin$8.run(DebugUIPlugin.java:1256)
	at org.eclipse.core.internal.jobs.Worker.run(Worker.java:55)
19:34:51 ERROR : Unexpected error while parsing XMD response ?: com.google.gson.JsonSyntaxException: com.google.gson.stream.MalformedJsonException: invalid number or unquoted string near 
19:35:05 INFO  : Registering command handlers for SDK TCF services
19:35:05 INFO  : Launching XSCT server: xsct.bat -interactive C:\Projects\Casioproject\project_1\project_1.sdk\temp_xsdb_launch_script.tcl
19:35:07 INFO  : XSCT server has started successfully.
19:35:08 INFO  : Successfully done setting XSCT server connection channel  
19:35:08 INFO  : Processing command line option -hwspec C:/Projects/Casioproject/project_1/project_1.sdk/design_1_wrapper.hdf.
19:35:08 INFO  : Successfully done setting SDK workspace  
19:35:08 INFO  : Checking for hwspec changes in the project design_1_wrapper_hw_platform_0.
19:36:21 ERROR : Checking FPGA configuration failed..Connection to Board Failed


    Unknown Error Occured
    Cable is not connected to the host

19:36:21 ERROR : Unexpected error while launching program.
com.xilinx.sdk.targetmanager.TMException: Connection to Board Failed


    Unknown Error Occured
    Cable is not connected to the host

	at com.xilinx.sdk.targetmanager.internal.TM.isFPGAConfigured(TM.java:374)
	at com.xilinx.sdk.debug.core.XilinxAppLaunchConfigurationDelegate.isFpgaConfigured(XilinxAppLaunchConfigurationDelegate.java:409)
	at com.xilinx.sdk.debug.core.XilinxAppLaunchConfigurationDelegate.launch(XilinxAppLaunchConfigurationDelegate.java:303)
	at com.xilinx.sdk.debug.ui.XilinxAppLaunchDelegateWrapper.launch(XilinxAppLaunchDelegateWrapper.java:31)
	at org.eclipse.debug.internal.core.LaunchConfiguration.launch(LaunchConfiguration.java:885)
	at org.eclipse.debug.internal.core.LaunchConfiguration.launch(LaunchConfiguration.java:739)
	at org.eclipse.debug.internal.ui.DebugUIPlugin.buildAndLaunch(DebugUIPlugin.java:1039)
	at org.eclipse.debug.internal.ui.DebugUIPlugin$8.run(DebugUIPlugin.java:1256)
	at org.eclipse.core.internal.jobs.Worker.run(Worker.java:55)
19:36:41 ERROR : Checking FPGA configuration failed..Connection to Board Failed


    Unknown Error Occured
    Cable is not connected to the host

19:36:41 ERROR : Unexpected error while launching program.
com.xilinx.sdk.targetmanager.TMException: Connection to Board Failed


    Unknown Error Occured
    Cable is not connected to the host

	at com.xilinx.sdk.targetmanager.internal.TM.isFPGAConfigured(TM.java:374)
	at com.xilinx.sdk.debug.core.XilinxAppLaunchConfigurationDelegate.isFpgaConfigured(XilinxAppLaunchConfigurationDelegate.java:409)
	at com.xilinx.sdk.debug.core.XilinxAppLaunchConfigurationDelegate.launch(XilinxAppLaunchConfigurationDelegate.java:303)
	at com.xilinx.sdk.debug.ui.XilinxAppLaunchDelegateWrapper.launch(XilinxAppLaunchDelegateWrapper.java:31)
	at org.eclipse.debug.internal.core.LaunchConfiguration.launch(LaunchConfiguration.java:885)
	at org.eclipse.debug.internal.core.LaunchConfiguration.launch(LaunchConfiguration.java:739)
	at org.eclipse.debug.internal.ui.DebugUIPlugin.buildAndLaunch(DebugUIPlugin.java:1039)
	at org.eclipse.debug.internal.ui.DebugUIPlugin$8.run(DebugUIPlugin.java:1256)
	at org.eclipse.core.internal.jobs.Worker.run(Worker.java:55)
19:37:06 INFO  : Connected to target on host '127.0.0.1' and port '3121'.
19:37:07 INFO  : 'targets -set -filter {jtag_cable_name =~ "Digilent Zybo 210279574526A" && level==0} -index 1' command is executed.
19:37:09 INFO  : FPGA configured successfully with bitstream "C:/Projects/Casioproject/project_1/project_1.sdk/design_1_wrapper_hw_platform_0/design_1_wrapper.bit"
19:37:14 INFO  : Processor reset is completed for ps7_cortexa9_0
19:37:14 ERROR : Port COM3 is already in use.
19:37:18 ERROR : Unexpected error while launching program.
java.lang.RuntimeException: Failed to download ELF file


    AP transaction error (DP CTRL_STAT=0xf0000021)
    Error Address = 0x00100000, Size = 0x00000004


	at com.xilinx.sdk.targetmanager.internal.TM.downloadELF(TM.java:686)
	at com.xilinx.sdk.debug.core.internal.AppRunner.run(AppRunner.java:129)
	at com.xilinx.sdk.debug.core.XilinxAppLaunchConfigurationDelegate.runApplication(XilinxAppLaunchConfigurationDelegate.java:637)
	at com.xilinx.sdk.debug.core.XilinxAppLaunchConfigurationDelegate.launch(XilinxAppLaunchConfigurationDelegate.java:309)
	at com.xilinx.sdk.debug.ui.XilinxAppLaunchDelegateWrapper.launch(XilinxAppLaunchDelegateWrapper.java:31)
	at org.eclipse.debug.internal.core.LaunchConfiguration.launch(LaunchConfiguration.java:885)
	at org.eclipse.debug.internal.core.LaunchConfiguration.launch(LaunchConfiguration.java:739)
	at org.eclipse.debug.internal.ui.DebugUIPlugin.buildAndLaunch(DebugUIPlugin.java:1039)
	at org.eclipse.debug.internal.ui.DebugUIPlugin$8.run(DebugUIPlugin.java:1256)
	at org.eclipse.core.internal.jobs.Worker.run(Worker.java:55)
19:39:46 ERROR : Unexpected error while parsing XMD response ?: com.google.gson.JsonSyntaxException: com.google.gson.stream.MalformedJsonException: invalid number or unquoted string near 
19:47:02 INFO  : Registering command handlers for SDK TCF services
19:47:02 INFO  : Launching XSCT server: xsct.bat -interactive C:\Projects\Casioproject\project_1\project_1.sdk\temp_xsdb_launch_script.tcl
19:47:04 INFO  : XSCT server has started successfully.
19:47:07 INFO  : Successfully done setting XSCT server connection channel  
19:47:07 INFO  : Processing command line option -hwspec C:/Projects/Casioproject/project_1/project_1.sdk/design_1_wrapper.hdf.
19:47:07 INFO  : Successfully done setting SDK workspace  
19:47:07 INFO  : Checking for hwspec changes in the project design_1_wrapper_hw_platform_0.
19:47:32 INFO  : Connected to target on host '127.0.0.1' and port '3121'.
19:47:34 INFO  : 'targets -set -filter {jtag_cable_name =~ "Digilent Zybo 210279574526A" && level==0} -index 1' command is executed.
19:47:35 INFO  : FPGA configured successfully with bitstream "C:/Projects/Casioproject/project_1/project_1.sdk/design_1_wrapper_hw_platform_0/design_1_wrapper.bit"
19:47:53 INFO  : Processor reset is completed for ps7_cortexa9_0
19:47:53 ERROR : Unexpected error while launching program.
java.lang.RuntimeException: Failed to download ELF file


    Cannot access DDR: the controller is held in reset

	at com.xilinx.sdk.targetmanager.internal.TM.downloadELF(TM.java:686)
	at com.xilinx.sdk.debug.core.internal.AppRunner.run(AppRunner.java:129)
	at com.xilinx.sdk.debug.core.XilinxAppLaunchConfigurationDelegate.runApplication(XilinxAppLaunchConfigurationDelegate.java:637)
	at com.xilinx.sdk.debug.core.XilinxAppLaunchConfigurationDelegate.launch(XilinxAppLaunchConfigurationDelegate.java:309)
	at com.xilinx.sdk.debug.ui.XilinxAppLaunchDelegateWrapper.launch(XilinxAppLaunchDelegateWrapper.java:31)
	at org.eclipse.debug.internal.core.LaunchConfiguration.launch(LaunchConfiguration.java:885)
	at org.eclipse.debug.internal.core.LaunchConfiguration.launch(LaunchConfiguration.java:739)
	at org.eclipse.debug.internal.ui.DebugUIPlugin.buildAndLaunch(DebugUIPlugin.java:1039)
	at org.eclipse.debug.internal.ui.DebugUIPlugin$8.run(DebugUIPlugin.java:1256)
	at org.eclipse.core.internal.jobs.Worker.run(Worker.java:55)
21:48:02 ERROR : Unexpected error while fetching XMD's response: 
java.net.SocketException: Connection reset
	at java.net.SocketInputStream.read(SocketInputStream.java:209)
	at java.net.SocketInputStream.read(SocketInputStream.java:141)
	at sun.nio.cs.StreamDecoder.readBytes(StreamDecoder.java:284)
	at sun.nio.cs.StreamDecoder.implRead(StreamDecoder.java:326)
	at sun.nio.cs.StreamDecoder.read(StreamDecoder.java:178)
	at java.io.InputStreamReader.read(InputStreamReader.java:184)
	at java.io.BufferedReader.fill(BufferedReader.java:161)
	at java.io.BufferedReader.read(BufferedReader.java:182)
	at com.xilinx.sdk.targetmanager.internal.json.XMDJSONProcess$CommandResultsReader.run(XMDJSONProcess.java:332)
	at java.lang.Thread.run(Thread.java:745)
21:48:02 ERROR : Zero sized response read from XMD. This indicates a communication error or a programming error.
08:53:44 INFO  : Registering command handlers for SDK TCF services
08:53:45 INFO  : Launching XSCT server: xsct.bat -interactive C:\Projects\Casioproject\project_1\project_1.sdk\temp_xsdb_launch_script.tcl
08:53:48 INFO  : XSCT server has started successfully.
08:53:50 INFO  : Successfully done setting XSCT server connection channel  
08:53:50 INFO  : Processing command line option -hwspec C:/Projects/Casioproject/project_1/project_1.sdk/design_1_wrapper.hdf.
08:53:50 INFO  : Successfully done setting SDK workspace  
08:53:50 INFO  : Checking for hwspec changes in the project design_1_wrapper_hw_platform_0.
15:37:51 INFO  : Connected to target on host '127.0.0.1' and port '3121'.
15:37:54 INFO  : 'targets -set -filter {jtag_cable_name =~ "Digilent Zybo 210279574526A" && level==0} -index 1' command is executed.
15:37:55 INFO  : FPGA configured successfully with bitstream "C:/Projects/Casioproject/project_1/project_1.sdk/design_1_wrapper_hw_platform_0/design_1_wrapper.bit"
15:38:36 INFO  : ps7_init is completed.
15:38:36 INFO  : ps7_post_config is completed.
15:38:36 INFO  : Processor reset is completed for ps7_cortexa9_0
15:39:17 INFO  : Processor reset is completed for ps7_cortexa9_0
15:39:17 ERROR : Port COM3 is already in use.
15:39:39 INFO  : Processor reset is completed for ps7_cortexa9_0
17:43:53 ERROR : Checking FPGA configuration failed..Connection to Board Failed


    Unknown Error Occured
    Cable is not powered-on

17:43:53 ERROR : Unexpected error while launching program.
com.xilinx.sdk.targetmanager.TMException: Connection to Board Failed


    Unknown Error Occured
    Cable is not powered-on

	at com.xilinx.sdk.targetmanager.internal.TM.isFPGAConfigured(TM.java:374)
	at com.xilinx.sdk.debug.core.XilinxAppLaunchConfigurationDelegate.isFpgaConfigured(XilinxAppLaunchConfigurationDelegate.java:409)
	at com.xilinx.sdk.debug.core.XilinxAppLaunchConfigurationDelegate.launch(XilinxAppLaunchConfigurationDelegate.java:303)
	at com.xilinx.sdk.debug.ui.XilinxAppLaunchDelegateWrapper.launch(XilinxAppLaunchDelegateWrapper.java:31)
	at org.eclipse.debug.internal.core.LaunchConfiguration.launch(LaunchConfiguration.java:885)
	at org.eclipse.debug.internal.core.LaunchConfiguration.launch(LaunchConfiguration.java:739)
	at org.eclipse.debug.internal.ui.DebugUIPlugin.buildAndLaunch(DebugUIPlugin.java:1039)
	at org.eclipse.debug.internal.ui.DebugUIPlugin$8.run(DebugUIPlugin.java:1256)
	at org.eclipse.core.internal.jobs.Worker.run(Worker.java:55)
17:46:33 INFO  : Connected to target on host '127.0.0.1' and port '3121'.
17:46:34 INFO  : 'targets -set -filter {jtag_cable_name =~ "Digilent Zybo 210279574526A" && level==0} -index 1' command is executed.
17:46:36 INFO  : FPGA configured successfully with bitstream "C:/Projects/Casioproject/project_1/project_1.sdk/design_1_wrapper_hw_platform_0/design_1_wrapper.bit"
17:46:55 INFO  : ps7_init is completed.
17:46:55 INFO  : ps7_post_config is completed.
17:46:55 INFO  : Processor reset is completed for ps7_cortexa9_0
17:49:05 INFO  : Processor reset is completed for ps7_cortexa9_0
17:51:04 INFO  : Processor reset is completed for ps7_cortexa9_0
17:54:20 INFO  : 'targets -set -filter {jtag_cable_name =~ "Digilent Zybo 210279574526A" && level==0} -index 1' command is executed.
17:54:20 INFO  : 'fpga -state' command is executed.
17:54:20 INFO  : Connected to target on host '127.0.0.1' and port '3121'.
17:54:21 INFO  : Jtag cable 'Digilent Zybo 210279574526A' is selected.
17:54:21 INFO  : 'jtag frequency' command is executed.
17:54:21 INFO  : Sourcing of 'C:/Projects/Casioproject/project_1/project_1.sdk/design_1_wrapper_hw_platform_0/ps7_init.tcl' is done.
17:54:21 INFO  : Context for 'APU' is selected.
17:54:21 INFO  : Hardware design information is loaded from 'C:/Projects/Casioproject/project_1/project_1.sdk/design_1_wrapper_hw_platform_0/system.hdf'.
17:54:21 INFO  : Context for 'APU' is selected.
17:54:21 INFO  : 'stop' command is executed.
17:54:31 INFO  : 'ps7_init' command is executed.
17:54:32 INFO  : 'ps7_post_config' command is executed.
17:54:32 INFO  : Context for processor 'ps7_cortexa9_0' is selected.
17:54:33 INFO  : Processor reset is completed for 'ps7_cortexa9_0'.
17:54:33 INFO  : Context for processor 'ps7_cortexa9_0' is selected.
17:54:33 INFO  : The application 'C:/Projects/Casioproject/project_1/project_1.sdk/ur/Debug/ur.elf' is downloaded to processor 'ps7_cortexa9_0'.
17:54:33 INFO  : ----------------XSDB Script----------------
connect -url tcp:127.0.0.1:3121
source C:/Projects/Casioproject/project_1/project_1.sdk/design_1_wrapper_hw_platform_0/ps7_init.tcl
targets -set -nocase -filter {name =~"APU*" && jtag_cable_name =~ "Digilent Zybo 210279574526A"} -index 0
loadhw C:/Projects/Casioproject/project_1/project_1.sdk/design_1_wrapper_hw_platform_0/system.hdf
targets -set -nocase -filter {name =~"APU*" && jtag_cable_name =~ "Digilent Zybo 210279574526A"} -index 0
stop
ps7_init
ps7_post_config
targets -set -nocase -filter {name =~ "ARM*#0" && jtag_cable_name =~ "Digilent Zybo 210279574526A"} -index 0
rst -processor
targets -set -nocase -filter {name =~ "ARM*#0" && jtag_cable_name =~ "Digilent Zybo 210279574526A"} -index 0
dow C:/Projects/Casioproject/project_1/project_1.sdk/ur/Debug/ur.elf
----------------End of Script----------------

17:54:34 INFO  : Memory regions updated for context APU
17:54:35 INFO  : Context for processor 'ps7_cortexa9_0' is selected.
17:54:35 INFO  : 'con' command is executed.
17:54:35 INFO  : ----------------XSDB Script (After Launch)----------------
targets -set -nocase -filter {name =~ "ARM*#0" && jtag_cable_name =~ "Digilent Zybo 210279574526A"} -index 0
con
----------------End of Script----------------

17:54:35 INFO  : Launch script is exported to file 'C:\Projects\Casioproject\project_1\project_1.sdk\.sdk\launch_scripts\xilinx_c-c++_application_(system_debugger)\system_debugger_using_debug_ur.elf_on_local.tcl'
17:55:43 INFO  : Disconnected from the channel tcfchan#1.
17:55:45 INFO  : Processor reset is completed for ps7_cortexa9_0
17:57:20 INFO  : Processor reset is completed for ps7_cortexa9_0
17:58:20 INFO  : Processor reset is completed for ps7_cortexa9_0
17:59:50 INFO  : Processor reset is completed for ps7_cortexa9_0
18:07:13 INFO  : Processor reset is completed for ps7_cortexa9_0
09:53:47 ERROR : Unexpected error while parsing XMD response ?: com.google.gson.JsonSyntaxException: com.google.gson.stream.MalformedJsonException: invalid number or unquoted string near 
10:02:39 INFO  : Registering command handlers for SDK TCF services
10:02:40 INFO  : Launching XSCT server: xsct.bat -interactive C:\Projects\Casioproject\Casio\project_1\project_1.sdk\temp_xsdb_launch_script.tcl
10:02:42 INFO  : XSCT server has started successfully.
10:02:42 INFO  : Successfully done setting XSCT server connection channel  
10:02:44 INFO  : Successfully done setting SDK workspace  
10:02:44 INFO  : Processing command line option -hwspec C:/Projects/Casioproject/Casio/project_1/project_1.sdk/design_1_wrapper.hdf.
10:11:30 INFO  : Connected to target on host '127.0.0.1' and port '3121'.
10:11:31 INFO  : 'targets -set -filter {jtag_cable_name =~ "Digilent Zybo 210279574526A" && level==0} -index 1' command is executed.
10:11:33 INFO  : FPGA configured successfully with bitstream "C:/Projects/Casioproject/Casio/project_1/project_1.sdk/design_1_wrapper_hw_platform_0/design_1_wrapper.bit"
10:11:48 INFO  : ps7_init is completed.
10:11:49 INFO  : ps7_post_config is completed.
10:11:49 INFO  : Processor reset is completed for ps7_cortexa9_0
10:14:11 INFO  : Processor reset is completed for ps7_cortexa9_0
10:15:12 INFO  : Connected to target on host '127.0.0.1' and port '3121'.
10:15:12 INFO  : 'targets -set -filter {jtag_cable_name =~ "Digilent Zybo 210279574526A" && level==0} -index 1' command is executed.
10:15:14 INFO  : FPGA configured successfully with bitstream "C:/Projects/Casioproject/Casio/project_1/project_1.sdk/design_1_wrapper_hw_platform_0/design_1_wrapper.bit"
10:15:25 INFO  : Processor reset is completed for ps7_cortexa9_0
10:15:51 INFO  : Processor reset is completed for ps7_cortexa9_0
10:36:23 INFO  : Processor reset is completed for ps7_cortexa9_0
10:37:52 INFO  : Processor reset is completed for ps7_cortexa9_0
10:38:07 INFO  : ps7_cortexa9_0 Processor is in use. Please stop existing Run or Debug sessions before launching.
10:38:10 INFO  : Processor reset is completed for ps7_cortexa9_0
10:39:31 WARN  : Ignoring the file C:\Projects\Casioproject\Casio\main_v2.c, as it is not a valid Hardware Specification file
10:39:51 WARN  : Ignoring the file C:\Projects\Casioproject\Casio\asciisymbols_v2.h, as it is not a valid Hardware Specification file
10:46:25 INFO  : Connected to target on host '127.0.0.1' and port '3121'.
10:46:25 INFO  : 'targets -set -filter {jtag_cable_name =~ "Digilent Zybo 210279574526A" && level==0} -index 1' command is executed.
10:46:27 INFO  : FPGA configured successfully with bitstream "C:/Projects/Casioproject/Casio/project_1/project_1.sdk/design_1_wrapper_hw_platform_0/design_1_wrapper.bit"
11:02:42 INFO  : Processor reset is completed for ps7_cortexa9_0
11:03:23 INFO  : ps7_cortexa9_0 Processor is in use. Please stop existing Run or Debug sessions before launching.
11:03:25 INFO  : Processor reset is completed for ps7_cortexa9_0
11:04:23 INFO  : ps7_cortexa9_0 Processor is in use. Please stop existing Run or Debug sessions before launching.
11:04:26 INFO  : Processor reset is completed for ps7_cortexa9_0
11:12:07 INFO  : ps7_cortexa9_0 Processor is in use. Please stop existing Run or Debug sessions before launching.
11:12:09 INFO  : Processor reset is completed for ps7_cortexa9_0
11:31:41 INFO  : ps7_cortexa9_0 Processor is in use. Please stop existing Run or Debug sessions before launching.
11:31:44 INFO  : Processor reset is completed for ps7_cortexa9_0
11:40:02 INFO  : ps7_cortexa9_0 Processor is in use. Please stop existing Run or Debug sessions before launching.
11:40:05 INFO  : Processor reset is completed for ps7_cortexa9_0
11:41:48 INFO  : Processor reset is completed for ps7_cortexa9_0
11:43:56 INFO  : Processor reset is completed for ps7_cortexa9_0
11:52:40 INFO  : ps7_cortexa9_0 Processor is in use. Please stop existing Run or Debug sessions before launching.
11:52:42 INFO  : Processor reset is completed for ps7_cortexa9_0
11:57:59 INFO  : ps7_cortexa9_0 Processor is in use. Please stop existing Run or Debug sessions before launching.
11:58:02 INFO  : Processor reset is completed for ps7_cortexa9_0
12:06:10 INFO  : ps7_cortexa9_0 Processor is in use. Please stop existing Run or Debug sessions before launching.
12:06:15 INFO  : Processor reset is completed for ps7_cortexa9_0
12:07:40 INFO  : ps7_cortexa9_0 Processor is in use. Please stop existing Run or Debug sessions before launching.
12:07:42 INFO  : Processor reset is completed for ps7_cortexa9_0
12:25:23 INFO  : ps7_cortexa9_0 Processor is in use. Please stop existing Run or Debug sessions before launching.
12:25:25 INFO  : Processor reset is completed for ps7_cortexa9_0
12:35:03 INFO  : ps7_cortexa9_0 Processor is in use. Please stop existing Run or Debug sessions before launching.
12:35:04 INFO  : Processor reset is completed for ps7_cortexa9_0
12:39:36 INFO  : ps7_cortexa9_0 Processor is in use. Please stop existing Run or Debug sessions before launching.
12:39:38 INFO  : Processor reset is completed for ps7_cortexa9_0
12:41:25 INFO  : ps7_cortexa9_0 Processor is in use. Please stop existing Run or Debug sessions before launching.
12:41:27 INFO  : Processor reset is completed for ps7_cortexa9_0
12:42:00 INFO  : Connected to target on host '127.0.0.1' and port '3121'.
12:42:01 INFO  : 'targets -set -filter {jtag_cable_name =~ "Digilent Zybo 210279574526A" && level==0} -index 1' command is executed.
12:42:02 INFO  : FPGA configured successfully with bitstream "C:/Projects/Casioproject/Casio/project_1/project_1.sdk/design_1_wrapper_hw_platform_0/design_1_wrapper.bit"
12:42:10 INFO  : ps7_init is completed.
12:42:10 INFO  : ps7_post_config is completed.
12:42:11 INFO  : Processor reset is completed for ps7_cortexa9_0
12:42:54 INFO  : ps7_cortexa9_0 Processor is in use. Please stop existing Run or Debug sessions before launching.
12:42:56 INFO  : Processor reset is completed for ps7_cortexa9_0
12:47:54 INFO  : ps7_cortexa9_0 Processor is in use. Please stop existing Run or Debug sessions before launching.
12:47:56 INFO  : Processor reset is completed for ps7_cortexa9_0
12:49:02 INFO  : ps7_cortexa9_0 Processor is in use. Please stop existing Run or Debug sessions before launching.
12:49:04 INFO  : Processor reset is completed for ps7_cortexa9_0
13:12:06 INFO  : Connected to target on host '127.0.0.1' and port '3121'.
13:12:08 INFO  : 'targets -set -filter {jtag_cable_name =~ "Digilent Zybo 210279574526A" && level==0} -index 1' command is executed.
13:12:09 INFO  : FPGA configured successfully with bitstream "C:/Projects/Casioproject/Casio/project_1/project_1.sdk/design_1_wrapper_hw_platform_0/design_1_wrapper.bit"
13:12:20 INFO  : ps7_init is completed.
13:12:20 INFO  : ps7_post_config is completed.
13:12:20 INFO  : Processor reset is completed for ps7_cortexa9_0
17:18:32 INFO  : Connected to target on host '127.0.0.1' and port '3121'.
17:18:32 INFO  : 'targets -set -filter {jtag_cable_name =~ "Digilent Zybo 210279574526A" && level==0} -index 1' command is executed.
17:18:34 INFO  : FPGA configured successfully with bitstream "C:/Projects/Casioproject/Casio/project_1/project_1.sdk/design_1_wrapper_hw_platform_0/design_1_wrapper.bit"
17:18:42 INFO  : ps7_init is completed.
17:18:42 INFO  : ps7_post_config is completed.
17:18:43 INFO  : Processor reset is completed for ps7_cortexa9_0
