
*** Running vivado
    with args -log Casio_Design_axi_gpio_0_0.vds -m64 -product Vivado -mode batch -messageDb vivado.pb -notrace -source Casio_Design_axi_gpio_0_0.tcl


****** Vivado v2016.3 (64-bit)
  **** SW Build 1682563 on Mon Oct 10 19:07:27 MDT 2016
  **** IP Build 1681267 on Mon Oct 10 21:28:31 MDT 2016
    ** Copyright 1986-2016 Xilinx, Inc. All Rights Reserved.

source Casio_Design_axi_gpio_0_0.tcl -notrace
Starting RTL Elaboration : Time (s): cpu = 00:00:06 ; elapsed = 00:00:07 . Memory (MB): peak = 304.273 ; gain = 94.832
INFO: [Synth 8-638] synthesizing module 'Casio_Design_axi_gpio_0_0' [c:/Projects/Casioproject/Casio/Casio/Casio.srcs/sources_1/bd/Casio_Design/ip/Casio_Design_axi_gpio_0_0/synth/Casio_Design_axi_gpio_0_0.vhd:86]
INFO: [Synth 8-638] synthesizing module 'axi_gpio' [c:/Projects/Casioproject/Casio/Casio/Casio.srcs/sources_1/bd/Casio_Design/ipshared/475c/hdl/axi_gpio_v2_0_vh_rfs.vhd:1091]
INFO: [Synth 8-638] synthesizing module 'axi_lite_ipif' [c:/Projects/Casioproject/Casio/Casio/Casio.srcs/sources_1/bd/Casio_Design/ipshared/0ba0/hdl/axi_lite_ipif_v3_0_vh_rfs.vhd:2948]
INFO: [Synth 8-638] synthesizing module 'slave_attachment' [c:/Projects/Casioproject/Casio/Casio/Casio.srcs/sources_1/bd/Casio_Design/ipshared/0ba0/hdl/axi_lite_ipif_v3_0_vh_rfs.vhd:2341]
INFO: [Synth 8-638] synthesizing module 'address_decoder' [c:/Projects/Casioproject/Casio/Casio/Casio.srcs/sources_1/bd/Casio_Design/ipshared/0ba0/hdl/axi_lite_ipif_v3_0_vh_rfs.vhd:1775]
INFO: [Synth 8-638] synthesizing module 'pselect_f' [c:/Projects/Casioproject/Casio/Casio/Casio.srcs/sources_1/bd/Casio_Design/ipshared/0ba0/hdl/axi_lite_ipif_v3_0_vh_rfs.vhd:1534]
INFO: [Synth 8-256] done synthesizing module 'pselect_f' (1#1) [c:/Projects/Casioproject/Casio/Casio/Casio.srcs/sources_1/bd/Casio_Design/ipshared/0ba0/hdl/axi_lite_ipif_v3_0_vh_rfs.vhd:1534]
INFO: [Synth 8-638] synthesizing module 'pselect_f__parameterized0' [c:/Projects/Casioproject/Casio/Casio/Casio.srcs/sources_1/bd/Casio_Design/ipshared/0ba0/hdl/axi_lite_ipif_v3_0_vh_rfs.vhd:1534]
INFO: [Synth 8-256] done synthesizing module 'pselect_f__parameterized0' (1#1) [c:/Projects/Casioproject/Casio/Casio/Casio.srcs/sources_1/bd/Casio_Design/ipshared/0ba0/hdl/axi_lite_ipif_v3_0_vh_rfs.vhd:1534]
INFO: [Synth 8-638] synthesizing module 'pselect_f__parameterized1' [c:/Projects/Casioproject/Casio/Casio/Casio.srcs/sources_1/bd/Casio_Design/ipshared/0ba0/hdl/axi_lite_ipif_v3_0_vh_rfs.vhd:1534]
INFO: [Synth 8-256] done synthesizing module 'pselect_f__parameterized1' (1#1) [c:/Projects/Casioproject/Casio/Casio/Casio.srcs/sources_1/bd/Casio_Design/ipshared/0ba0/hdl/axi_lite_ipif_v3_0_vh_rfs.vhd:1534]
INFO: [Synth 8-638] synthesizing module 'pselect_f__parameterized2' [c:/Projects/Casioproject/Casio/Casio/Casio.srcs/sources_1/bd/Casio_Design/ipshared/0ba0/hdl/axi_lite_ipif_v3_0_vh_rfs.vhd:1534]
INFO: [Synth 8-256] done synthesizing module 'pselect_f__parameterized2' (1#1) [c:/Projects/Casioproject/Casio/Casio/Casio.srcs/sources_1/bd/Casio_Design/ipshared/0ba0/hdl/axi_lite_ipif_v3_0_vh_rfs.vhd:1534]
INFO: [Synth 8-638] synthesizing module 'pselect_f__parameterized3' [c:/Projects/Casioproject/Casio/Casio/Casio.srcs/sources_1/bd/Casio_Design/ipshared/0ba0/hdl/axi_lite_ipif_v3_0_vh_rfs.vhd:1534]
INFO: [Synth 8-256] done synthesizing module 'pselect_f__parameterized3' (1#1) [c:/Projects/Casioproject/Casio/Casio/Casio.srcs/sources_1/bd/Casio_Design/ipshared/0ba0/hdl/axi_lite_ipif_v3_0_vh_rfs.vhd:1534]
INFO: [Synth 8-638] synthesizing module 'pselect_f__parameterized4' [c:/Projects/Casioproject/Casio/Casio/Casio.srcs/sources_1/bd/Casio_Design/ipshared/0ba0/hdl/axi_lite_ipif_v3_0_vh_rfs.vhd:1534]
INFO: [Synth 8-256] done synthesizing module 'pselect_f__parameterized4' (1#1) [c:/Projects/Casioproject/Casio/Casio/Casio.srcs/sources_1/bd/Casio_Design/ipshared/0ba0/hdl/axi_lite_ipif_v3_0_vh_rfs.vhd:1534]
INFO: [Synth 8-638] synthesizing module 'pselect_f__parameterized5' [c:/Projects/Casioproject/Casio/Casio/Casio.srcs/sources_1/bd/Casio_Design/ipshared/0ba0/hdl/axi_lite_ipif_v3_0_vh_rfs.vhd:1534]
INFO: [Synth 8-256] done synthesizing module 'pselect_f__parameterized5' (1#1) [c:/Projects/Casioproject/Casio/Casio/Casio.srcs/sources_1/bd/Casio_Design/ipshared/0ba0/hdl/axi_lite_ipif_v3_0_vh_rfs.vhd:1534]
INFO: [Synth 8-638] synthesizing module 'pselect_f__parameterized6' [c:/Projects/Casioproject/Casio/Casio/Casio.srcs/sources_1/bd/Casio_Design/ipshared/0ba0/hdl/axi_lite_ipif_v3_0_vh_rfs.vhd:1534]
INFO: [Synth 8-256] done synthesizing module 'pselect_f__parameterized6' (1#1) [c:/Projects/Casioproject/Casio/Casio/Casio.srcs/sources_1/bd/Casio_Design/ipshared/0ba0/hdl/axi_lite_ipif_v3_0_vh_rfs.vhd:1534]
INFO: [Synth 8-638] synthesizing module 'pselect_f__parameterized7' [c:/Projects/Casioproject/Casio/Casio/Casio.srcs/sources_1/bd/Casio_Design/ipshared/0ba0/hdl/axi_lite_ipif_v3_0_vh_rfs.vhd:1534]
INFO: [Synth 8-256] done synthesizing module 'pselect_f__parameterized7' (1#1) [c:/Projects/Casioproject/Casio/Casio/Casio.srcs/sources_1/bd/Casio_Design/ipshared/0ba0/hdl/axi_lite_ipif_v3_0_vh_rfs.vhd:1534]
INFO: [Synth 8-638] synthesizing module 'pselect_f__parameterized8' [c:/Projects/Casioproject/Casio/Casio/Casio.srcs/sources_1/bd/Casio_Design/ipshared/0ba0/hdl/axi_lite_ipif_v3_0_vh_rfs.vhd:1534]
INFO: [Synth 8-256] done synthesizing module 'pselect_f__parameterized8' (1#1) [c:/Projects/Casioproject/Casio/Casio/Casio.srcs/sources_1/bd/Casio_Design/ipshared/0ba0/hdl/axi_lite_ipif_v3_0_vh_rfs.vhd:1534]
INFO: [Synth 8-638] synthesizing module 'pselect_f__parameterized9' [c:/Projects/Casioproject/Casio/Casio/Casio.srcs/sources_1/bd/Casio_Design/ipshared/0ba0/hdl/axi_lite_ipif_v3_0_vh_rfs.vhd:1534]
INFO: [Synth 8-256] done synthesizing module 'pselect_f__parameterized9' (1#1) [c:/Projects/Casioproject/Casio/Casio/Casio.srcs/sources_1/bd/Casio_Design/ipshared/0ba0/hdl/axi_lite_ipif_v3_0_vh_rfs.vhd:1534]
INFO: [Synth 8-638] synthesizing module 'pselect_f__parameterized10' [c:/Projects/Casioproject/Casio/Casio/Casio.srcs/sources_1/bd/Casio_Design/ipshared/0ba0/hdl/axi_lite_ipif_v3_0_vh_rfs.vhd:1534]
INFO: [Synth 8-256] done synthesizing module 'pselect_f__parameterized10' (1#1) [c:/Projects/Casioproject/Casio/Casio/Casio.srcs/sources_1/bd/Casio_Design/ipshared/0ba0/hdl/axi_lite_ipif_v3_0_vh_rfs.vhd:1534]
INFO: [Synth 8-638] synthesizing module 'pselect_f__parameterized11' [c:/Projects/Casioproject/Casio/Casio/Casio.srcs/sources_1/bd/Casio_Design/ipshared/0ba0/hdl/axi_lite_ipif_v3_0_vh_rfs.vhd:1534]
INFO: [Synth 8-256] done synthesizing module 'pselect_f__parameterized11' (1#1) [c:/Projects/Casioproject/Casio/Casio/Casio.srcs/sources_1/bd/Casio_Design/ipshared/0ba0/hdl/axi_lite_ipif_v3_0_vh_rfs.vhd:1534]
INFO: [Synth 8-638] synthesizing module 'pselect_f__parameterized12' [c:/Projects/Casioproject/Casio/Casio/Casio.srcs/sources_1/bd/Casio_Design/ipshared/0ba0/hdl/axi_lite_ipif_v3_0_vh_rfs.vhd:1534]
INFO: [Synth 8-256] done synthesizing module 'pselect_f__parameterized12' (1#1) [c:/Projects/Casioproject/Casio/Casio/Casio.srcs/sources_1/bd/Casio_Design/ipshared/0ba0/hdl/axi_lite_ipif_v3_0_vh_rfs.vhd:1534]
INFO: [Synth 8-638] synthesizing module 'pselect_f__parameterized13' [c:/Projects/Casioproject/Casio/Casio/Casio.srcs/sources_1/bd/Casio_Design/ipshared/0ba0/hdl/axi_lite_ipif_v3_0_vh_rfs.vhd:1534]
INFO: [Synth 8-256] done synthesizing module 'pselect_f__parameterized13' (1#1) [c:/Projects/Casioproject/Casio/Casio/Casio.srcs/sources_1/bd/Casio_Design/ipshared/0ba0/hdl/axi_lite_ipif_v3_0_vh_rfs.vhd:1534]
INFO: [Synth 8-638] synthesizing module 'pselect_f__parameterized14' [c:/Projects/Casioproject/Casio/Casio/Casio.srcs/sources_1/bd/Casio_Design/ipshared/0ba0/hdl/axi_lite_ipif_v3_0_vh_rfs.vhd:1534]
INFO: [Synth 8-256] done synthesizing module 'pselect_f__parameterized14' (1#1) [c:/Projects/Casioproject/Casio/Casio/Casio.srcs/sources_1/bd/Casio_Design/ipshared/0ba0/hdl/axi_lite_ipif_v3_0_vh_rfs.vhd:1534]
INFO: [Synth 8-638] synthesizing module 'pselect_f__parameterized15' [c:/Projects/Casioproject/Casio/Casio/Casio.srcs/sources_1/bd/Casio_Design/ipshared/0ba0/hdl/axi_lite_ipif_v3_0_vh_rfs.vhd:1534]
INFO: [Synth 8-256] done synthesizing module 'pselect_f__parameterized15' (1#1) [c:/Projects/Casioproject/Casio/Casio/Casio.srcs/sources_1/bd/Casio_Design/ipshared/0ba0/hdl/axi_lite_ipif_v3_0_vh_rfs.vhd:1534]
INFO: [Synth 8-638] synthesizing module 'pselect_f__parameterized16' [c:/Projects/Casioproject/Casio/Casio/Casio.srcs/sources_1/bd/Casio_Design/ipshared/0ba0/hdl/axi_lite_ipif_v3_0_vh_rfs.vhd:1534]
INFO: [Synth 8-256] done synthesizing module 'pselect_f__parameterized16' (1#1) [c:/Projects/Casioproject/Casio/Casio/Casio.srcs/sources_1/bd/Casio_Design/ipshared/0ba0/hdl/axi_lite_ipif_v3_0_vh_rfs.vhd:1534]
INFO: [Synth 8-638] synthesizing module 'pselect_f__parameterized17' [c:/Projects/Casioproject/Casio/Casio/Casio.srcs/sources_1/bd/Casio_Design/ipshared/0ba0/hdl/axi_lite_ipif_v3_0_vh_rfs.vhd:1534]
INFO: [Synth 8-256] done synthesizing module 'pselect_f__parameterized17' (1#1) [c:/Projects/Casioproject/Casio/Casio/Casio.srcs/sources_1/bd/Casio_Design/ipshared/0ba0/hdl/axi_lite_ipif_v3_0_vh_rfs.vhd:1534]
INFO: [Synth 8-638] synthesizing module 'pselect_f__parameterized18' [c:/Projects/Casioproject/Casio/Casio/Casio.srcs/sources_1/bd/Casio_Design/ipshared/0ba0/hdl/axi_lite_ipif_v3_0_vh_rfs.vhd:1534]
INFO: [Synth 8-256] done synthesizing module 'pselect_f__parameterized18' (1#1) [c:/Projects/Casioproject/Casio/Casio/Casio.srcs/sources_1/bd/Casio_Design/ipshared/0ba0/hdl/axi_lite_ipif_v3_0_vh_rfs.vhd:1534]
INFO: [Synth 8-638] synthesizing module 'pselect_f__parameterized19' [c:/Projects/Casioproject/Casio/Casio/Casio.srcs/sources_1/bd/Casio_Design/ipshared/0ba0/hdl/axi_lite_ipif_v3_0_vh_rfs.vhd:1534]
INFO: [Synth 8-256] done synthesizing module 'pselect_f__parameterized19' (1#1) [c:/Projects/Casioproject/Casio/Casio/Casio.srcs/sources_1/bd/Casio_Design/ipshared/0ba0/hdl/axi_lite_ipif_v3_0_vh_rfs.vhd:1534]
INFO: [Synth 8-638] synthesizing module 'pselect_f__parameterized20' [c:/Projects/Casioproject/Casio/Casio/Casio.srcs/sources_1/bd/Casio_Design/ipshared/0ba0/hdl/axi_lite_ipif_v3_0_vh_rfs.vhd:1534]
INFO: [Synth 8-256] done synthesizing module 'pselect_f__parameterized20' (1#1) [c:/Projects/Casioproject/Casio/Casio/Casio.srcs/sources_1/bd/Casio_Design/ipshared/0ba0/hdl/axi_lite_ipif_v3_0_vh_rfs.vhd:1534]
INFO: [Synth 8-256] done synthesizing module 'address_decoder' (2#1) [c:/Projects/Casioproject/Casio/Casio/Casio.srcs/sources_1/bd/Casio_Design/ipshared/0ba0/hdl/axi_lite_ipif_v3_0_vh_rfs.vhd:1775]
INFO: [Synth 8-256] done synthesizing module 'slave_attachment' (3#1) [c:/Projects/Casioproject/Casio/Casio/Casio.srcs/sources_1/bd/Casio_Design/ipshared/0ba0/hdl/axi_lite_ipif_v3_0_vh_rfs.vhd:2341]
INFO: [Synth 8-256] done synthesizing module 'axi_lite_ipif' (4#1) [c:/Projects/Casioproject/Casio/Casio/Casio.srcs/sources_1/bd/Casio_Design/ipshared/0ba0/hdl/axi_lite_ipif_v3_0_vh_rfs.vhd:2948]
INFO: [Synth 8-638] synthesizing module 'interrupt_control' [c:/Projects/Casioproject/Casio/Casio/Casio.srcs/sources_1/bd/Casio_Design/ipshared/e956/hdl/interrupt_control_v3_1_vh_rfs.vhd:259]
INFO: [Synth 8-256] done synthesizing module 'interrupt_control' (5#1) [c:/Projects/Casioproject/Casio/Casio/Casio.srcs/sources_1/bd/Casio_Design/ipshared/e956/hdl/interrupt_control_v3_1_vh_rfs.vhd:259]
INFO: [Synth 8-638] synthesizing module 'GPIO_Core' [c:/Projects/Casioproject/Casio/Casio/Casio.srcs/sources_1/bd/Casio_Design/ipshared/475c/hdl/axi_gpio_v2_0_vh_rfs.vhd:173]
INFO: [Synth 8-638] synthesizing module 'cdc_sync' [c:/Projects/Casioproject/Casio/Casio/Casio.srcs/sources_1/bd/Casio_Design/ipshared/52cb/hdl/lib_cdc_v1_0_rfs.vhd:106]
INFO: [Synth 8-256] done synthesizing module 'cdc_sync' (6#1) [c:/Projects/Casioproject/Casio/Casio/Casio.srcs/sources_1/bd/Casio_Design/ipshared/52cb/hdl/lib_cdc_v1_0_rfs.vhd:106]
INFO: [Synth 8-256] done synthesizing module 'GPIO_Core' (7#1) [c:/Projects/Casioproject/Casio/Casio/Casio.srcs/sources_1/bd/Casio_Design/ipshared/475c/hdl/axi_gpio_v2_0_vh_rfs.vhd:173]
INFO: [Synth 8-256] done synthesizing module 'axi_gpio' (8#1) [c:/Projects/Casioproject/Casio/Casio/Casio.srcs/sources_1/bd/Casio_Design/ipshared/475c/hdl/axi_gpio_v2_0_vh_rfs.vhd:1091]
INFO: [Synth 8-256] done synthesizing module 'Casio_Design_axi_gpio_0_0' (9#1) [c:/Projects/Casioproject/Casio/Casio/Casio.srcs/sources_1/bd/Casio_Design/ip/Casio_Design_axi_gpio_0_0/synth/Casio_Design_axi_gpio_0_0.vhd:86]
Finished RTL Elaboration : Time (s): cpu = 00:00:07 ; elapsed = 00:00:09 . Memory (MB): peak = 342.500 ; gain = 133.059
Finished RTL Optimization Phase 1 : Time (s): cpu = 00:00:08 ; elapsed = 00:00:09 . Memory (MB): peak = 342.500 ; gain = 133.059
INFO: [Device 21-403] Loading part xc7z010clg400-1
Constraint Validation Runtime : Time (s): cpu = 00:00:00 ; elapsed = 00:00:00.205 . Memory (MB): peak = 644.195 ; gain = 0.047
Finished Constraint Validation : Time (s): cpu = 00:00:17 ; elapsed = 00:00:19 . Memory (MB): peak = 644.195 ; gain = 434.754
Finished Loading Part and Timing Information : Time (s): cpu = 00:00:17 ; elapsed = 00:00:19 . Memory (MB): peak = 644.195 ; gain = 434.754
Finished applying 'set_property' XDC Constraints : Time (s): cpu = 00:00:17 ; elapsed = 00:00:19 . Memory (MB): peak = 644.195 ; gain = 434.754
Finished RTL Optimization Phase 2 : Time (s): cpu = 00:00:18 ; elapsed = 00:00:20 . Memory (MB): peak = 644.195 ; gain = 434.754
Finished Cross Boundary and Area Optimization : Time (s): cpu = 00:00:18 ; elapsed = 00:00:21 . Memory (MB): peak = 644.195 ; gain = 434.754
Finished Applying XDC Timing Constraints : Time (s): cpu = 00:00:28 ; elapsed = 00:00:31 . Memory (MB): peak = 644.195 ; gain = 434.754
Finished Timing Optimization : Time (s): cpu = 00:00:29 ; elapsed = 00:00:31 . Memory (MB): peak = 644.195 ; gain = 434.754
Finished Technology Mapping : Time (s): cpu = 00:00:29 ; elapsed = 00:00:31 . Memory (MB): peak = 644.195 ; gain = 434.754
Finished IO Insertion : Time (s): cpu = 00:00:29 ; elapsed = 00:00:32 . Memory (MB): peak = 644.195 ; gain = 434.754
Finished Renaming Generated Instances : Time (s): cpu = 00:00:29 ; elapsed = 00:00:32 . Memory (MB): peak = 644.195 ; gain = 434.754
Finished Rebuilding User Hierarchy : Time (s): cpu = 00:00:29 ; elapsed = 00:00:32 . Memory (MB): peak = 644.195 ; gain = 434.754
Finished Renaming Generated Ports : Time (s): cpu = 00:00:29 ; elapsed = 00:00:32 . Memory (MB): peak = 644.195 ; gain = 434.754
Finished Handling Custom Attributes : Time (s): cpu = 00:00:29 ; elapsed = 00:00:32 . Memory (MB): peak = 644.195 ; gain = 434.754
Finished Renaming Generated Nets : Time (s): cpu = 00:00:29 ; elapsed = 00:00:32 . Memory (MB): peak = 644.195 ; gain = 434.754

Report Cell Usage: 
+------+-----+------+
|      |Cell |Count |
+------+-----+------+
|1     |LUT1 |     2|
|2     |LUT2 |    12|
|3     |LUT3 |     6|
|4     |LUT4 |    19|
|5     |LUT5 |    23|
|6     |LUT6 |    36|
|7     |FDR  |    32|
|8     |FDRE |   100|
|9     |FDSE |    12|
+------+-----+------+
Finished Writing Synthesis Report : Time (s): cpu = 00:00:29 ; elapsed = 00:00:32 . Memory (MB): peak = 644.195 ; gain = 434.754
synth_design: Time (s): cpu = 00:00:28 ; elapsed = 00:00:29 . Memory (MB): peak = 644.195 ; gain = 423.043
