
*** Running vivado
    with args -log design_1_wrapper.vdi -applog -m64 -product Vivado -messageDb vivado.pb -mode batch -source design_1_wrapper.tcl -notrace


****** Vivado v2016.3 (64-bit)
  **** SW Build 1682563 on Mon Oct 10 19:07:27 MDT 2016
  **** IP Build 1681267 on Mon Oct 10 21:28:31 MDT 2016
    ** Copyright 1986-2016 Xilinx, Inc. All Rights Reserved.

source design_1_wrapper.tcl -notrace
Design is defaulting to srcset: sources_1
Design is defaulting to constrset: constrs_1
INFO: [Project 1-454] Reading design checkpoint 'c:/Projects/Casioproject/project_1/project_1.srcs/sources_1/bd/design_1/ip/design_1_axi_gpio_0_0/design_1_axi_gpio_0_0.dcp' for cell 'design_1_i/axi_gpio_0'
INFO: [Project 1-454] Reading design checkpoint 'c:/Projects/Casioproject/project_1/project_1.srcs/sources_1/bd/design_1/ip/design_1_axi_gpio_1_0/design_1_axi_gpio_1_0.dcp' for cell 'design_1_i/axi_gpio_1'
INFO: [Project 1-454] Reading design checkpoint 'c:/Projects/Casioproject/project_1/project_1.srcs/sources_1/bd/design_1/ip/design_1_axi_gpio_2_0/design_1_axi_gpio_2_0.dcp' for cell 'design_1_i/axi_gpio_2'
INFO: [Project 1-454] Reading design checkpoint 'c:/Projects/Casioproject/project_1/project_1.srcs/sources_1/bd/design_1/ip/design_1_axi_timer_0_0/design_1_axi_timer_0_0.dcp' for cell 'design_1_i/axi_timer_0'
INFO: [Project 1-454] Reading design checkpoint 'c:/Projects/Casioproject/project_1/project_1.srcs/sources_1/bd/design_1/ip/design_1_processing_system7_0_0/design_1_processing_system7_0_0.dcp' for cell 'design_1_i/processing_system7_0'
INFO: [Project 1-454] Reading design checkpoint 'c:/Projects/Casioproject/project_1/project_1.srcs/sources_1/bd/design_1/ip/design_1_rst_ps7_0_100M_0/design_1_rst_ps7_0_100M_0.dcp' for cell 'design_1_i/rst_ps7_0_100M'
INFO: [Project 1-454] Reading design checkpoint 'c:/Projects/Casioproject/project_1/project_1.srcs/sources_1/bd/design_1/ip/design_1_xlconcat_0_0/design_1_xlconcat_0_0.dcp' for cell 'design_1_i/xlconcat_0'
INFO: [Project 1-454] Reading design checkpoint 'c:/Projects/Casioproject/project_1/project_1.srcs/sources_1/bd/design_1/ip/design_1_xbar_0/design_1_xbar_0.dcp' for cell 'design_1_i/ps7_0_axi_periph/xbar'
INFO: [Project 1-454] Reading design checkpoint 'c:/Projects/Casioproject/project_1/project_1.srcs/sources_1/bd/design_1/ip/design_1_auto_pc_0/design_1_auto_pc_0.dcp' for cell 'design_1_i/ps7_0_axi_periph/s00_couplers/auto_pc'
INFO: [Netlist 29-17] Analyzing 78 Unisim elements for replacement
INFO: [Netlist 29-28] Unisim Transformation completed in 0 CPU seconds
INFO: [Project 1-479] Netlist was created with Vivado 2016.3
INFO: [Device 21-403] Loading part xc7z010clg400-1
INFO: [Project 1-570] Preparing netlist for logic optimization
WARNING: [Constraints 18-550] Could not create 'IOSTANDARD' constraint because net 'design_1_i/axi_gpio_0/gpio_io_i[0]' is not directly connected to top level port. 'IOSTANDARD' is ignored by Vivado but preserved for implementation tool. [C:/Projects/Casioproject/project_1/project_1.runs/impl_1/.Xil/Vivado-3384-Thinkpad/dcp_3/design_1_axi_gpio_0_0.edf:5830]
WARNING: [Constraints 18-550] Could not create 'IOSTANDARD' constraint because net 'design_1_i/axi_gpio_0/gpio_io_i[1]' is not directly connected to top level port. 'IOSTANDARD' is ignored by Vivado but preserved for implementation tool. [C:/Projects/Casioproject/project_1/project_1.runs/impl_1/.Xil/Vivado-3384-Thinkpad/dcp_3/design_1_axi_gpio_0_0.edf:5837]
WARNING: [Constraints 18-550] Could not create 'IOSTANDARD' constraint because net 'design_1_i/axi_gpio_0/gpio_io_i[2]' is not directly connected to top level port. 'IOSTANDARD' is ignored by Vivado but preserved for implementation tool. [C:/Projects/Casioproject/project_1/project_1.runs/impl_1/.Xil/Vivado-3384-Thinkpad/dcp_3/design_1_axi_gpio_0_0.edf:5844]
WARNING: [Constraints 18-550] Could not create 'IOSTANDARD' constraint because net 'design_1_i/axi_gpio_0/gpio_io_i[3]' is not directly connected to top level port. 'IOSTANDARD' is ignored by Vivado but preserved for implementation tool. [C:/Projects/Casioproject/project_1/project_1.runs/impl_1/.Xil/Vivado-3384-Thinkpad/dcp_3/design_1_axi_gpio_0_0.edf:5851]
WARNING: [Constraints 18-550] Could not create 'IOSTANDARD' constraint because net 'design_1_i/axi_gpio_1/gpio_io_t[0]' is not directly connected to top level port. 'IOSTANDARD' is ignored by Vivado but preserved for implementation tool. [C:/Projects/Casioproject/project_1/project_1.runs/impl_1/.Xil/Vivado-3384-Thinkpad/dcp_5/design_1_axi_gpio_1_0.edf:3853]
WARNING: [Constraints 18-550] Could not create 'IOSTANDARD' constraint because net 'design_1_i/axi_gpio_1/gpio_io_t[1]' is not directly connected to top level port. 'IOSTANDARD' is ignored by Vivado but preserved for implementation tool. [C:/Projects/Casioproject/project_1/project_1.runs/impl_1/.Xil/Vivado-3384-Thinkpad/dcp_5/design_1_axi_gpio_1_0.edf:3860]
WARNING: [Constraints 18-550] Could not create 'IOSTANDARD' constraint because net 'design_1_i/axi_gpio_1/gpio_io_t[2]' is not directly connected to top level port. 'IOSTANDARD' is ignored by Vivado but preserved for implementation tool. [C:/Projects/Casioproject/project_1/project_1.runs/impl_1/.Xil/Vivado-3384-Thinkpad/dcp_5/design_1_axi_gpio_1_0.edf:3867]
WARNING: [Constraints 18-550] Could not create 'IOSTANDARD' constraint because net 'design_1_i/axi_gpio_1/gpio_io_t[3]' is not directly connected to top level port. 'IOSTANDARD' is ignored by Vivado but preserved for implementation tool. [C:/Projects/Casioproject/project_1/project_1.runs/impl_1/.Xil/Vivado-3384-Thinkpad/dcp_5/design_1_axi_gpio_1_0.edf:3874]
WARNING: [Constraints 18-550] Could not create 'IOSTANDARD' constraint because net 'design_1_i/axi_gpio_2/gpio_io_i[0]' is not directly connected to top level port. 'IOSTANDARD' is ignored by Vivado but preserved for implementation tool. [C:/Projects/Casioproject/project_1/project_1.runs/impl_1/.Xil/Vivado-3384-Thinkpad/dcp_9/design_1_axi_gpio_2_0.edf:5830]
WARNING: [Constraints 18-550] Could not create 'IOSTANDARD' constraint because net 'design_1_i/axi_gpio_2/gpio_io_i[1]' is not directly connected to top level port. 'IOSTANDARD' is ignored by Vivado but preserved for implementation tool. [C:/Projects/Casioproject/project_1/project_1.runs/impl_1/.Xil/Vivado-3384-Thinkpad/dcp_9/design_1_axi_gpio_2_0.edf:5837]
WARNING: [Constraints 18-550] Could not create 'IOSTANDARD' constraint because net 'design_1_i/axi_gpio_2/gpio_io_i[2]' is not directly connected to top level port. 'IOSTANDARD' is ignored by Vivado but preserved for implementation tool. [C:/Projects/Casioproject/project_1/project_1.runs/impl_1/.Xil/Vivado-3384-Thinkpad/dcp_9/design_1_axi_gpio_2_0.edf:5844]
WARNING: [Constraints 18-550] Could not create 'IOSTANDARD' constraint because net 'design_1_i/axi_gpio_2/gpio_io_i[3]' is not directly connected to top level port. 'IOSTANDARD' is ignored by Vivado but preserved for implementation tool. [C:/Projects/Casioproject/project_1/project_1.runs/impl_1/.Xil/Vivado-3384-Thinkpad/dcp_9/design_1_axi_gpio_2_0.edf:5851]
Parsing XDC File [c:/Projects/Casioproject/project_1/project_1.srcs/sources_1/bd/design_1/ip/design_1_processing_system7_0_0/design_1_processing_system7_0_0.xdc] for cell 'design_1_i/processing_system7_0/inst'
Finished Parsing XDC File [c:/Projects/Casioproject/project_1/project_1.srcs/sources_1/bd/design_1/ip/design_1_processing_system7_0_0/design_1_processing_system7_0_0.xdc] for cell 'design_1_i/processing_system7_0/inst'
Parsing XDC File [c:/Projects/Casioproject/project_1/project_1.srcs/sources_1/bd/design_1/ip/design_1_axi_gpio_0_0/design_1_axi_gpio_0_0_board.xdc] for cell 'design_1_i/axi_gpio_0/U0'
Finished Parsing XDC File [c:/Projects/Casioproject/project_1/project_1.srcs/sources_1/bd/design_1/ip/design_1_axi_gpio_0_0/design_1_axi_gpio_0_0_board.xdc] for cell 'design_1_i/axi_gpio_0/U0'
Parsing XDC File [c:/Projects/Casioproject/project_1/project_1.srcs/sources_1/bd/design_1/ip/design_1_axi_gpio_0_0/design_1_axi_gpio_0_0.xdc] for cell 'design_1_i/axi_gpio_0/U0'
Finished Parsing XDC File [c:/Projects/Casioproject/project_1/project_1.srcs/sources_1/bd/design_1/ip/design_1_axi_gpio_0_0/design_1_axi_gpio_0_0.xdc] for cell 'design_1_i/axi_gpio_0/U0'
Parsing XDC File [c:/Projects/Casioproject/project_1/project_1.srcs/sources_1/bd/design_1/ip/design_1_rst_ps7_0_100M_0/design_1_rst_ps7_0_100M_0_board.xdc] for cell 'design_1_i/rst_ps7_0_100M/U0'
Finished Parsing XDC File [c:/Projects/Casioproject/project_1/project_1.srcs/sources_1/bd/design_1/ip/design_1_rst_ps7_0_100M_0/design_1_rst_ps7_0_100M_0_board.xdc] for cell 'design_1_i/rst_ps7_0_100M/U0'
Parsing XDC File [c:/Projects/Casioproject/project_1/project_1.srcs/sources_1/bd/design_1/ip/design_1_rst_ps7_0_100M_0/design_1_rst_ps7_0_100M_0.xdc] for cell 'design_1_i/rst_ps7_0_100M/U0'
Finished Parsing XDC File [c:/Projects/Casioproject/project_1/project_1.srcs/sources_1/bd/design_1/ip/design_1_rst_ps7_0_100M_0/design_1_rst_ps7_0_100M_0.xdc] for cell 'design_1_i/rst_ps7_0_100M/U0'
Parsing XDC File [c:/Projects/Casioproject/project_1/project_1.srcs/sources_1/bd/design_1/ip/design_1_axi_gpio_1_0/design_1_axi_gpio_1_0_board.xdc] for cell 'design_1_i/axi_gpio_1/U0'
Finished Parsing XDC File [c:/Projects/Casioproject/project_1/project_1.srcs/sources_1/bd/design_1/ip/design_1_axi_gpio_1_0/design_1_axi_gpio_1_0_board.xdc] for cell 'design_1_i/axi_gpio_1/U0'
Parsing XDC File [c:/Projects/Casioproject/project_1/project_1.srcs/sources_1/bd/design_1/ip/design_1_axi_gpio_1_0/design_1_axi_gpio_1_0.xdc] for cell 'design_1_i/axi_gpio_1/U0'
Finished Parsing XDC File [c:/Projects/Casioproject/project_1/project_1.srcs/sources_1/bd/design_1/ip/design_1_axi_gpio_1_0/design_1_axi_gpio_1_0.xdc] for cell 'design_1_i/axi_gpio_1/U0'
Parsing XDC File [c:/Projects/Casioproject/project_1/project_1.srcs/sources_1/bd/design_1/ip/design_1_axi_timer_0_0/design_1_axi_timer_0_0.xdc] for cell 'design_1_i/axi_timer_0/U0'
Finished Parsing XDC File [c:/Projects/Casioproject/project_1/project_1.srcs/sources_1/bd/design_1/ip/design_1_axi_timer_0_0/design_1_axi_timer_0_0.xdc] for cell 'design_1_i/axi_timer_0/U0'
Parsing XDC File [c:/Projects/Casioproject/project_1/project_1.srcs/sources_1/bd/design_1/ip/design_1_axi_gpio_2_0/design_1_axi_gpio_2_0_board.xdc] for cell 'design_1_i/axi_gpio_2/U0'
Finished Parsing XDC File [c:/Projects/Casioproject/project_1/project_1.srcs/sources_1/bd/design_1/ip/design_1_axi_gpio_2_0/design_1_axi_gpio_2_0_board.xdc] for cell 'design_1_i/axi_gpio_2/U0'
Parsing XDC File [c:/Projects/Casioproject/project_1/project_1.srcs/sources_1/bd/design_1/ip/design_1_axi_gpio_2_0/design_1_axi_gpio_2_0.xdc] for cell 'design_1_i/axi_gpio_2/U0'
Finished Parsing XDC File [c:/Projects/Casioproject/project_1/project_1.srcs/sources_1/bd/design_1/ip/design_1_axi_gpio_2_0/design_1_axi_gpio_2_0.xdc] for cell 'design_1_i/axi_gpio_2/U0'
INFO: [Project 1-538] Using original IP XDC constraints instead of the XDC constraints in dcp 'c:/Projects/Casioproject/project_1/project_1.srcs/sources_1/bd/design_1/ip/design_1_processing_system7_0_0/design_1_processing_system7_0_0.dcp'
INFO: [Project 1-538] Using original IP XDC constraints instead of the XDC constraints in dcp 'c:/Projects/Casioproject/project_1/project_1.srcs/sources_1/bd/design_1/ip/design_1_axi_gpio_0_0/design_1_axi_gpio_0_0.dcp'
INFO: [Project 1-538] Using original IP XDC constraints instead of the XDC constraints in dcp 'c:/Projects/Casioproject/project_1/project_1.srcs/sources_1/bd/design_1/ip/design_1_rst_ps7_0_100M_0/design_1_rst_ps7_0_100M_0.dcp'
INFO: [Project 1-538] Using original IP XDC constraints instead of the XDC constraints in dcp 'c:/Projects/Casioproject/project_1/project_1.srcs/sources_1/bd/design_1/ip/design_1_axi_gpio_1_0/design_1_axi_gpio_1_0.dcp'
INFO: [Project 1-538] Using original IP XDC constraints instead of the XDC constraints in dcp 'c:/Projects/Casioproject/project_1/project_1.srcs/sources_1/bd/design_1/ip/design_1_xbar_0/design_1_xbar_0.dcp'
INFO: [Project 1-538] Using original IP XDC constraints instead of the XDC constraints in dcp 'c:/Projects/Casioproject/project_1/project_1.srcs/sources_1/bd/design_1/ip/design_1_axi_timer_0_0/design_1_axi_timer_0_0.dcp'
INFO: [Project 1-538] Using original IP XDC constraints instead of the XDC constraints in dcp 'c:/Projects/Casioproject/project_1/project_1.srcs/sources_1/bd/design_1/ip/design_1_axi_gpio_2_0/design_1_axi_gpio_2_0.dcp'
INFO: [Project 1-538] Using original IP XDC constraints instead of the XDC constraints in dcp 'c:/Projects/Casioproject/project_1/project_1.srcs/sources_1/bd/design_1/ip/design_1_auto_pc_0/design_1_auto_pc_0.dcp'
INFO: [Opt 31-138] Pushed 0 inverter(s) to 0 load pin(s).
INFO: [Project 1-111] Unisim Transformation Summary:
  A total of 4 instances were transformed.
  IOBUF => IOBUF (IBUF, OBUFT): 4 instances

link_design: Time (s): cpu = 00:00:09 ; elapsed = 00:00:10 . Memory (MB): peak = 489.949 ; gain = 279.832
Command: opt_design
Attempting to get a license for feature 'Implementation' and/or device 'xc7z010'
INFO: [Common 17-349] Got license for feature 'Implementation' and/or device 'xc7z010'
Running DRC as a precondition to command opt_design

Starting DRC Task
INFO: [DRC 23-27] Running DRC with 2 threads
INFO: [Project 1-461] DRC finished with 0 Errors
INFO: [Project 1-462] Please refer to the DRC report (report_drc) for more information.

Time (s): cpu = 00:00:01 ; elapsed = 00:00:00.670 . Memory (MB): peak = 502.563 ; gain = 12.613
INFO: [Timing 38-35] Done setting XDC timing constraints.

Starting Logic Optimization Task
Implement Debug Cores | Checksum: 1a39cf7ef

Phase 1 Retarget
INFO: [Opt 31-138] Pushed 0 inverter(s) to 0 load pin(s).
INFO: [Opt 31-49] Retargeted 0 cell(s).
Phase 1 Retarget | Checksum: 1687eb01e

Time (s): cpu = 00:00:01 ; elapsed = 00:00:00.266 . Memory (MB): peak = 989.727 ; gain = 0.004

Phase 2 Constant propagation
INFO: [Opt 31-138] Pushed 0 inverter(s) to 0 load pin(s).
INFO: [Opt 31-10] Eliminated 127 cells.
Phase 2 Constant propagation | Checksum: 209f087c1

Time (s): cpu = 00:00:01 ; elapsed = 00:00:00.668 . Memory (MB): peak = 989.727 ; gain = 0.004

Phase 3 Sweep
INFO: [Opt 31-12] Eliminated 329 unconnected nets.
INFO: [Opt 31-11] Eliminated 221 unconnected cells.
Phase 3 Sweep | Checksum: 1cb5da538

Time (s): cpu = 00:00:02 ; elapsed = 00:00:01 . Memory (MB): peak = 989.727 ; gain = 0.004

Phase 4 BUFG optimization
INFO: [Opt 31-12] Eliminated 0 unconnected nets.
INFO: [Opt 31-11] Eliminated 0 unconnected cells.
Phase 4 BUFG optimization | Checksum: 120613a1a

Time (s): cpu = 00:00:02 ; elapsed = 00:00:02 . Memory (MB): peak = 989.727 ; gain = 0.004

Starting Connectivity Check Task

Time (s): cpu = 00:00:00 ; elapsed = 00:00:00.036 . Memory (MB): peak = 989.727 ; gain = 0.000
Ending Logic Optimization Task | Checksum: 120613a1a

Time (s): cpu = 00:00:02 ; elapsed = 00:00:02 . Memory (MB): peak = 989.727 ; gain = 0.004

Starting Power Optimization Task
INFO: [Pwropt 34-132] Skipping clock gating for clocks with a period < 2.00 ns.
Ending Power Optimization Task | Checksum: 120613a1a

Time (s): cpu = 00:00:01 ; elapsed = 00:00:00.053 . Memory (MB): peak = 989.727 ; gain = 0.000
INFO: [Common 17-83] Releasing license: Implementation
39 Infos, 12 Warnings, 0 Critical Warnings and 0 Errors encountered.
opt_design completed successfully
opt_design: Time (s): cpu = 00:00:16 ; elapsed = 00:00:15 . Memory (MB): peak = 989.727 ; gain = 499.777
Writing placer database...
Writing XDEF routing.
Writing XDEF routing logical nets.
Writing XDEF routing special nets.
Write XDEF Complete: Time (s): cpu = 00:00:00 ; elapsed = 00:00:00.157 . Memory (MB): peak = 989.727 ; gain = 0.000
INFO: [Common 17-1381] The checkpoint 'C:/Projects/Casioproject/project_1/project_1.runs/impl_1/design_1_wrapper_opt.dcp' has been generated.
INFO: [DRC 23-27] Running DRC with 2 threads
INFO: [Coretcl 2-168] The results of DRC are in file C:/Projects/Casioproject/project_1/project_1.runs/impl_1/design_1_wrapper_drc_opted.rpt.
INFO: [Chipscope 16-241] No debug cores found in the current design.
Before running the implement_debug_core command, either use the Set Up Debug wizard (GUI mode)
or use the create_debug_core and connect_debug_core Tcl commands to insert debug cores into the design.
Command: place_design
Attempting to get a license for feature 'Implementation' and/or device 'xc7z010'
INFO: [Common 17-349] Got license for feature 'Implementation' and/or device 'xc7z010'
INFO: [DRC 23-27] Running DRC with 2 threads
INFO: [Vivado_Tcl 4-198] DRC finished with 0 Errors
INFO: [Vivado_Tcl 4-199] Please refer to the DRC report (report_drc) for more information.
Running DRC as a precondition to command place_design
INFO: [DRC 23-27] Running DRC with 2 threads
INFO: [Vivado_Tcl 4-198] DRC finished with 0 Errors
INFO: [Vivado_Tcl 4-199] Please refer to the DRC report (report_drc) for more information.

Starting Placer Task
INFO: [Place 30-611] Multithreading enabled for place_design using a maximum of 2 CPUs

Phase 1 Placer Initialization
Netlist sorting complete. Time (s): cpu = 00:00:00 ; elapsed = 00:00:00.007 . Memory (MB): peak = 989.727 ; gain = 0.000
Netlist sorting complete. Time (s): cpu = 00:00:00 ; elapsed = 00:00:00.007 . Memory (MB): peak = 989.727 ; gain = 0.000

Phase 1.1 IO Placement/ Clock Placement/ Build Placer Device
INFO: [Timing 38-35] Done setting XDC timing constraints.
Phase 1.1 IO Placement/ Clock Placement/ Build Placer Device | Checksum: 9c281528

Time (s): cpu = 00:00:03 ; elapsed = 00:00:02 . Memory (MB): peak = 1007.605 ; gain = 17.879

Phase 1.2 Build Placer Netlist Model
Phase 1.2 Build Placer Netlist Model | Checksum: d060058d

Time (s): cpu = 00:00:04 ; elapsed = 00:00:03 . Memory (MB): peak = 1007.605 ; gain = 17.879

Phase 1.3 Constrain Clocks/Macros
Phase 1.3 Constrain Clocks/Macros | Checksum: d060058d

Time (s): cpu = 00:00:04 ; elapsed = 00:00:03 . Memory (MB): peak = 1007.605 ; gain = 17.879
Phase 1 Placer Initialization | Checksum: d060058d

Time (s): cpu = 00:00:04 ; elapsed = 00:00:03 . Memory (MB): peak = 1007.605 ; gain = 17.879

Phase 2 Global Placement
Phase 2 Global Placement | Checksum: c9a12a8e

Time (s): cpu = 00:00:06 ; elapsed = 00:00:04 . Memory (MB): peak = 1007.605 ; gain = 17.879

Phase 3 Detail Placement

Phase 3.1 Commit Multi Column Macros
Phase 3.1 Commit Multi Column Macros | Checksum: c9a12a8e

Time (s): cpu = 00:00:06 ; elapsed = 00:00:04 . Memory (MB): peak = 1007.605 ; gain = 17.879

Phase 3.2 Commit Most Macros & LUTRAMs
Phase 3.2 Commit Most Macros & LUTRAMs | Checksum: b9558a11

Time (s): cpu = 00:00:07 ; elapsed = 00:00:05 . Memory (MB): peak = 1007.605 ; gain = 17.879

Phase 3.3 Area Swap Optimization
Phase 3.3 Area Swap Optimization | Checksum: 10496c1d2

Time (s): cpu = 00:00:07 ; elapsed = 00:00:05 . Memory (MB): peak = 1007.605 ; gain = 17.879

Phase 3.4 Pipeline Register Optimization
Phase 3.4 Pipeline Register Optimization | Checksum: 10496c1d2

Time (s): cpu = 00:00:07 ; elapsed = 00:00:05 . Memory (MB): peak = 1007.605 ; gain = 17.879

Phase 3.5 Timing Path Optimizer
Phase 3.5 Timing Path Optimizer | Checksum: 12065046c

Time (s): cpu = 00:00:07 ; elapsed = 00:00:05 . Memory (MB): peak = 1007.605 ; gain = 17.879

Phase 3.6 Small Shape Detail Placement
Phase 3.6 Small Shape Detail Placement | Checksum: 164ac0be0

Time (s): cpu = 00:00:08 ; elapsed = 00:00:06 . Memory (MB): peak = 1007.605 ; gain = 17.879

Phase 3.7 Re-assign LUT pins
Phase 3.7 Re-assign LUT pins | Checksum: a36c9836

Time (s): cpu = 00:00:08 ; elapsed = 00:00:06 . Memory (MB): peak = 1007.605 ; gain = 17.879

Phase 3.8 Pipeline Register Optimization
Phase 3.8 Pipeline Register Optimization | Checksum: a36c9836

Time (s): cpu = 00:00:08 ; elapsed = 00:00:06 . Memory (MB): peak = 1007.605 ; gain = 17.879
Phase 3 Detail Placement | Checksum: a36c9836

Time (s): cpu = 00:00:09 ; elapsed = 00:00:06 . Memory (MB): peak = 1007.605 ; gain = 17.879

Phase 4 Post Placement Optimization and Clean-Up

Phase 4.1 Post Commit Optimization
INFO: [Timing 38-35] Done setting XDC timing constraints.

Phase 4.1.1 Post Placement Optimization
INFO: [Place 30-746] Post Placement Timing Summary WNS=3.540. For the most accurate timing information please run report_timing.
Phase 4.1.1 Post Placement Optimization | Checksum: 10d721533

Time (s): cpu = 00:00:09 ; elapsed = 00:00:07 . Memory (MB): peak = 1007.605 ; gain = 17.879
Phase 4.1 Post Commit Optimization | Checksum: 10d721533

Time (s): cpu = 00:00:09 ; elapsed = 00:00:07 . Memory (MB): peak = 1007.605 ; gain = 17.879

Phase 4.2 Post Placement Cleanup
Phase 4.2 Post Placement Cleanup | Checksum: 10d721533

Time (s): cpu = 00:00:09 ; elapsed = 00:00:07 . Memory (MB): peak = 1007.605 ; gain = 17.879

Phase 4.3 Placer Reporting
Phase 4.3 Placer Reporting | Checksum: 10d721533

Time (s): cpu = 00:00:10 ; elapsed = 00:00:07 . Memory (MB): peak = 1007.605 ; gain = 17.879

Phase 4.4 Final Placement Cleanup
Phase 4.4 Final Placement Cleanup | Checksum: 116dd447b

Time (s): cpu = 00:00:10 ; elapsed = 00:00:07 . Memory (MB): peak = 1007.605 ; gain = 17.879
Phase 4 Post Placement Optimization and Clean-Up | Checksum: 116dd447b

Time (s): cpu = 00:00:10 ; elapsed = 00:00:07 . Memory (MB): peak = 1007.605 ; gain = 17.879
Ending Placer Task | Checksum: ae1f28ba

Time (s): cpu = 00:00:10 ; elapsed = 00:00:07 . Memory (MB): peak = 1007.605 ; gain = 17.879
INFO: [Common 17-83] Releasing license: Implementation
55 Infos, 12 Warnings, 0 Critical Warnings and 0 Errors encountered.
place_design completed successfully
place_design: Time (s): cpu = 00:00:13 ; elapsed = 00:00:08 . Memory (MB): peak = 1007.605 ; gain = 17.879
Writing placer database...
Writing XDEF routing.
Writing XDEF routing logical nets.
Writing XDEF routing special nets.
Write XDEF Complete: Time (s): cpu = 00:00:01 ; elapsed = 00:00:00.324 . Memory (MB): peak = 1007.605 ; gain = 0.000
INFO: [Common 17-1381] The checkpoint 'C:/Projects/Casioproject/project_1/project_1.runs/impl_1/design_1_wrapper_placed.dcp' has been generated.
report_io: Time (s): cpu = 00:00:00 ; elapsed = 00:00:00.065 . Memory (MB): peak = 1007.605 ; gain = 0.000
report_utilization: Time (s): cpu = 00:00:00 ; elapsed = 00:00:00.041 . Memory (MB): peak = 1007.605 ; gain = 0.000
report_control_sets: Time (s): cpu = 00:00:00 ; elapsed = 00:00:00.015 . Memory (MB): peak = 1007.605 ; gain = 0.000
Command: route_design
Attempting to get a license for feature 'Implementation' and/or device 'xc7z010'
INFO: [Common 17-349] Got license for feature 'Implementation' and/or device 'xc7z010'
Running DRC as a precondition to command route_design
INFO: [DRC 23-27] Running DRC with 2 threads
INFO: [Vivado_Tcl 4-198] DRC finished with 0 Errors
INFO: [Vivado_Tcl 4-199] Please refer to the DRC report (report_drc) for more information.


Starting Routing Task
INFO: [Route 35-254] Multithreading enabled for route_design using a maximum of 2 CPUs
Checksum: PlaceDB: 4586f1b ConstDB: 0 ShapeSum: a9c6b99f RouteDB: 0

Phase 1 Build RT Design
Phase 1 Build RT Design | Checksum: 1abb94c33

Time (s): cpu = 00:00:19 ; elapsed = 00:00:17 . Memory (MB): peak = 1082.539 ; gain = 74.934

Phase 2 Router Initialization

Phase 2.1 Create Timer
Phase 2.1 Create Timer | Checksum: 1abb94c33

Time (s): cpu = 00:00:19 ; elapsed = 00:00:17 . Memory (MB): peak = 1082.539 ; gain = 74.934

Phase 2.2 Fix Topology Constraints
Phase 2.2 Fix Topology Constraints | Checksum: 1abb94c33

Time (s): cpu = 00:00:19 ; elapsed = 00:00:17 . Memory (MB): peak = 1082.539 ; gain = 74.934

Phase 2.3 Pre Route Cleanup
Phase 2.3 Pre Route Cleanup | Checksum: 1abb94c33

Time (s): cpu = 00:00:19 ; elapsed = 00:00:17 . Memory (MB): peak = 1082.539 ; gain = 74.934
 Number of Nodes with overlaps = 0

Phase 2.4 Update Timing
Phase 2.4 Update Timing | Checksum: 24615deaf

Time (s): cpu = 00:00:20 ; elapsed = 00:00:18 . Memory (MB): peak = 1082.539 ; gain = 74.934
INFO: [Route 35-416] Intermediate Timing Summary | WNS=3.673  | TNS=0.000  | WHS=-0.190 | THS=-23.124|

Phase 2 Router Initialization | Checksum: 199d0e0ce

Time (s): cpu = 00:00:20 ; elapsed = 00:00:18 . Memory (MB): peak = 1082.539 ; gain = 74.934

Phase 3 Initial Routing
Phase 3 Initial Routing | Checksum: 1cc1f948b

Time (s): cpu = 00:00:21 ; elapsed = 00:00:18 . Memory (MB): peak = 1082.539 ; gain = 74.934

Phase 4 Rip-up And Reroute

Phase 4.1 Global Iteration 0
 Number of Nodes with overlaps = 148
 Number of Nodes with overlaps = 7
 Number of Nodes with overlaps = 0

Phase 4.1.1 Update Timing
Phase 4.1.1 Update Timing | Checksum: 24e6a49d2

Time (s): cpu = 00:00:22 ; elapsed = 00:00:19 . Memory (MB): peak = 1082.539 ; gain = 74.934
INFO: [Route 35-416] Intermediate Timing Summary | WNS=3.097  | TNS=0.000  | WHS=N/A    | THS=N/A    |

Phase 4.1 Global Iteration 0 | Checksum: 155ab15a1

Time (s): cpu = 00:00:22 ; elapsed = 00:00:19 . Memory (MB): peak = 1082.539 ; gain = 74.934

Phase 4.2 Global Iteration 1
 Number of Nodes with overlaps = 0

Phase 4.2.1 Update Timing
Phase 4.2.1 Update Timing | Checksum: 25c06c792

Time (s): cpu = 00:00:22 ; elapsed = 00:00:19 . Memory (MB): peak = 1082.539 ; gain = 74.934
INFO: [Route 35-416] Intermediate Timing Summary | WNS=3.097  | TNS=0.000  | WHS=N/A    | THS=N/A    |

Phase 4.2 Global Iteration 1 | Checksum: 22415c31c

Time (s): cpu = 00:00:22 ; elapsed = 00:00:19 . Memory (MB): peak = 1082.539 ; gain = 74.934
Phase 4 Rip-up And Reroute | Checksum: 22415c31c

Time (s): cpu = 00:00:22 ; elapsed = 00:00:19 . Memory (MB): peak = 1082.539 ; gain = 74.934

Phase 5 Delay and Skew Optimization

Phase 5.1 Delay CleanUp
Phase 5.1 Delay CleanUp | Checksum: 22415c31c

Time (s): cpu = 00:00:22 ; elapsed = 00:00:19 . Memory (MB): peak = 1082.539 ; gain = 74.934

Phase 5.2 Clock Skew Optimization
Phase 5.2 Clock Skew Optimization | Checksum: 22415c31c

Time (s): cpu = 00:00:22 ; elapsed = 00:00:19 . Memory (MB): peak = 1082.539 ; gain = 74.934
Phase 5 Delay and Skew Optimization | Checksum: 22415c31c

Time (s): cpu = 00:00:22 ; elapsed = 00:00:19 . Memory (MB): peak = 1082.539 ; gain = 74.934

Phase 6 Post Hold Fix

Phase 6.1 Hold Fix Iter

Phase 6.1.1 Update Timing
Phase 6.1.1 Update Timing | Checksum: 165e3004f

Time (s): cpu = 00:00:23 ; elapsed = 00:00:19 . Memory (MB): peak = 1082.539 ; gain = 74.934
INFO: [Route 35-416] Intermediate Timing Summary | WNS=3.212  | TNS=0.000  | WHS=0.022  | THS=0.000  |

Phase 6.1 Hold Fix Iter | Checksum: 1d29fa341

Time (s): cpu = 00:00:23 ; elapsed = 00:00:19 . Memory (MB): peak = 1082.539 ; gain = 74.934
Phase 6 Post Hold Fix | Checksum: 1d29fa341

Time (s): cpu = 00:00:23 ; elapsed = 00:00:19 . Memory (MB): peak = 1082.539 ; gain = 74.934

Phase 7 Route finalize

Router Utilization Summary
  Global Vertical Routing Utilization    = 0.76647 %
  Global Horizontal Routing Utilization  = 1.06962 %
  Routable Net Status*
  *Does not include unroutable nets such as driverless and loadless.
  Run report_route_status for detailed report.
  Number of Failed Nets               = 0
  Number of Unrouted Nets             = 0
  Number of Partially Routed Nets     = 0
  Number of Node Overlaps             = 0

Phase 7 Route finalize | Checksum: 1712a8058

Time (s): cpu = 00:00:23 ; elapsed = 00:00:19 . Memory (MB): peak = 1082.539 ; gain = 74.934

Phase 8 Verifying routed nets

 Verification completed successfully
Phase 8 Verifying routed nets | Checksum: 1712a8058

Time (s): cpu = 00:00:23 ; elapsed = 00:00:19 . Memory (MB): peak = 1082.539 ; gain = 74.934

Phase 9 Depositing Routes
Phase 9 Depositing Routes | Checksum: 1632c0deb

Time (s): cpu = 00:00:23 ; elapsed = 00:00:20 . Memory (MB): peak = 1082.539 ; gain = 74.934

Phase 10 Post Router Timing
INFO: [Route 35-57] Estimated Timing Summary | WNS=3.212  | TNS=0.000  | WHS=0.022  | THS=0.000  |

INFO: [Route 35-327] The final timing numbers are based on the router estimated timing analysis. For a complete and accurate timing signoff, please run report_timing_summary.
Phase 10 Post Router Timing | Checksum: 1632c0deb

Time (s): cpu = 00:00:23 ; elapsed = 00:00:20 . Memory (MB): peak = 1082.539 ; gain = 74.934
INFO: [Route 35-16] Router Completed Successfully

Time (s): cpu = 00:00:23 ; elapsed = 00:00:20 . Memory (MB): peak = 1082.539 ; gain = 74.934

Routing Is Done.
INFO: [Common 17-83] Releasing license: Implementation
69 Infos, 12 Warnings, 0 Critical Warnings and 0 Errors encountered.
route_design completed successfully
route_design: Time (s): cpu = 00:00:27 ; elapsed = 00:00:22 . Memory (MB): peak = 1082.539 ; gain = 74.934
Writing placer database...
Writing XDEF routing.
Writing XDEF routing logical nets.
Writing XDEF routing special nets.
Write XDEF Complete: Time (s): cpu = 00:00:02 ; elapsed = 00:00:00.400 . Memory (MB): peak = 1082.539 ; gain = 0.000
INFO: [Common 17-1381] The checkpoint 'C:/Projects/Casioproject/project_1/project_1.runs/impl_1/design_1_wrapper_routed.dcp' has been generated.
INFO: [DRC 23-27] Running DRC with 2 threads
INFO: [Coretcl 2-168] The results of DRC are in file C:/Projects/Casioproject/project_1/project_1.runs/impl_1/design_1_wrapper_drc_routed.rpt.
INFO: [Timing 38-35] Done setting XDC timing constraints.
INFO: [DRC 23-133] Running Methodology with 2 threads
INFO: [Coretcl 2-1520] The results of Report Methodology are in file C:/Projects/Casioproject/project_1/project_1.runs/impl_1/design_1_wrapper_methodology_drc_routed.rpt.
INFO: [Timing 38-35] Done setting XDC timing constraints.
INFO: [Timing 38-91] UpdateTimingParams: Speed grade: -1, Delay Type: min_max.
INFO: [Timing 38-191] Multithreading enabled for timing update using a maximum of 2 CPUs
INFO: [Timing 38-35] Done setting XDC timing constraints.
Command: report_power -file design_1_wrapper_power_routed.rpt -pb design_1_wrapper_power_summary_routed.pb -rpx design_1_wrapper_power_routed.rpx
Running Vector-less Activity Propagation...

Finished Running Vector-less Activity Propagation
79 Infos, 12 Warnings, 0 Critical Warnings and 0 Errors encountered.
report_power completed successfully
Command: write_bitstream -force -no_partial_bitfile design_1_wrapper.bit
Attempting to get a license for feature 'Implementation' and/or device 'xc7z010'
INFO: [Common 17-349] Got license for feature 'Implementation' and/or device 'xc7z010'
Running DRC as a precondition to command write_bitstream
INFO: [DRC 23-27] Running DRC with 2 threads
INFO: [Vivado 12-3199] DRC finished with 0 Errors
INFO: [Vivado 12-3200] Please refer to the DRC report (report_drc) for more information.
Loading data files...
Loading site data...
Loading route data...
Processing options...
Creating bitmap...
Creating bitstream...
Writing bitstream ./design_1_wrapper.bit...
INFO: [Vivado 12-1842] Bitgen Completed Successfully.
INFO: [Project 1-120] WebTalk data collection is mandatory when using a WebPACK part without a full Vivado license. To see the specific WebTalk data collected for your design, open the usage_statistics_webtalk.html or usage_statistics_webtalk.xml file in the implementation directory.
INFO: [Common 17-186] 'C:/Projects/Casioproject/project_1/project_1.runs/impl_1/usage_statistics_webtalk.xml' has been successfully sent to Xilinx on Wed Nov 09 18:04:50 2016. For additional details about this file, please refer to the WebTalk help file at C:/Xilinx/Vivado/2016.3/doc/webtalk_introduction.html.
INFO: [Common 17-83] Releasing license: Implementation
87 Infos, 12 Warnings, 0 Critical Warnings and 0 Errors encountered.
write_bitstream completed successfully
write_bitstream: Time (s): cpu = 00:00:19 ; elapsed = 00:00:20 . Memory (MB): peak = 1444.547 ; gain = 333.887
INFO: [Common 17-206] Exiting Vivado at Wed Nov 09 18:04:50 2016...

*** Running vivado
    with args -log design_1_wrapper.vdi -applog -m64 -product Vivado -messageDb vivado.pb -mode batch -source design_1_wrapper.tcl -notrace


****** Vivado v2016.3 (64-bit)
  **** SW Build 1682563 on Mon Oct 10 19:07:27 MDT 2016
  **** IP Build 1681267 on Mon Oct 10 21:28:31 MDT 2016
    ** Copyright 1986-2016 Xilinx, Inc. All Rights Reserved.

source design_1_wrapper.tcl -notrace
Command: open_checkpoint design_1_wrapper_routed.dcp

Starting open_checkpoint Task

Time (s): cpu = 00:00:00 ; elapsed = 00:00:00.023 . Memory (MB): peak = 210.109 ; gain = 0.000
INFO: [Netlist 29-17] Analyzing 78 Unisim elements for replacement
INFO: [Netlist 29-28] Unisim Transformation completed in 0 CPU seconds
INFO: [Project 1-479] Netlist was created with Vivado 2016.3
INFO: [Device 21-403] Loading part xc7z010clg400-1
INFO: [Project 1-570] Preparing netlist for logic optimization
WARNING: [Constraints 18-550] Could not create 'IOSTANDARD' constraint because net 'design_1_i/axi_gpio_0/gpio_io_i[0]' is not directly connected to top level port. 'IOSTANDARD' is ignored by Vivado but preserved for implementation tool. [C:/Projects/Casioproject/project_1/project_1.runs/impl_1/.Xil/Vivado-3384-Thinkpad/dcp_3/design_1_axi_gpio_0_0.edf:5830]
WARNING: [Constraints 18-550] Could not create 'IOSTANDARD' constraint because net 'design_1_i/axi_gpio_0/gpio_io_i[1]' is not directly connected to top level port. 'IOSTANDARD' is ignored by Vivado but preserved for implementation tool. [C:/Projects/Casioproject/project_1/project_1.runs/impl_1/.Xil/Vivado-3384-Thinkpad/dcp_3/design_1_axi_gpio_0_0.edf:5837]
WARNING: [Constraints 18-550] Could not create 'IOSTANDARD' constraint because net 'design_1_i/axi_gpio_0/gpio_io_i[2]' is not directly connected to top level port. 'IOSTANDARD' is ignored by Vivado but preserved for implementation tool. [C:/Projects/Casioproject/project_1/project_1.runs/impl_1/.Xil/Vivado-3384-Thinkpad/dcp_3/design_1_axi_gpio_0_0.edf:5844]
WARNING: [Constraints 18-550] Could not create 'IOSTANDARD' constraint because net 'design_1_i/axi_gpio_0/gpio_io_i[3]' is not directly connected to top level port. 'IOSTANDARD' is ignored by Vivado but preserved for implementation tool. [C:/Projects/Casioproject/project_1/project_1.runs/impl_1/.Xil/Vivado-3384-Thinkpad/dcp_3/design_1_axi_gpio_0_0.edf:5851]
WARNING: [Constraints 18-550] Could not create 'IOSTANDARD' constraint because net 'design_1_i/axi_gpio_1/gpio_io_t[0]' is not directly connected to top level port. 'IOSTANDARD' is ignored by Vivado but preserved for implementation tool. [C:/Projects/Casioproject/project_1/project_1.runs/impl_1/.Xil/Vivado-3384-Thinkpad/dcp_5/design_1_axi_gpio_1_0.edf:3853]
WARNING: [Constraints 18-550] Could not create 'IOSTANDARD' constraint because net 'design_1_i/axi_gpio_1/gpio_io_t[1]' is not directly connected to top level port. 'IOSTANDARD' is ignored by Vivado but preserved for implementation tool. [C:/Projects/Casioproject/project_1/project_1.runs/impl_1/.Xil/Vivado-3384-Thinkpad/dcp_5/design_1_axi_gpio_1_0.edf:3860]
WARNING: [Constraints 18-550] Could not create 'IOSTANDARD' constraint because net 'design_1_i/axi_gpio_1/gpio_io_t[2]' is not directly connected to top level port. 'IOSTANDARD' is ignored by Vivado but preserved for implementation tool. [C:/Projects/Casioproject/project_1/project_1.runs/impl_1/.Xil/Vivado-3384-Thinkpad/dcp_5/design_1_axi_gpio_1_0.edf:3867]
WARNING: [Constraints 18-550] Could not create 'IOSTANDARD' constraint because net 'design_1_i/axi_gpio_1/gpio_io_t[3]' is not directly connected to top level port. 'IOSTANDARD' is ignored by Vivado but preserved for implementation tool. [C:/Projects/Casioproject/project_1/project_1.runs/impl_1/.Xil/Vivado-3384-Thinkpad/dcp_5/design_1_axi_gpio_1_0.edf:3874]
WARNING: [Constraints 18-550] Could not create 'IOSTANDARD' constraint because net 'design_1_i/axi_gpio_2/gpio_io_i[0]' is not directly connected to top level port. 'IOSTANDARD' is ignored by Vivado but preserved for implementation tool. [C:/Projects/Casioproject/project_1/project_1.runs/impl_1/.Xil/Vivado-3384-Thinkpad/dcp_9/design_1_axi_gpio_2_0.edf:5830]
WARNING: [Constraints 18-550] Could not create 'IOSTANDARD' constraint because net 'design_1_i/axi_gpio_2/gpio_io_i[1]' is not directly connected to top level port. 'IOSTANDARD' is ignored by Vivado but preserved for implementation tool. [C:/Projects/Casioproject/project_1/project_1.runs/impl_1/.Xil/Vivado-3384-Thinkpad/dcp_9/design_1_axi_gpio_2_0.edf:5837]
WARNING: [Constraints 18-550] Could not create 'IOSTANDARD' constraint because net 'design_1_i/axi_gpio_2/gpio_io_i[2]' is not directly connected to top level port. 'IOSTANDARD' is ignored by Vivado but preserved for implementation tool. [C:/Projects/Casioproject/project_1/project_1.runs/impl_1/.Xil/Vivado-3384-Thinkpad/dcp_9/design_1_axi_gpio_2_0.edf:5844]
WARNING: [Constraints 18-550] Could not create 'IOSTANDARD' constraint because net 'design_1_i/axi_gpio_2/gpio_io_i[3]' is not directly connected to top level port. 'IOSTANDARD' is ignored by Vivado but preserved for implementation tool. [C:/Projects/Casioproject/project_1/project_1.runs/impl_1/.Xil/Vivado-3384-Thinkpad/dcp_9/design_1_axi_gpio_2_0.edf:5851]
Parsing XDC File [C:/Projects/Casioproject/Casio/project_1/project_1.runs/impl_1/.Xil/Vivado-25460-Thinkpad/dcp/design_1_wrapper_early.xdc]
Finished Parsing XDC File [C:/Projects/Casioproject/Casio/project_1/project_1.runs/impl_1/.Xil/Vivado-25460-Thinkpad/dcp/design_1_wrapper_early.xdc]
Reading XDEF placement.
Reading placer database...
Reading XDEF routing.
Read XDEF File: Time (s): cpu = 00:00:01 ; elapsed = 00:00:00.513 . Memory (MB): peak = 479.770 ; gain = 0.551
Restored from archive | CPU: 1.000000 secs | Memory: 0.000000 MB |
Finished XDEF File Restore: Time (s): cpu = 00:00:01 ; elapsed = 00:00:00.514 . Memory (MB): peak = 479.770 ; gain = 0.551
INFO: [Project 1-111] Unisim Transformation Summary:
  A total of 4 instances were transformed.
  IOBUF => IOBUF (IBUF, OBUFT): 4 instances

INFO: [Project 1-604] Checkpoint was created with Vivado v2016.3 (64-bit) build 1682563
open_checkpoint: Time (s): cpu = 00:00:09 ; elapsed = 00:00:10 . Memory (MB): peak = 479.770 ; gain = 269.660
Command: write_bitstream -force -no_partial_bitfile design_1_wrapper.bit
Attempting to get a license for feature 'Implementation' and/or device 'xc7z010'
INFO: [Common 17-349] Got license for feature 'Implementation' and/or device 'xc7z010'
Running DRC as a precondition to command write_bitstream
INFO: [DRC 23-27] Running DRC with 2 threads
INFO: [Vivado 12-3199] DRC finished with 0 Errors
INFO: [Vivado 12-3200] Please refer to the DRC report (report_drc) for more information.
Loading data files...
Loading site data...
Loading route data...
Processing options...
Creating bitmap...
Creating bitstream...
Writing bitstream ./design_1_wrapper.bit...
INFO: [Vivado 12-1842] Bitgen Completed Successfully.
INFO: [Project 1-120] WebTalk data collection is mandatory when using a WebPACK part without a full Vivado license. To see the specific WebTalk data collected for your design, open the usage_statistics_webtalk.html or usage_statistics_webtalk.xml file in the implementation directory.
INFO: [Common 17-83] Releasing license: Implementation
14 Infos, 12 Warnings, 0 Critical Warnings and 0 Errors encountered.
write_bitstream completed successfully
write_bitstream: Time (s): cpu = 00:00:19 ; elapsed = 00:00:21 . Memory (MB): peak = 839.551 ; gain = 359.781
INFO: [Common 17-206] Exiting Vivado at Tue Nov 15 10:35:24 2016...
