#
# A fatal error has been detected by the Java Runtime Environment:
#
#  EXCEPTION_UNCAUGHT_CXX_EXCEPTION (0xe06d7363) at pc=0x00007ffb48037788, pid=20476, tid=17364
#
# JRE version: Java(TM) SE Runtime Environment (8.0_66-b18) (build 1.8.0_66-b18)
# Java VM: Java HotSpot(TM) 64-Bit Server VM (25.66-b18 mixed mode windows-amd64 compressed oops)
# Problematic frame:
# C  [KERNELBASE.dll+0x17788]
#
# Failed to write core dump. Minidumps are not enabled by default on client versions of Windows
#
# If you would like to submit a bug report, please visit:
#   http://bugreport.java.com/bugreport/crash.jsp
#

---------------  T H R E A D  ---------------

Current thread (0x00000000140d9000):  VMThread [stack: 0x0000000015de0000,0x0000000015ee0000] [id=17364]

siginfo: ExceptionCode=0xe06d7363, ExceptionInformation=0x0000000019930520 0x0000000015edf448 0x00007ffb3cd22cb8 0x00007ffb3cc70000 

Registers:
RAX=0x004c0044002e006c, RBX=0x00007ffb3cd22cb8, RCX=0x000000000000004c, RDX=0x0000000000000000
RSP=0x0000000015edf290, RBP=0x0000000015edf3d0, RSI=0x00000000ffffffff, RDI=0x00000000006ad820
R8 =0x0000000000000000, R9 =0x0000000000000000, R10=0x0000000000000000, R11=0x0000000000000000
R12=0x0000000000000001, R13=0x0000000000000008, R14=0x0000000000000000, R15=0xffffffffffffffff
RIP=0x00007ffb48037788, EFLAGS=0x0000000000000202

Top of Stack: (sp=0x0000000015edf290)
0x0000000015edf290:   0000000000000000 00007ffb3cd22cb8
0x0000000015edf2a0:   00000000ffffffff 00000000006ad820
0x0000000015edf2b0:   00000001e06d7363 0000000000000000
0x0000000015edf2c0:   00007ffb48037788 0000000000000004
0x0000000015edf2d0:   0000000019930520 0000000015edf448
0x0000000015edf2e0:   00007ffb3cd22cb8 00007ffb3cc70000
0x0000000015edf2f0:   0000000000000008 0000000000000001
0x0000000015edf300:   00000000006ad820 00000000ffffffff
0x0000000015edf310:   0000000015edf3d0 00007ffb4ae6b02f
0x0000000015edf320:   0000000015edf3e0 0000000000000000
0x0000000015edf330:   0000051f0a8f0f8a 0000000000000001
0x0000000015edf340:   00007ffb3cd39000 00007ffb3cc70000
0x0000000015edf350:   00000b0d11562ea6 000000000000003f
0x0000000015edf360:   00007ffb3cd22cb8 00007ffb3ccce92c
0x0000000015edf370:   000000000000001f 0000000000000008
0x0000000015edf380:   0000000000000001 00000000006ad820 

Instructions: (pc=0x00007ffb48037788)
0x00007ffb48037768:   49 8b d1 44 0f 47 c0 44 89 44 24 38 49 c1 e0 03
0x00007ffb48037778:   e8 57 54 06 00 48 8d 4c 24 20 ff 15 a0 08 13 00
0x00007ffb48037788:   48 8b 8c 24 c0 00 00 00 48 33 cc e8 e8 19 06 00
0x00007ffb48037798:   48 81 c4 d8 00 00 00 c3 83 64 24 38 00 eb d6 cc 


Register to memory mapping:

RAX=0x004c0044002e006c is an unknown value
RBX=0x00007ffb3cd22cb8 is an unknown value
RCX=0x000000000000004c is an unknown value
RDX=0x0000000000000000 is an unknown value
RSP=0x0000000015edf290 is an unknown value
RBP=0x0000000015edf3d0 is an unknown value
RSI=0x00000000ffffffff is an unallocated location in the heap
RDI=0x00000000006ad820 is an unknown value
R8 =0x0000000000000000 is an unknown value
R9 =0x0000000000000000 is an unknown value
R10=0x0000000000000000 is an unknown value
R11=0x0000000000000000 is an unknown value
R12=0x0000000000000001 is an unknown value
R13=0x0000000000000008 is an unknown value
R14=0x0000000000000000 is an unknown value
R15=0xffffffffffffffff is an unknown value


Stack: [0x0000000015de0000,0x0000000015ee0000],  sp=0x0000000015edf290,  free space=1020k
Native frames: (J=compiled Java code, j=interpreted, Vv=VM code, C=native code)
C  [KERNELBASE.dll+0x17788]
C  [MSVCR110.dll+0x5e92c]
C  [MSVCR110.dll+0x1315c]
C  [MSVCR110.dll+0x136a9]
C  [MSVCR110.dll+0x13e9c]
C  [MSVCR110.dll+0x239e]
C  [MSVCR110.dll+0xaf9e]
C  [MSVCP110.dll+0x397b9]
C  [librdi_common.dll+0x183a66]
C  [librdi_common.dll+0x1826fb]
C  [librdi_target_manager.dll+0x2400]
C  [librdi_target_manager.dll+0x2682]
C  [ntdll.dll+0x29d9f]
C  [ntdll.dll+0x806b]
C  [ntdll.dll+0x7d94]
C  [KERNEL32.DLL+0x1ce6a]
C  [MSVCR100.dll+0x20ccd]
V  [jvm.dll+0x210cc5]
V  [jvm.dll+0x249897]
V  [jvm.dll+0x248b36]
V  [jvm.dll+0x248fd1]
V  [jvm.dll+0x2491ee]
V  [jvm.dll+0x29a0fa]
C  [MSVCR100.dll+0x21d9f]
C  [MSVCR100.dll+0x21e3b]
C  [KERNEL32.DLL+0x8364]
C  [ntdll.dll+0x65e91]

VM_Operation (0x000000000014f4c0): Exit, mode: safepoint, requested by thread 0x0000000002772800


---------------  P R O C E S S  ---------------

Java Threads: ( => current thread )
  0x0000000021cec000 JavaThread "Spawner Reaper" daemon [_thread_in_native, id=15616, stack(0x0000000047080000,0x0000000047180000)]
  0x000000001d571800 JavaThread "pool-2-thread-6" [_thread_blocked, id=3052, stack(0x000000003e880000,0x000000003e980000)]
  0x000000001d56e800 JavaThread "pool-2-thread-5" [_thread_blocked, id=9804, stack(0x000000003bc80000,0x000000003bd80000)]
  0x000000001d56d800 JavaThread "pool-2-thread-4" [_thread_blocked, id=1260, stack(0x000000003ab80000,0x000000003ac80000)]
  0x000000001d56f000 JavaThread "pool-2-thread-3" [_thread_blocked, id=19052, stack(0x0000000039980000,0x0000000039a80000)]
  0x0000000021cf2800 JavaThread "pool-2-thread-2" [_thread_blocked, id=24148, stack(0x0000000034d80000,0x0000000034e80000)]
  0x000000001b83a800 JavaThread "pool-2-thread-1" [_thread_blocked, id=16400, stack(0x0000000033580000,0x0000000033680000)]
  0x000000001b841800 JavaThread "Thread-73" daemon [_thread_blocked, id=16776, stack(0x0000000033380000,0x0000000033480000)]
  0x000000001b845000 JavaThread "TCF Channel Transmitter" daemon [_thread_blocked, id=23992, stack(0x0000000029330000,0x0000000029430000)]
  0x000000001b844800 JavaThread "TCF Channel Receiver" daemon [_thread_in_native, id=23224, stack(0x0000000029230000,0x0000000029330000)]
  0x000000001b849000 JavaThread "Process monitor" daemon [_thread_in_native, id=24472, stack(0x0000000026e10000,0x0000000026f10000)]
  0x000000001b846000 JavaThread "Input Stream Monitor" daemon [_thread_blocked, id=21736, stack(0x0000000026d10000,0x0000000026e10000)]
  0x000000001b848000 JavaThread "Output Stream Monitor" daemon [_thread_in_native, id=22172, stack(0x0000000026c10000,0x0000000026d10000)]
  0x000000001b843800 JavaThread "Output Stream Monitor" daemon [_thread_in_native, id=18964, stack(0x0000000026b10000,0x0000000026c10000)]
  0x000000001b83b800 JavaThread "TCF Locator DNS Lookup" daemon [_thread_blocked, id=25284, stack(0x00000000254f0000,0x00000000255f0000)]
  0x000000001b83e800 JavaThread "TCF Locator Timer" daemon [_thread_blocked, id=19340, stack(0x00000000253f0000,0x00000000254f0000)]
  0x0000000018d73800 JavaThread "TCF Locator Receiver" daemon [_thread_in_native, id=24000, stack(0x00000000252f0000,0x00000000253f0000)]
  0x0000000018d71800 JavaThread "TCF Timer Dispatcher" daemon [_thread_blocked, id=22288, stack(0x0000000024ad0000,0x0000000024bd0000)]
  0x0000000017ed1800 JavaThread "EMF Reference Cleaner" daemon [_thread_blocked, id=13344, stack(0x000000001a4a0000,0x000000001a5a0000)]
  0x0000000016229800 JavaThread "Service Thread" daemon [_thread_blocked, id=17048, stack(0x0000000016bd0000,0x0000000016cd0000)]
  0x00000000161fe000 JavaThread "C1 CompilerThread3" daemon [_thread_blocked, id=2188, stack(0x0000000016ad0000,0x0000000016bd0000)]
  0x00000000161fa800 JavaThread "C2 CompilerThread2" daemon [_thread_blocked, id=23144, stack(0x00000000169d0000,0x0000000016ad0000)]
  0x00000000161f9800 JavaThread "C2 CompilerThread1" daemon [_thread_blocked, id=23728, stack(0x00000000168d0000,0x00000000169d0000)]
  0x0000000016208800 JavaThread "C2 CompilerThread0" daemon [_thread_blocked, id=20796, stack(0x00000000167d0000,0x00000000168d0000)]
  0x0000000016207000 JavaThread "Attach Listener" daemon [_thread_blocked, id=19800, stack(0x00000000166d0000,0x00000000167d0000)]
  0x0000000016202800 JavaThread "Signal Dispatcher" daemon [_thread_blocked, id=14912, stack(0x00000000165d0000,0x00000000166d0000)]
  0x000000000286a800 JavaThread "Finalizer" daemon [_thread_blocked, id=12096, stack(0x0000000015fe0000,0x00000000160e0000)]
  0x00000000140dd800 JavaThread "Reference Handler" daemon [_thread_blocked, id=20564, stack(0x0000000015ee0000,0x0000000015fe0000)]
  0x0000000002772800 JavaThread "main" [_thread_blocked, id=23072, stack(0x0000000000050000,0x0000000000150000)]

Other Threads:
=>0x00000000140d9000 VMThread [stack: 0x0000000015de0000,0x0000000015ee0000] [id=17364]

VM state:at safepoint (shutting down)

VM Mutex/Monitor currently owned by a thread:  ([mutex/lock_event])
[0x000000000291deb0] Threads_lock - owner thread: 0x00000000140d9000

Heap:
 PSYoungGen      total 60928K, used 48441K [0x00000000f5580000, 0x00000000fa680000, 0x0000000100000000)
  eden space 57344K, 78% used [0x00000000f5580000,0x00000000f8196348,0x00000000f8d80000)
  from space 3584K, 91% used [0x00000000f8e80000,0x00000000f91b8498,0x00000000f9200000)
  to   space 12800K, 0% used [0x00000000f9a00000,0x00000000f9a00000,0x00000000fa680000)
 ParOldGen       total 117760K, used 61110K [0x00000000e0000000, 0x00000000e7300000, 0x00000000f5580000)
  object space 117760K, 51% used [0x00000000e0000000,0x00000000e3bad960,0x00000000e7300000)
 Metaspace       used 104384K, capacity 111962K, committed 112280K, reserved 1146880K
  class space    used 12577K, capacity 14907K, committed 15016K, reserved 1048576K

Card table byte_map: [0x0000000011ce0000,0x0000000011df0000] byte_map_base: 0x00000000115e0000

Marking Bits: (ParMarkBitMap*) 0x000000006de8a5b0
 Begin Bits: [0x00000000125f0000, 0x0000000012df0000)
 End Bits:   [0x0000000012df0000, 0x00000000135f0000)

Polling page: 0x00000000005a0000

CodeCache: size=245760Kb used=54183Kb max_used=54443Kb free=191576Kb
 bounds [0x0000000002920000, 0x0000000005eb0000, 0x0000000011920000]
 total_blobs=15482 nmethods=14571 adapters=817
 compilation: enabled

Compilation events (10 events):
Event: 7081.731 Thread 0x00000000161fe000 nmethod 18715 0x00000000053b9010 code [0x00000000053b9180, 0x00000000053b9308]
Event: 7081.731 Thread 0x00000000161fe000 18723   !   3       org.eclipse.osgi.storage.BundleInfo$Generation::clearManifestCache (30 bytes)
Event: 7081.732 Thread 0x00000000161fe000 nmethod 18723 0x00000000049e8b10 code [0x00000000049e8ca0, 0x00000000049e92e8]
Event: 7081.732 Thread 0x00000000161fe000 18721   !   3       org.eclipse.osgi.container.ModuleDatabase::getRevisionsTimestamp (25 bytes)
Event: 7081.733 Thread 0x00000000161fe000 nmethod 18721 0x000000000540d390 code [0x000000000540d5a0, 0x000000000540e2d8]
Event: 7081.733 Thread 0x00000000161fe000 18716       3       org.eclipse.osgi.container.ModuleWiring::invalidate0 (52 bytes)
Event: 7081.734 Thread 0x00000000161fe000 nmethod 18716 0x000000000379ebd0 code [0x000000000379ed80, 0x000000000379f728]
Event: 7081.734 Thread 0x00000000161fe000 18717       3       org.eclipse.osgi.internal.container.AtomicLazyInitializer::getAndClear (9 bytes)
Event: 7081.735 Thread 0x00000000161fe000 nmethod 18717 0x000000000379e750 code [0x000000000379e8c0, 0x000000000379eb10]
Event: 7081.735 Thread 0x00000000161fe000 18718       3       java.util.concurrent.atomic.AtomicReference::getAndSet (12 bytes)

GC Heap History (10 events):
Event: 6775.369 GC heap before
{Heap before GC invocations=75 (full 23):
 PSYoungGen      total 67584K, used 67219K [0x00000000f5580000, 0x00000000fa880000, 0x0000000100000000)
  eden space 60416K, 99% used [0x00000000f5580000,0x00000000f90696e0,0x00000000f9080000)
  from space 7168K, 96% used [0x00000000f9180000,0x00000000f983b738,0x00000000f9880000)
  to   space 12288K, 0% used [0x00000000f9c80000,0x00000000f9c80000,0x00000000fa880000)
 ParOldGen       total 117760K, used 59963K [0x00000000e0000000, 0x00000000e7300000, 0x00000000f5580000)
  object space 117760K, 50% used [0x00000000e0000000,0x00000000e3a8eee0,0x00000000e7300000)
 Metaspace       used 103407K, capacity 110910K, committed 111128K, reserved 1144832K
  class space    used 12470K, capacity 14775K, committed 14888K, reserved 1048576K
Event: 6775.378 GC heap after
Heap after GC invocations=75 (full 23):
 PSYoungGen      total 71680K, used 8180K [0x00000000f5580000, 0x00000000fa880000, 0x0000000100000000)
  eden space 59392K, 0% used [0x00000000f5580000,0x00000000f5580000,0x00000000f8f80000)
  from space 12288K, 66% used [0x00000000f9c80000,0x00000000fa47d2c0,0x00000000fa880000)
  to   space 12800K, 0% used [0x00000000f8f80000,0x00000000f8f80000,0x00000000f9c00000)
 ParOldGen       total 117760K, used 59971K [0x00000000e0000000, 0x00000000e7300000, 0x00000000f5580000)
  object space 117760K, 50% used [0x00000000e0000000,0x00000000e3a90ee0,0x00000000e7300000)
 Metaspace       used 103407K, capacity 110910K, committed 111128K, reserved 1144832K
  class space    used 12470K, capacity 14775K, committed 14888K, reserved 1048576K
}
Event: 6775.380 GC heap before
{Heap before GC invocations=76 (full 23):
 PSYoungGen      total 71680K, used 9106K [0x00000000f5580000, 0x00000000fa880000, 0x0000000100000000)
  eden space 59392K, 1% used [0x00000000f5580000,0x00000000f5667590,0x00000000f8f80000)
  from space 12288K, 66% used [0x00000000f9c80000,0x00000000fa47d2c0,0x00000000fa880000)
  to   space 12800K, 0% used [0x00000000f8f80000,0x00000000f8f80000,0x00000000f9c00000)
 ParOldGen       total 117760K, used 59971K [0x00000000e0000000, 0x00000000e7300000, 0x00000000f5580000)
  object space 117760K, 50% used [0x00000000e0000000,0x00000000e3a90ee0,0x00000000e7300000)
 Metaspace       used 103407K, capacity 110910K, committed 111128K, reserved 1144832K
  class space    used 12470K, capacity 14775K, committed 14888K, reserved 1048576K
Event: 6775.387 GC heap after
Heap after GC invocations=76 (full 23):
 PSYoungGen      total 72192K, used 8215K [0x00000000f5580000, 0x00000000fa880000, 0x0000000100000000)
  eden space 59392K, 0% used [0x00000000f5580000,0x00000000f5580000,0x00000000f8f80000)
  from space 12800K, 64% used [0x00000000f8f80000,0x00000000f9785ec0,0x00000000f9c00000)
  to   space 12800K, 0% used [0x00000000f9c00000,0x00000000f9c00000,0x00000000fa880000)
 ParOldGen       total 117760K, used 59979K [0x00000000e0000000, 0x00000000e7300000, 0x00000000f5580000)
  object space 117760K, 50% used [0x00000000e0000000,0x00000000e3a92ee0,0x00000000e7300000)
 Metaspace       used 103407K, capacity 110910K, committed 111128K, reserved 1144832K
  class space    used 12470K, capacity 14775K, committed 14888K, reserved 1048576K
}
Event: 6775.388 GC heap before
{Heap before GC invocations=77 (full 24):
 PSYoungGen      total 72192K, used 8215K [0x00000000f5580000, 0x00000000fa880000, 0x0000000100000000)
  eden space 59392K, 0% used [0x00000000f5580000,0x00000000f5580000,0x00000000f8f80000)
  from space 12800K, 64% used [0x00000000f8f80000,0x00000000f9785ec0,0x00000000f9c00000)
  to   space 12800K, 0% used [0x00000000f9c00000,0x00000000f9c00000,0x00000000fa880000)
 ParOldGen       total 117760K, used 59979K [0x00000000e0000000, 0x00000000e7300000, 0x00000000f5580000)
  object space 117760K, 50% used [0x00000000e0000000,0x00000000e3a92ee0,0x00000000e7300000)
 Metaspace       used 103407K, capacity 110910K, committed 111128K, reserved 1144832K
  class space    used 12470K, capacity 14775K, committed 14888K, reserved 1048576K
Event: 6775.761 GC heap after
Heap after GC invocations=77 (full 24):
 PSYoungGen      total 72192K, used 0K [0x00000000f5580000, 0x00000000fa880000, 0x0000000100000000)
  eden space 59392K, 0% used [0x00000000f5580000,0x00000000f5580000,0x00000000f8f80000)
  from space 12800K, 0% used [0x00000000f8f80000,0x00000000f8f80000,0x00000000f9c00000)
  to   space 12800K, 0% used [0x00000000f9c00000,0x00000000f9c00000,0x00000000fa880000)
 ParOldGen       total 117760K, used 61094K [0x00000000e0000000, 0x00000000e7300000, 0x00000000f5580000)
  object space 117760K, 51% used [0x00000000e0000000,0x00000000e3ba9960,0x00000000e7300000)
 Metaspace       used 103388K, capacity 110880K, committed 111128K, reserved 1144832K
  class space    used 12467K, capacity 14770K, committed 14888K, reserved 1048576K
}
Event: 6950.810 GC heap before
{Heap before GC invocations=78 (full 24):
 PSYoungGen      total 72192K, used 59392K [0x00000000f5580000, 0x00000000fa880000, 0x0000000100000000)
  eden space 59392K, 100% used [0x00000000f5580000,0x00000000f8f80000,0x00000000f8f80000)
  from space 12800K, 0% used [0x00000000f8f80000,0x00000000f8f80000,0x00000000f9c00000)
  to   space 12800K, 0% used [0x00000000f9c00000,0x00000000f9c00000,0x00000000fa880000)
 ParOldGen       total 117760K, used 61094K [0x00000000e0000000, 0x00000000e7300000, 0x00000000f5580000)
  object space 117760K, 51% used [0x00000000e0000000,0x00000000e3ba9960,0x00000000e7300000)
 Metaspace       used 103445K, capacity 110944K, committed 111384K, reserved 1146880K
  class space    used 12468K, capacity 14770K, committed 14888K, reserved 1048576K
Event: 6950.815 GC heap after
Heap after GC invocations=78 (full 24):
 PSYoungGen      total 70144K, used 2846K [0x00000000f5580000, 0x00000000fa780000, 0x0000000100000000)
  eden space 58368K, 0% used [0x00000000f5580000,0x00000000f5580000,0x00000000f8e80000)
  from space 11776K, 24% used [0x00000000f9c00000,0x00000000f9ec78d0,0x00000000fa780000)
  to   space 12800K, 0% used [0x00000000f8e80000,0x00000000f8e80000,0x00000000f9b00000)
 ParOldGen       total 117760K, used 61102K [0x00000000e0000000, 0x00000000e7300000, 0x00000000f5580000)
  object space 117760K, 51% used [0x00000000e0000000,0x00000000e3bab960,0x00000000e7300000)
 Metaspace       used 103445K, capacity 110944K, committed 111384K, reserved 1146880K
  class space    used 12468K, capacity 14770K, committed 14888K, reserved 1048576K
}
Event: 7067.081 GC heap before
{Heap before GC invocations=79 (full 24):
 PSYoungGen      total 70144K, used 61214K [0x00000000f5580000, 0x00000000fa780000, 0x0000000100000000)
  eden space 58368K, 100% used [0x00000000f5580000,0x00000000f8e80000,0x00000000f8e80000)
  from space 11776K, 24% used [0x00000000f9c00000,0x00000000f9ec78d0,0x00000000fa780000)
  to   space 12800K, 0% used [0x00000000f8e80000,0x00000000f8e80000,0x00000000f9b00000)
 ParOldGen       total 117760K, used 61102K [0x00000000e0000000, 0x00000000e7300000, 0x00000000f5580000)
  object space 117760K, 51% used [0x00000000e0000000,0x00000000e3bab960,0x00000000e7300000)
 Metaspace       used 103761K, capacity 111206K, committed 111640K, reserved 1146880K
  class space    used 12508K, capacity 14771K, committed 14888K, reserved 1048576K
Event: 7067.088 GC heap after
Heap after GC invocations=79 (full 24):
 PSYoungGen      total 60928K, used 3297K [0x00000000f5580000, 0x00000000fa680000, 0x0000000100000000)
  eden space 57344K, 0% used [0x00000000f5580000,0x00000000f5580000,0x00000000f8d80000)
  from space 3584K, 91% used [0x00000000f8e80000,0x00000000f91b8498,0x00000000f9200000)
  to   space 12800K, 0% used [0x00000000f9a00000,0x00000000f9a00000,0x00000000fa680000)
 ParOldGen       total 117760K, used 61110K [0x00000000e0000000, 0x00000000e7300000, 0x00000000f5580000)
  object space 117760K, 51% used [0x00000000e0000000,0x00000000e3bad960,0x00000000e7300000)
 Metaspace       used 103761K, capacity 111206K, committed 111640K, reserved 1146880K
  class space    used 12508K, capacity 14771K, committed 14888K, reserved 1048576K
}

Deoptimization events (10 events):
Event: 7081.614 Thread 0x0000000021cee000 Uncommon trap: reason=unstable_if action=reinterpret pc=0x0000000003796fb0 method=org.eclipse.osgi.internal.hooks.EclipseLazyStarter.shouldActivateFor(Ljava/lang/String;Lorg/eclipse/osgi/container/Module;Lorg/eclipse/osgi/container/ModuleRevision;Lorg/ecli¡!-”¦©»@
Event: 7081.651 Thread 0x0000000021cee000 Uncommon trap: reason=null_check action=maybe_recompile pc=0x0000000004c7439c method=com.xilinx.sdk.targetmanager.internal.json.XMDJSONProcess.issueCommand(Ljava/lang/String;)Lcom/xilinx/sdk/targetmanager/internal/IXMDResult; @ 3
Event: 7081.700 Thread 0x0000000018d76800 Uncommon trap: reason=unstable_if action=reinterpret pc=0x000000000509ec38 method=org.eclipse.core.internal.jobs.JobManager.nextJob()Lorg/eclipse/core/runtime/jobs/Job; @ 80
Event: 7081.700 Thread 0x0000000018d76800 Uncommon trap: reason=unstable_if action=reinterpret pc=0x00000000059cf418 method=org.eclipse.core.internal.jobs.WorkerPool.startJob(Lorg/eclipse/core/internal/jobs/Worker;)Lorg/eclipse/core/internal/jobs/InternalJob; @ 177
Event: 7081.700 Thread 0x000000001d576800 Uncommon trap: reason=unstable_if action=reinterpret pc=0x000000000509ec38 method=org.eclipse.core.internal.jobs.JobManager.nextJob()Lorg/eclipse/core/runtime/jobs/Job; @ 80
Event: 7081.700 Thread 0x000000001d576800 Uncommon trap: reason=unstable_if action=reinterpret pc=0x00000000059cf418 method=org.eclipse.core.internal.jobs.WorkerPool.startJob(Lorg/eclipse/core/internal/jobs/Worker;)Lorg/eclipse/core/internal/jobs/InternalJob; @ 177
Event: 7081.700 Thread 0x000000001d570000 Uncommon trap: reason=unstable_if action=reinterpret pc=0x00000000059cf418 method=org.eclipse.core.internal.jobs.WorkerPool.startJob(Lorg/eclipse/core/internal/jobs/Worker;)Lorg/eclipse/core/internal/jobs/InternalJob; @ 177
Event: 7081.700 Thread 0x000000001d572000 Uncommon trap: reason=unstable_if action=reinterpret pc=0x00000000059cf418 method=org.eclipse.core.internal.jobs.WorkerPool.startJob(Lorg/eclipse/core/internal/jobs/Worker;)Lorg/eclipse/core/internal/jobs/InternalJob; @ 177
Event: 7081.700 Thread 0x0000000021cef800 Uncommon trap: reason=unstable_if action=reinterpret pc=0x00000000059cf418 method=org.eclipse.core.internal.jobs.WorkerPool.startJob(Lorg/eclipse/core/internal/jobs/Worker;)Lorg/eclipse/core/internal/jobs/InternalJob; @ 177
Event: 7081.722 Thread 0x0000000021cee000 Uncommon trap: reason=unstable_if action=reinterpret pc=0x0000000003e12cd8 method=sun.reflect.UnsafeStaticObjectFieldAccessorImpl.set(Ljava/lang/Object;Ljava/lang/Object;)V @ 13

Internal exceptions (10 events):
Event: 7081.026 Thread 0x000000001b83c000 Exception <a 'java/lang/InterruptedException'> (0x00000000f7c0eb08) thrown at [C:\re\workspace\8-2-build-windows-amd64-cygwin\jdk8u66\5298\hotspot\src\share\vm\runtime\objectMonitor.cpp, line 1683]
Event: 7081.049 Thread 0x0000000017acd000 Implicit null exception at 0x0000000005e96062 to 0x0000000005e961b5
Event: 7081.651 Thread 0x0000000021cee000 Implicit null exception at 0x0000000004c73744 to 0x0000000004c7438d
Event: 7081.651 Thread 0x0000000021cee000 Exception <a 'java/lang/NullPointerException'> (0x00000000f7e88700) thrown at [C:\re\workspace\8-2-build-windows-amd64-cygwin\jdk8u66\5298\hotspot\src\share\vm\prims\jvm.cpp, line 1390]
Event: 7081.699 Thread 0x0000000018d70800 Exception <a 'java/lang/InterruptedException'> (0x00000000f780cfc8) thrown at [C:\re\workspace\8-2-build-windows-amd64-cygwin\jdk8u66\5298\hotspot\src\share\vm\runtime\objectMonitor.cpp, line 1683]
Event: 7081.722 Thread 0x0000000021cee000 Implicit null exception at 0x0000000003e128d7 to 0x0000000003e12cc5
Event: 7081.723 Thread 0x0000000017acd000 Exception <a 'java/lang/InterruptedException'> (0x00000000f7fc0f00) thrown at [C:\re\workspace\8-2-build-windows-amd64-cygwin\jdk8u66\5298\hotspot\src\share\vm\runtime\objectMonitor.cpp, line 1683]
Event: 7081.728 Thread 0x0000000018d75000 Exception <a 'java/lang/InterruptedException'> (0x00000000f5c95568) thrown at [C:\re\workspace\8-2-build-windows-amd64-cygwin\jdk8u66\5298\hotspot\src\share\vm\runtime\objectMonitor.cpp, line 1683]
Event: 7081.729 Thread 0x0000000017aca800 Exception <a 'java/lang/InterruptedException'> (0x00000000f8148558) thrown at [C:\re\workspace\8-2-build-windows-amd64-cygwin\jdk8u66\5298\hotspot\src\share\vm\runtime\objectMonitor.cpp, line 1683]
Event: 7081.734 Thread 0x0000000021ced000 Exception <a 'java/io/IOException'> (0x00000000f81832f8) thrown at [C:\re\workspace\8-2-build-windows-amd64-cygwin\jdk8u66\5298\hotspot\src\share\vm\prims\jni.cpp, line 709]

Events (10 events):
Event: 7081.732 loading class java/util/IdentityHashMap$IdentityHashMapIterator
Event: 7081.733 loading class java/util/IdentityHashMap$IdentityHashMapIterator done
Event: 7081.733 loading class java/util/IdentityHashMap$KeyIterator done
Event: 7081.733 Thread 0x0000000021ced000 Thread added: 0x0000000021ced000
Event: 7081.733 Executing VM operation: RevokeBias
Event: 7081.733 Executing VM operation: RevokeBias done
Event: 7081.733 Executing VM operation: RevokeBias
Event: 7081.734 Executing VM operation: RevokeBias done
Event: 7081.734 Thread 0x0000000021ced000 Thread exited: 0x0000000021ced000
Event: 7081.735 Executing VM operation: Exit


Dynamic libraries:
0x0000000000400000 - 0x000000000044f000 	C:\Xilinx\SDK\2016.3\eclipse\win64.o\eclipse.exe
0x00007ffb4ae20000 - 0x00007ffb4aff1000 	C:\WINDOWS\SYSTEM32\ntdll.dll
0x00007ffb49690000 - 0x00007ffb4973b000 	C:\WINDOWS\System32\KERNEL32.DLL
0x00007ffb48020000 - 0x00007ffb4823d000 	C:\WINDOWS\System32\KERNELBASE.dll
0x00007ffb49370000 - 0x00007ffb494d5000 	C:\WINDOWS\System32\USER32.dll
0x00007ffb48290000 - 0x00007ffb482ae000 	C:\WINDOWS\System32\win32u.dll
0x00007ffb48820000 - 0x00007ffb48854000 	C:\WINDOWS\System32\GDI32.dll
0x00007ffb47690000 - 0x00007ffb47812000 	C:\WINDOWS\System32\gdi32full.dll
0x00007ffb483b0000 - 0x00007ffb4844e000 	C:\WINDOWS\System32\msvcrt.dll
0x00007ffb3e9b0000 - 0x00007ffb3ec2a000 	C:\WINDOWS\WinSxS\amd64_microsoft.windows.common-controls_6595b64144ccf1df_6.0.14393.351_none_4213128bc687e6d3\COMCTL32.dll
0x00007ffb48550000 - 0x00007ffb48817000 	C:\WINDOWS\System32\combase.dll
0x00007ffb47590000 - 0x00007ffb47685000 	C:\WINDOWS\System32\ucrtbase.dll
0x00007ffb48cf0000 - 0x00007ffb48e11000 	C:\WINDOWS\System32\RPCRT4.dll
0x00007ffb47820000 - 0x00007ffb4788a000 	C:\WINDOWS\System32\bcryptPrimitives.dll
0x00007ffb49340000 - 0x00007ffb4936e000 	C:\WINDOWS\System32\IMM32.DLL
0x0000000072000000 - 0x0000000072012000 	C:\Xilinx\SDK\2016.3\eclipse\win64.o\plugins\org.eclipse.equinox.launcher.win32.win32.x86_64_1.1.300.v20150602-1417\eclipse_1611.dll
0x00007ffb48e80000 - 0x00007ffb48f22000 	C:\WINDOWS\System32\ADVAPI32.dll
0x00007ffb4ac50000 - 0x00007ffb4aca9000 	C:\WINDOWS\System32\sechost.dll
0x00007ffb3fcf0000 - 0x00007ffb3fcfa000 	C:\WINDOWS\SYSTEM32\VERSION.dll
0x00007ffb45910000 - 0x00007ffb459a5000 	C:\WINDOWS\system32\uxtheme.dll
0x00007ffb490f0000 - 0x00007ffb4924b000 	C:\WINDOWS\System32\MSCTF.dll
0x00007ffb4acc0000 - 0x00007ffb4ad7f000 	C:\WINDOWS\System32\OLEAUT32.dll
0x00007ffb482b0000 - 0x00007ffb4834c000 	C:\WINDOWS\System32\msvcp_win.dll
0x000000006d680000 - 0x000000006df09000 	C:\Xilinx\SDK\2016.3\tps\win64\jre\bin\server\jvm.dll
0x00007ffb494e0000 - 0x00007ffb494e8000 	C:\WINDOWS\System32\PSAPI.DLL
0x00007ffb2ff10000 - 0x00007ffb2ff19000 	C:\WINDOWS\SYSTEM32\WSOCK32.dll
0x00007ffb45600000 - 0x00007ffb45623000 	C:\WINDOWS\SYSTEM32\WINMM.dll
0x0000000074cd0000 - 0x0000000074da2000 	C:\WINDOWS\SYSTEM32\MSVCR100.dll
0x00007ffb49070000 - 0x00007ffb490da000 	C:\WINDOWS\System32\WS2_32.dll
0x00007ffb455d0000 - 0x00007ffb455fb000 	C:\WINDOWS\SYSTEM32\WINMMBASE.dll
0x00007ffb48240000 - 0x00007ffb48282000 	C:\WINDOWS\System32\cfgmgr32.dll
0x000000006d540000 - 0x000000006d54f000 	C:\Xilinx\SDK\2016.3\tps\win64\jre\bin\verify.dll
0x000000006d510000 - 0x000000006d539000 	C:\Xilinx\SDK\2016.3\tps\win64\jre\bin\java.dll
0x000000006d4f0000 - 0x000000006d506000 	C:\Xilinx\SDK\2016.3\tps\win64\jre\bin\zip.dll
0x00007ffb49740000 - 0x00007ffb4ac49000 	C:\WINDOWS\System32\SHELL32.dll
0x00007ffb47890000 - 0x00007ffb47f6a000 	C:\WINDOWS\System32\windows.storage.dll
0x00007ffb472c0000 - 0x00007ffb4730c000 	C:\WINDOWS\System32\powrprof.dll
0x00007ffb492e0000 - 0x00007ffb49332000 	C:\WINDOWS\System32\shlwapi.dll
0x00007ffb47280000 - 0x00007ffb4728f000 	C:\WINDOWS\System32\kernel.appcore.dll
0x00007ffb47310000 - 0x00007ffb473b9000 	C:\WINDOWS\System32\shcore.dll
0x00007ffb472a0000 - 0x00007ffb472b4000 	C:\WINDOWS\System32\profapi.dll
0x00007ffb46d50000 - 0x00007ffb46d67000 	C:\WINDOWS\SYSTEM32\CRYPTSP.dll
0x00007ffb467c0000 - 0x00007ffb467f3000 	C:\WINDOWS\system32\rsaenh.dll
0x00007ffb46e60000 - 0x00007ffb46e8b000 	C:\WINDOWS\SYSTEM32\bcrypt.dll
0x00007ffb46a30000 - 0x00007ffb46a4f000 	C:\WINDOWS\SYSTEM32\USERENV.dll
0x00007ffb46d70000 - 0x00007ffb46d7b000 	C:\WINDOWS\SYSTEM32\CRYPTBASE.dll
0x000000006d4d0000 - 0x000000006d4ea000 	C:\Xilinx\SDK\2016.3\tps\win64\jre\bin\net.dll
0x00007ffb46bb0000 - 0x00007ffb46c0c000 	C:\WINDOWS\system32\mswsock.dll
0x00007ffb46940000 - 0x00007ffb46978000 	C:\WINDOWS\SYSTEM32\IPHLPAPI.DLL
0x00007ffb490e0000 - 0x00007ffb490e8000 	C:\WINDOWS\System32\NSI.dll
0x00007ffb42d30000 - 0x00007ffb42d46000 	C:\WINDOWS\SYSTEM32\dhcpcsvc6.DLL
0x00007ffb42d10000 - 0x00007ffb42d2a000 	C:\WINDOWS\SYSTEM32\dhcpcsvc.DLL
0x000000006d4b0000 - 0x000000006d4c1000 	C:\Xilinx\SDK\2016.3\tps\win64\jre\bin\nio.dll
0x00007ffb2a4a0000 - 0x00007ffb2a4b6000 	C:\WINDOWS\system32\napinsp.dll
0x00007ffb2a480000 - 0x00007ffb2a49a000 	C:\WINDOWS\system32\pnrpnsp.dll
0x00007ffb42710000 - 0x00007ffb42728000 	C:\WINDOWS\system32\NLAapi.dll
0x00007ffb46980000 - 0x00007ffb46a20000 	C:\WINDOWS\SYSTEM32\DNSAPI.dll
0x00007ffb2a470000 - 0x00007ffb2a47e000 	C:\WINDOWS\System32\winrnr.dll
0x00007ffb42620000 - 0x00007ffb42635000 	C:\WINDOWS\System32\wshbth.dll
0x00007ffb3d500000 - 0x00007ffb3d50a000 	C:\Windows\System32\rasadhlp.dll
0x00007ffb3dea0000 - 0x00007ffb3df0a000 	C:\WINDOWS\System32\fwpuclnt.dll
0x000000001a1a0000 - 0x000000001a248000 	C:\Users\Jesper Kirial\.Xilinx\SDK\2016.3\org.eclipse.osgi\319\0\.cp\swt-win32-4527.dll
0x00007ffb48f30000 - 0x00007ffb49067000 	C:\WINDOWS\System32\ole32.dll
0x00007ffb48450000 - 0x00007ffb4854a000 	C:\WINDOWS\System32\comdlg32.dll
0x00007ffb473c0000 - 0x00007ffb47589000 	C:\WINDOWS\System32\CRYPT32.dll
0x00007ffb42d90000 - 0x00007ffb42e15000 	C:\WINDOWS\SYSTEM32\WINSPOOL.DRV
0x00007ffb44140000 - 0x00007ffb44159000 	C:\WINDOWS\SYSTEM32\USP10.dll
0x00007ffb47290000 - 0x00007ffb472a0000 	C:\WINDOWS\System32\MSASN1.dll
0x00007ffb35100000 - 0x00007ffb35393000 	C:\WINDOWS\SYSTEM32\WININET.dll
0x00007ffb450b0000 - 0x00007ffb450d6000 	C:\WINDOWS\system32\dwmapi.dll
0x00007ffb44f20000 - 0x00007ffb450a5000 	C:\WINDOWS\SYSTEM32\propsys.dll
0x00007ffb4ad80000 - 0x00007ffb4ae1f000 	C:\WINDOWS\System32\clbcatq.dll
0x00000000028d0000 - 0x00000000028ee000 	C:\Users\Jesper Kirial\.Xilinx\SDK\2016.3\org.eclipse.osgi\319\0\.cp\swt-gdip-win32-4527.dll
0x00007ffb3fb50000 - 0x00007ffb3fcea000 	C:\WINDOWS\WinSxS\amd64_microsoft.windows.gdiplus_6595b64144ccf1df_1.1.14393.321_none_72fe05dd211a5fae\gdiplus.dll
0x00007ffb44d30000 - 0x00007ffb44ed8000 	C:\WINDOWS\SYSTEM32\WindowsCodecs.dll
0x0000000180000000 - 0x0000000180012000 	C:\Users\Jesper Kirial\.Xilinx\SDK\2016.3\org.eclipse.osgi\133\0\.cp\os\win32\x86_64\localfile_1_0_0.dll
0x00007ffb3f9b0000 - 0x00007ffb3fa15000 	C:\WINDOWS\SYSTEM32\oleacc.dll
0x00007ffb3fa80000 - 0x00007ffb3fa87000 	C:\WINDOWS\SYSTEM32\msimg32.dll
0x00007ffb31e50000 - 0x00007ffb31e61000 	C:\Users\Jesper Kirial\.Xilinx\SDK\2016.3\org.eclipse.osgi\136\0\.cp\jWinHttp-1.0.0.dll
0x00007ffb43820000 - 0x00007ffb438ed000 	C:\WINDOWS\SYSTEM32\WINHTTP.dll
0x00007ffb3a580000 - 0x00007ffb3a58f000 	C:\Xilinx\SDK\2016.3\lib\win64.o\librdi_repo_manager.dll
0x00007ffb2a830000 - 0x00007ffb2a85a000 	C:\Xilinx\SDK\2016.3\lib\win64.o\libisl_sysinfo.dll
0x00007ffacf9c0000 - 0x00007ffad0469000 	C:\Xilinx\SDK\2016.3\lib\win64.o\librdi_common.dll
0x00007ffb14ee0000 - 0x00007ffb150d8000 	C:\Xilinx\SDK\2016.3\lib\win64.o\librdi_hsm.dll
0x00007ffb3c660000 - 0x00007ffb3c707000 	C:\WINDOWS\SYSTEM32\MSVCP110.dll
0x00007ffb1fed0000 - 0x00007ffb1ff23000 	C:\Xilinx\SDK\2016.3\lib\win64.o\librdi_commonxillic.dll
0x00007ffb3cc70000 - 0x00007ffb3cd44000 	C:\WINDOWS\SYSTEM32\MSVCR110.dll
0x00007ffb0fca0000 - 0x00007ffb0febf000 	C:\Xilinx\SDK\2016.3\lib\win64.o\libXil_lmgr11.dll
0x00007ffb48350000 - 0x00007ffb483a5000 	C:\WINDOWS\System32\WINTRUST.dll
0x00007ffb24d10000 - 0x00007ffb24d34000 	C:\Xilinx\SDK\2016.3\lib\win64.o\libboost_filesystem.dll
0x00007ffb31e40000 - 0x00007ffb31e50000 	C:\Xilinx\SDK\2016.3\lib\win64.o\libboost_date_time.dll
0x00007ffb033b0000 - 0x00007ffb0371e000 	C:\Xilinx\SDK\2016.3\lib\win64.o\libCOIN-all.dll
0x00007ffb1a430000 - 0x00007ffb1a4a7000 	C:\Xilinx\SDK\2016.3\lib\win64.o\libboost_program_options.dll
0x00007ffb179b0000 - 0x00007ffb17ab6000 	C:\Xilinx\SDK\2016.3\lib\win64.o\libboost_regex.dll
0x00007ffb2a450000 - 0x00007ffb2a463000 	C:\Xilinx\SDK\2016.3\lib\win64.o\libboost_signals.dll
0x00007ffb21b00000 - 0x00007ffb21b1d000 	C:\Xilinx\SDK\2016.3\lib\win64.o\libboost_thread.dll
0x00007ffb2b8d0000 - 0x00007ffb2b8db000 	C:\Xilinx\SDK\2016.3\lib\win64.o\libboost_xilinx.dll
0x00007ffb15330000 - 0x00007ffb153b0000 	C:\Xilinx\SDK\2016.3\lib\win64.o\libhdlpsolve.dll
0x00007ffb13240000 - 0x00007ffb132da000 	C:\Xilinx\SDK\2016.3\lib\win64.o\libhdxml.dll
0x00007ffb21a50000 - 0x00007ffb21a65000 	C:\Xilinx\SDK\2016.3\lib\win64.o\pthreadVC2.dll
0x00007ffb11b80000 - 0x00007ffb11cb0000 	C:\Xilinx\SDK\2016.3\lib\win64.o\librdi_curl.dll
0x00007ffb21390000 - 0x00007ffb213a8000 	C:\Xilinx\SDK\2016.3\lib\win64.o\librdiconfig.dll
0x00007ffb20340000 - 0x00007ffb20363000 	C:\Xilinx\SDK\2016.3\lib\win64.o\librdizlib.dll
0x000000006d550000 - 0x000000006d677000 	C:\Xilinx\SDK\2016.3\lib\win64.o\tcl85t.dll
0x00007ffb311a0000 - 0x00007ffb31362000 	C:\WINDOWS\SYSTEM32\urlmon.dll
0x00000000264f0000 - 0x0000000026753000 	C:\Xilinx\SDK\2016.3\lib\win64.o\xerces-c_3_1.dll
0x00007ffb27230000 - 0x00007ffb27253000 	C:\WINDOWS\SYSTEM32\VCOMP110.DLL
0x00007ffb2b5b0000 - 0x00007ffb2b5b9000 	C:\Xilinx\SDK\2016.3\lib\win64.o\libboost_system.dll
0x00007ffb1e590000 - 0x00007ffb1e5d3000 	C:\Xilinx\SDK\2016.3\lib\win64.o\librdi_hdf.dll
0x00007ffb030e0000 - 0x00007ffb033a6000 	C:\Xilinx\SDK\2016.3\lib\win64.o\librdi_ippcw.dll
0x00007ffb39730000 - 0x00007ffb39748000 	C:\WINDOWS\SYSTEM32\NETAPI32.dll
0x00007ffb2b1d0000 - 0x00007ffb2b1db000 	C:\Xilinx\SDK\2016.3\lib\win64.o\libboost_chrono.dll
0x00007ffb37ef0000 - 0x00007ffb38192000 	C:\WINDOWS\SYSTEM32\iertutil.dll
0x00007ffacf5f0000 - 0x00007ffacf9b9000 	C:\Xilinx\SDK\2016.3\lib\win64.o\libisl_iostreams.dll
0x00007ffb20ec0000 - 0x00007ffb20ed6000 	C:\Xilinx\SDK\2016.3\lib\win64.o\libboost_iostreams.dll
0x00007ffb1fba0000 - 0x00007ffb1fbc3000 	C:\Xilinx\SDK\2016.3\lib\win64.o\libisl_iosutils.dll
0x00007ffb25180000 - 0x00007ffb251c2000 	C:\WINDOWS\SYSTEM32\edputil.dll
0x000000001dd30000 - 0x000000001dd62000 	C:\Program Files\Lenovo\Lenovo Mouse Suite\pelscrll.dll
0x00007ffb3a590000 - 0x00007ffb3a5a1000 	C:\Program Files\Lenovo\Lenovo Mouse Suite\PELCOMM.dll
0x00007ffb25c00000 - 0x00007ffb25c16000 	C:\Program Files\Lenovo\Lenovo Mouse Suite\PELHOOKS.dll
0x00007ffb2a780000 - 0x00007ffb2a796000 	C:\Xilinx\SDK\2016.3\eclipse\win64.o\plugins\org.eclipse.cdt.core.win32.x86_64_5.4.0.201509131935\os\win32\x86_64\spawner.dll
0x00007ffb441e0000 - 0x00007ffb441ea000 	C:\Xilinx\SDK\2016.3\lib\win64.o\librdi_jtag_settings.dll
0x00007ffb1ecb0000 - 0x00007ffb1ecd9000 	C:\Xilinx\SDK\2016.3\lib\win64.o\librdi_debug_dialog.dll
0x00007ffb44170000 - 0x00007ffb44178000 	C:\Xilinx\SDK\2016.3\lib\win64.o\librdi_target_manager.dll
0x0000000071080000 - 0x00000000710a6000 	C:\Xilinx\SDK\2016.3\eclipse\win64.o\plugins\gnu.io.rxtx.win32.x86_64_2.1.7.3_v20071015\os\win32\x86_64\rxtxSerial.dll
0x00007ffb1c730000 - 0x00007ffb1c74b000 	C:\Xilinx\SDK\2016.3\eclipse\win64.o\plugins\org.eclipse.cdt.core.win32.x86_64_5.4.0.201509131935\os\win32\x86_64\pty.dll
0x00007ffac81e0000 - 0x00007ffac89f0000 	C:\Xilinx\SDK\2016.3\lib\win64.o\libXil_lmgr11FNP.dll
0x00007ffb48860000 - 0x00007ffb48c89000 	C:\WINDOWS\System32\SETUPAPI.dll

VM Arguments:
jvm_args: -Dcom.xilinx.sdk.args.hwspec=C:/Projects/Casioproject/Casio/Casio.sdk/Casio_wrapper.hdf -Xms64m -Xmx512m & 
java_command: <unknown>
java_class_path (initial): C:\Xilinx\SDK\2016.3\eclipse\win64.o\\plugins/org.eclipse.equinox.launcher_1.3.100.v20150511-1540.jar
Launcher Type: generic

Environment Variables:
USERNAME=Jesper Kirial
OS=Windows_NT
PROCESSOR_IDENTIFIER=Intel64 Family 6 Model 94 Stepping 3, GenuineIntel



---------------  S Y S T E M  ---------------

OS: Windows 10.0 , 64 bit Build 14393 (10.0.14393.0)

CPU:total 8 (4 cores per cpu, 2 threads per core) family 6 model 94 stepping 3, cmov, cx8, fxsr, mmx, sse, sse2, sse3, ssse3, sse4.1, sse4.2, popcnt, avx, avx2, aes, clmul, erms, rtm, 3dnowpref, lzcnt, ht, tsc, tscinvbit, bmi1, bmi2, adx

Memory: 4k page, physical 16639056k(6687828k free), swap 19129424k(3765192k free)

vm_info: Java HotSpot(TM) 64-Bit Server VM (25.66-b18) for windows-amd64 JRE (1.8.0_66-b18), built on Nov  9 2015 10:51:13 by "java_re" with MS VC++ 10.0 (VS2010)

time: Wed Nov 02 21:15:03 2016
elapsed time: 7082 seconds (0d 1h 58m 2s)

