#
# A fatal error has been detected by the Java Runtime Environment:
#
#  EXCEPTION_UNCAUGHT_CXX_EXCEPTION (0xe06d7363) at pc=0x00007ffb48037788, pid=16776, tid=13172
#
# JRE version: Java(TM) SE Runtime Environment (8.0_66-b18) (build 1.8.0_66-b18)
# Java VM: Java HotSpot(TM) 64-Bit Server VM (25.66-b18 mixed mode windows-amd64 compressed oops)
# Problematic frame:
# C  [KERNELBASE.dll+0x17788]
#
# Failed to write core dump. Minidumps are not enabled by default on client versions of Windows
#
# If you would like to submit a bug report, please visit:
#   http://bugreport.java.com/bugreport/crash.jsp
#

---------------  T H R E A D  ---------------

Current thread (0x0000000013ff9800):  VMThread [stack: 0x0000000015cf0000,0x0000000015df0000] [id=13172]

siginfo: ExceptionCode=0xe06d7363, ExceptionInformation=0x0000000019930520 0x0000000015def648 0x00007ffb3cd22cb8 0x00007ffb3cc70000 

Registers:
RAX=0x004c0044002e006c, RBX=0x00007ffb3cd22cb8, RCX=0x000000000000004c, RDX=0x0000000000000000
RSP=0x0000000015def490, RBP=0x0000000015def5d0, RSI=0x00000000ffffffff, RDI=0x0000000026fb92e0
R8 =0x0000000000000000, R9 =0x0000000000000000, R10=0x0000000000000000, R11=0x0000000000000000
R12=0x0000000000000001, R13=0x0000000000000008, R14=0x0000000000000000, R15=0xffffffffffffffff
RIP=0x00007ffb48037788, EFLAGS=0x0000000000000206

Top of Stack: (sp=0x0000000015def490)
0x0000000015def490:   0000000000000000 00007ffb3cd22cb8
0x0000000015def4a0:   00000000ffffffff 0000000026fb92e0
0x0000000015def4b0:   00000001e06d7363 0000000000000000
0x0000000015def4c0:   00007ffb48037788 0000000000000004
0x0000000015def4d0:   0000000019930520 0000000015def648
0x0000000015def4e0:   00007ffb3cd22cb8 00007ffb3cc70000
0x0000000015def4f0:   0000000000000008 0000000000000001
0x0000000015def500:   0000000026fb92e0 00000000ffffffff
0x0000000015def510:   0000000015def5d0 00007ffb4ae6b02f
0x0000000015def520:   0000000015def5e0 0000000000000000
0x0000000015def530:   0000a1cc63f5ef63 0000000000000001
0x0000000015def540:   00007ffb3cd39000 00007ffb3cc70000
0x0000000015def550:   00004e44fb6b6771 000000000000003f
0x0000000015def560:   00007ffb3cd22cb8 00007ffb3ccce92c
0x0000000015def570:   000000000000001f 0000000000000008
0x0000000015def580:   0000000000000001 0000000026fb92e0 

Instructions: (pc=0x00007ffb48037788)
0x00007ffb48037768:   49 8b d1 44 0f 47 c0 44 89 44 24 38 49 c1 e0 03
0x00007ffb48037778:   e8 57 54 06 00 48 8d 4c 24 20 ff 15 a0 08 13 00
0x00007ffb48037788:   48 8b 8c 24 c0 00 00 00 48 33 cc e8 e8 19 06 00
0x00007ffb48037798:   48 81 c4 d8 00 00 00 c3 83 64 24 38 00 eb d6 cc 


Register to memory mapping:

RAX=0x004c0044002e006c is an unknown value
RBX=0x00007ffb3cd22cb8 is an unknown value
RCX=0x000000000000004c is an unknown value
RDX=0x0000000000000000 is an unknown value
RSP=0x0000000015def490 is an unknown value
RBP=0x0000000015def5d0 is an unknown value
RSI=0x00000000ffffffff is an unallocated location in the heap
RDI=0x0000000026fb92e0 is an unknown value
R8 =0x0000000000000000 is an unknown value
R9 =0x0000000000000000 is an unknown value
R10=0x0000000000000000 is an unknown value
R11=0x0000000000000000 is an unknown value
R12=0x0000000000000001 is an unknown value
R13=0x0000000000000008 is an unknown value
R14=0x0000000000000000 is an unknown value
R15=0xffffffffffffffff is an unknown value


Stack: [0x0000000015cf0000,0x0000000015df0000],  sp=0x0000000015def490,  free space=1021k
Native frames: (J=compiled Java code, j=interpreted, Vv=VM code, C=native code)
C  [KERNELBASE.dll+0x17788]
C  [MSVCR110.dll+0x5e92c]
C  [MSVCR110.dll+0x1315c]
C  [MSVCR110.dll+0x136a9]
C  [MSVCR110.dll+0x13e9c]
C  [MSVCR110.dll+0x239e]
C  [MSVCR110.dll+0xaf9e]
C  [MSVCP110.dll+0x397b9]
C  [librdi_common.dll+0x183a66]
C  [librdi_common.dll+0x1826fb]
C  0x00007ffb441e2400
C  0x00007ffb441e2682
C  [ntdll.dll+0x29d9f]
C  [ntdll.dll+0x806b]
C  [ntdll.dll+0x7d94]
C  [KERNEL32.DLL+0x1ce6a]
C  [MSVCR100.dll+0x20ccd]
V  [jvm.dll+0x210cc5]
V  [jvm.dll+0x249897]
V  [jvm.dll+0x248b36]
V  [jvm.dll+0x248fd1]
V  [jvm.dll+0x2491ee]
V  [jvm.dll+0x29a0fa]
C  [MSVCR100.dll+0x21d9f]
C  [MSVCR100.dll+0x21e3b]
C  [KERNEL32.DLL+0x8364]
C  [ntdll.dll+0x65e91]

VM_Operation (0x000000000014f4c0): Exit, mode: safepoint, requested by thread 0x0000000002692800


---------------  P R O C E S S  ---------------

Java Threads: ( => current thread )
  0x000000001bea4800 JavaThread "Spawner Reaper" daemon [_thread_in_native, id=14580, stack(0x0000000043c40000,0x0000000043d40000)]
  0x0000000017a43800 JavaThread "Thread-132" daemon [_thread_blocked, id=23288, stack(0x0000000039940000,0x0000000039a40000)]
  0x000000001a30f000 JavaThread "TCF Channel Transmitter" daemon [_thread_blocked, id=2812, stack(0x000000002bff0000,0x000000002c0f0000)]
  0x000000001a316000 JavaThread "TCF Channel Receiver" daemon [_thread_in_native, id=10288, stack(0x000000002bef0000,0x000000002bff0000)]
  0x000000001a313800 JavaThread "Process monitor" daemon [_thread_in_native, id=3796, stack(0x000000002ade0000,0x000000002aee0000)]
  0x000000001a310800 JavaThread "Input Stream Monitor" daemon [_thread_blocked, id=11248, stack(0x000000002ace0000,0x000000002ade0000)]
  0x000000001a30c000 JavaThread "Output Stream Monitor" daemon [_thread_in_native, id=15032, stack(0x000000002abe0000,0x000000002ace0000)]
  0x000000001a312000 JavaThread "Output Stream Monitor" daemon [_thread_in_native, id=12928, stack(0x000000002aae0000,0x000000002abe0000)]
  0x0000000017a50000 JavaThread "TCF Locator DNS Lookup" daemon [_thread_blocked, id=19792, stack(0x0000000023de0000,0x0000000023ee0000)]
  0x0000000017a4f000 JavaThread "TCF Locator Timer" daemon [_thread_blocked, id=20536, stack(0x0000000023ce0000,0x0000000023de0000)]
  0x0000000017a4b000 JavaThread "TCF Locator Receiver" daemon [_thread_in_native, id=25072, stack(0x0000000023be0000,0x0000000023ce0000)]
  0x0000000017a4d800 JavaThread "TCF Timer Dispatcher" daemon [_thread_blocked, id=22736, stack(0x00000000239e0000,0x0000000023ae0000)]
  0x00000000171fb800 JavaThread "EMF Reference Cleaner" daemon [_thread_blocked, id=15784, stack(0x000000001a3b0000,0x000000001a4b0000)]
  0x00000000161aa000 JavaThread "Service Thread" daemon [_thread_blocked, id=24504, stack(0x0000000016ae0000,0x0000000016be0000)]
  0x000000001611c000 JavaThread "C1 CompilerThread3" daemon [_thread_blocked, id=7240, stack(0x00000000169e0000,0x0000000016ae0000)]
  0x000000001610c000 JavaThread "C2 CompilerThread2" daemon [_thread_blocked, id=15336, stack(0x00000000168e0000,0x00000000169e0000)]
  0x0000000016119800 JavaThread "C2 CompilerThread1" daemon [_thread_blocked, id=19928, stack(0x00000000167e0000,0x00000000168e0000)]
  0x0000000016118800 JavaThread "C2 CompilerThread0" daemon [_thread_blocked, id=25304, stack(0x00000000166e0000,0x00000000167e0000)]
  0x0000000016117000 JavaThread "Attach Listener" daemon [_thread_blocked, id=23020, stack(0x00000000165e0000,0x00000000166e0000)]
  0x000000000278a800 JavaThread "Finalizer" daemon [_thread_blocked, id=9840, stack(0x0000000015ef0000,0x0000000015ff0000)]
  0x0000000002784000 JavaThread "Reference Handler" daemon [_thread_blocked, id=23984, stack(0x0000000015df0000,0x0000000015ef0000)]
  0x0000000002692800 JavaThread "main" [_thread_blocked, id=25260, stack(0x0000000000050000,0x0000000000150000)]

Other Threads:
=>0x0000000013ff9800 VMThread [stack: 0x0000000015cf0000,0x0000000015df0000] [id=13172]

VM state:at safepoint (shutting down)

VM Mutex/Monitor currently owned by a thread:  ([mutex/lock_event])
[0x000000000213d8b0] Threads_lock - owner thread: 0x0000000013ff9800

Heap:
 PSYoungGen      total 120320K, used 16531K [0x00000000f5580000, 0x00000000fea00000, 0x0000000100000000)
  eden space 95744K, 13% used [0x00000000f5580000,0x00000000f627c3f8,0x00000000fb300000)
  from space 24576K, 13% used [0x00000000fd200000,0x00000000fd528ab8,0x00000000fea00000)
  to   space 28160K, 0% used [0x00000000fb300000,0x00000000fb300000,0x00000000fce80000)
 ParOldGen       total 95232K, used 61857K [0x00000000e0000000, 0x00000000e5d00000, 0x00000000f5580000)
  object space 95232K, 64% used [0x00000000e0000000,0x00000000e3c68618,0x00000000e5d00000)
 Metaspace       used 98622K, capacity 105934K, committed 106200K, reserved 1140736K
  class space    used 11740K, capacity 14068K, committed 14080K, reserved 1048576K

Card table byte_map: [0x0000000011b50000,0x0000000011c60000] byte_map_base: 0x0000000011450000

Marking Bits: (ParMarkBitMap*) 0x000000006de8a5b0
 Begin Bits: [0x0000000012510000, 0x0000000012d10000)
 End Bits:   [0x0000000012d10000, 0x0000000013510000)

Polling page: 0x0000000000490000

CodeCache: size=245760Kb used=50035Kb max_used=50548Kb free=195724Kb
 bounds [0x0000000002790000, 0x0000000005950000, 0x0000000011790000]
 total_blobs=14448 nmethods=13535 adapters=818
 compilation: enabled

Compilation events (10 events):
Event: 1322.120 Thread 0x000000001610c000 nmethod 17250 0x0000000003440450 code [0x0000000003440780, 0x0000000003443858]
Event: 1322.123 Thread 0x000000001610c000 17252   !   4       org.eclipse.osgi.internal.framework.EquinoxEventPublisher::publishBundleEventPrivileged (649 bytes)
Event: 1322.124 Thread 0x000000001611c000 17267       3       java.util.TimSort::mergeAt (358 bytes)
Event: 1322.125 Thread 0x000000001611c000 nmethod 17267 0x00000000033bc650 code [0x00000000033bc820, 0x00000000033bcdd8]
Event: 1322.128 Thread 0x000000001611c000 17268       3       java.util.TimSort::mergeCollapse (101 bytes)
Event: 1322.129 Thread 0x000000001611c000 nmethod 17268 0x00000000041f1190 code [0x00000000041f1320, 0x00000000041f1738]
Event: 1322.132 Thread 0x000000001611c000 17271   !   3       org.eclipse.osgi.storage.BundleInfo$Generation::close (34 bytes)
Event: 1322.133 Thread 0x000000001611c000 nmethod 17271 0x00000000033de0d0 code [0x00000000033de240, 0x00000000033de668]
Event: 1322.136 Thread 0x000000001611c000 17272       3       org.eclipse.osgi.container.Module::holdsTransitionEventLock (25 bytes)
Event: 1322.137 Thread 0x000000001611c000 nmethod 17272 0x00000000045a1910 code [0x00000000045a1aa0, 0x00000000045a21c8]

GC Heap History (10 events):
Event: 607.866 GC heap before
{Heap before GC invocations=28 (full 6):
 PSYoungGen      total 133120K, used 14498K [0x00000000f5580000, 0x00000000ff580000, 0x0000000100000000)
  eden space 105472K, 0% used [0x00000000f5580000,0x00000000f5580000,0x00000000fbc80000)
  from space 27648K, 52% used [0x00000000fda80000,0x00000000fe8a8a70,0x00000000ff580000)
  to   space 29184K, 0% used [0x00000000fbc80000,0x00000000fbc80000,0x00000000fd900000)
 ParOldGen       total 95232K, used 57525K [0x00000000e0000000, 0x00000000e5d00000, 0x00000000f5580000)
  object space 95232K, 60% used [0x00000000e0000000,0x00000000e382d4b0,0x00000000e5d00000)
 Metaspace       used 96026K, capacity 103530K, committed 103768K, reserved 1138688K
  class space    used 11465K, capacity 13688K, committed 13696K, reserved 1048576K
Event: 608.170 GC heap after
Heap after GC invocations=28 (full 6):
 PSYoungGen      total 133120K, used 0K [0x00000000f5580000, 0x00000000ff580000, 0x0000000100000000)
  eden space 105472K, 0% used [0x00000000f5580000,0x00000000f5580000,0x00000000fbc80000)
  from space 27648K, 0% used [0x00000000fda80000,0x00000000fda80000,0x00000000ff580000)
  to   space 29184K, 0% used [0x00000000fbc80000,0x00000000fbc80000,0x00000000fd900000)
 ParOldGen       total 95232K, used 61825K [0x00000000e0000000, 0x00000000e5d00000, 0x00000000f5580000)
  object space 95232K, 64% used [0x00000000e0000000,0x00000000e3c60618,0x00000000e5d00000)
 Metaspace       used 95988K, capacity 103466K, committed 103768K, reserved 1138688K
  class space    used 11458K, capacity 13674K, committed 13696K, reserved 1048576K
}
Event: 774.449 GC heap before
{Heap before GC invocations=29 (full 6):
 PSYoungGen      total 133120K, used 105472K [0x00000000f5580000, 0x00000000ff580000, 0x0000000100000000)
  eden space 105472K, 100% used [0x00000000f5580000,0x00000000fbc80000,0x00000000fbc80000)
  from space 27648K, 0% used [0x00000000fda80000,0x00000000fda80000,0x00000000ff580000)
  to   space 29184K, 0% used [0x00000000fbc80000,0x00000000fbc80000,0x00000000fd900000)
 ParOldGen       total 95232K, used 61825K [0x00000000e0000000, 0x00000000e5d00000, 0x00000000f5580000)
  object space 95232K, 64% used [0x00000000e0000000,0x00000000e3c60618,0x00000000e5d00000)
 Metaspace       used 96842K, capacity 104042K, committed 104408K, reserved 1140736K
  class space    used 11585K, capacity 13802K, committed 13824K, reserved 1048576K
Event: 774.454 GC heap after
Heap after GC invocations=29 (full 6):
 PSYoungGen      total 134656K, used 2684K [0x00000000f5580000, 0x00000000ffa80000, 0x0000000100000000)
  eden space 105472K, 0% used [0x00000000f5580000,0x00000000f5580000,0x00000000fbc80000)
  from space 29184K, 9% used [0x00000000fbc80000,0x00000000fbf1f310,0x00000000fd900000)
  to   space 29696K, 0% used [0x00000000fdd80000,0x00000000fdd80000,0x00000000ffa80000)
 ParOldGen       total 95232K, used 61833K [0x00000000e0000000, 0x00000000e5d00000, 0x00000000f5580000)
  object space 95232K, 64% used [0x00000000e0000000,0x00000000e3c62618,0x00000000e5d00000)
 Metaspace       used 96842K, capacity 104042K, committed 104408K, reserved 1140736K
  class space    used 11585K, capacity 13802K, committed 13824K, reserved 1048576K
}
Event: 1070.603 GC heap before
{Heap before GC invocations=30 (full 6):
 PSYoungGen      total 134656K, used 108156K [0x00000000f5580000, 0x00000000ffa80000, 0x0000000100000000)
  eden space 105472K, 100% used [0x00000000f5580000,0x00000000fbc80000,0x00000000fbc80000)
  from space 29184K, 9% used [0x00000000fbc80000,0x00000000fbf1f310,0x00000000fd900000)
  to   space 29696K, 0% used [0x00000000fdd80000,0x00000000fdd80000,0x00000000ffa80000)
 ParOldGen       total 95232K, used 61833K [0x00000000e0000000, 0x00000000e5d00000, 0x00000000f5580000)
  object space 95232K, 64% used [0x00000000e0000000,0x00000000e3c62618,0x00000000e5d00000)
 Metaspace       used 97323K, capacity 104654K, committed 105048K, reserved 1140736K
  class space    used 11610K, capacity 13834K, committed 13952K, reserved 1048576K
Event: 1070.610 GC heap after
Heap after GC invocations=30 (full 6):
 PSYoungGen      total 122880K, used 3938K [0x00000000f5580000, 0x00000000ff200000, 0x0000000100000000)
  eden space 101888K, 0% used [0x00000000f5580000,0x00000000f5580000,0x00000000fb900000)
  from space 20992K, 18% used [0x00000000fdd80000,0x00000000fe1589f8,0x00000000ff200000)
  to   space 29184K, 0% used [0x00000000fb900000,0x00000000fb900000,0x00000000fd580000)
 ParOldGen       total 95232K, used 61841K [0x00000000e0000000, 0x00000000e5d00000, 0x00000000f5580000)
  object space 95232K, 64% used [0x00000000e0000000,0x00000000e3c64618,0x00000000e5d00000)
 Metaspace       used 97323K, capacity 104654K, committed 105048K, reserved 1140736K
  class space    used 11610K, capacity 13834K, committed 13952K, reserved 1048576K
}
Event: 1229.702 GC heap before
{Heap before GC invocations=31 (full 6):
 PSYoungGen      total 122880K, used 105826K [0x00000000f5580000, 0x00000000ff200000, 0x0000000100000000)
  eden space 101888K, 100% used [0x00000000f5580000,0x00000000fb900000,0x00000000fb900000)
  from space 20992K, 18% used [0x00000000fdd80000,0x00000000fe1589f8,0x00000000ff200000)
  to   space 29184K, 0% used [0x00000000fb900000,0x00000000fb900000,0x00000000fd580000)
 ParOldGen       total 95232K, used 61841K [0x00000000e0000000, 0x00000000e5d00000, 0x00000000f5580000)
  object space 95232K, 64% used [0x00000000e0000000,0x00000000e3c64618,0x00000000e5d00000)
 Metaspace       used 97675K, capacity 105152K, committed 105560K, reserved 1140736K
  class space    used 11642K, capacity 13875K, committed 13952K, reserved 1048576K
Event: 1229.709 GC heap after
Heap after GC invocations=31 (full 6):
 PSYoungGen      total 103424K, used 4339K [0x00000000f5580000, 0x00000000fee00000, 0x0000000100000000)
  eden space 98816K, 0% used [0x00000000f5580000,0x00000000f5580000,0x00000000fb600000)
  from space 4608K, 94% used [0x00000000fb900000,0x00000000fbd3cf78,0x00000000fbd80000)
  to   space 28672K, 0% used [0x00000000fd200000,0x00000000fd200000,0x00000000fee00000)
 ParOldGen       total 95232K, used 61849K [0x00000000e0000000, 0x00000000e5d00000, 0x00000000f5580000)
  object space 95232K, 64% used [0x00000000e0000000,0x00000000e3c66618,0x00000000e5d00000)
 Metaspace       used 97675K, capacity 105152K, committed 105560K, reserved 1140736K
  class space    used 11642K, capacity 13875K, committed 13952K, reserved 1048576K
}
Event: 1321.217 GC heap before
{Heap before GC invocations=32 (full 6):
 PSYoungGen      total 103424K, used 103155K [0x00000000f5580000, 0x00000000fee00000, 0x0000000100000000)
  eden space 98816K, 100% used [0x00000000f5580000,0x00000000fb600000,0x00000000fb600000)
  from space 4608K, 94% used [0x00000000fb900000,0x00000000fbd3cf78,0x00000000fbd80000)
  to   space 28672K, 0% used [0x00000000fd200000,0x00000000fd200000,0x00000000fee00000)
 ParOldGen       total 95232K, used 61849K [0x00000000e0000000, 0x00000000e5d00000, 0x00000000f5580000)
  object space 95232K, 64% used [0x00000000e0000000,0x00000000e3c66618,0x00000000e5d00000)
 Metaspace       used 98264K, capacity 105638K, committed 105944K, reserved 1140736K
  class space    used 11701K, capacity 13972K, committed 14080K, reserved 1048576K
Event: 1321.226 GC heap after
Heap after GC invocations=32 (full 6):
 PSYoungGen      total 120320K, used 3234K [0x00000000f5580000, 0x00000000fea00000, 0x0000000100000000)
  eden space 95744K, 0% used [0x00000000f5580000,0x00000000f5580000,0x00000000fb300000)
  from space 24576K, 13% used [0x00000000fd200000,0x00000000fd528ab8,0x00000000fea00000)
  to   space 28160K, 0% used [0x00000000fb300000,0x00000000fb300000,0x00000000fce80000)
 ParOldGen       total 95232K, used 61857K [0x00000000e0000000, 0x00000000e5d00000, 0x00000000f5580000)
  object space 95232K, 64% used [0x00000000e0000000,0x00000000e3c68618,0x00000000e5d00000)
 Metaspace       used 98264K, capacity 105638K, committed 105944K, reserved 1140736K
  class space    used 11701K, capacity 13972K, committed 14080K, reserved 1048576K
}

Deoptimization events (10 events):
Event: 1321.355 Thread 0x000000001bea5800 Uncommon trap: reason=unstable_if action=reinterpret pc=0x000000000521ea24 method=org.eclipse.swt.graphics.Resource.dispose()V @ 15
Event: 1321.372 Thread 0x000000001bea5800 Uncommon trap: reason=bimorphic action=maybe_recompile pc=0x000000000445d62c method=java.util.concurrent.CopyOnWriteArrayList.indexOf(Ljava/lang/Object;[Ljava/lang/Object;II)I @ 46
Event: 1322.028 Thread 0x000000001bea5800 Uncommon trap: reason=bimorphic action=maybe_recompile pc=0x000000000445d62c method=java.util.concurrent.CopyOnWriteArrayList.indexOf(Ljava/lang/Object;[Ljava/lang/Object;II)I @ 46
Event: 1322.028 Thread 0x000000001bea5800 Uncommon trap: reason=bimorphic action=maybe_recompile pc=0x000000000445d62c method=java.util.concurrent.CopyOnWriteArrayList.indexOf(Ljava/lang/Object;[Ljava/lang/Object;II)I @ 46
Event: 1322.028 Thread 0x000000001bea5800 Uncommon trap: reason=bimorphic action=maybe_recompile pc=0x000000000445d62c method=java.util.concurrent.CopyOnWriteArrayList.indexOf(Ljava/lang/Object;[Ljava/lang/Object;II)I @ 46
Event: 1322.036 Thread 0x00000000175e0800 Uncommon trap: reason=bimorphic action=maybe_recompile pc=0x0000000002ce5858 method=org.eclipse.osgi.internal.framework.BundleContextImpl.dispatchEvent(Ljava/lang/Object;Ljava/lang/Object;ILjava/lang/Object;)V @ 375
Event: 1322.092 Thread 0x000000001a310000 Uncommon trap: reason=unstable_if action=reinterpret pc=0x0000000005155080 method=org.eclipse.core.internal.jobs.JobManager.nextJob()Lorg/eclipse/core/runtime/jobs/Job; @ 80
Event: 1322.093 Thread 0x000000001a30e800 Uncommon trap: reason=unstable_if action=reinterpret pc=0x00000000050f7abc method=org.eclipse.core.internal.jobs.JobManager.nextJob()Lorg/eclipse/core/runtime/jobs/Job; @ 80
Event: 1322.093 Thread 0x000000001a30d800 Uncommon trap: reason=unstable_if action=reinterpret pc=0x00000000050f7abc method=org.eclipse.core.internal.jobs.JobManager.nextJob()Lorg/eclipse/core/runtime/jobs/Job; @ 80
Event: 1322.123 Thread 0x000000001bea5800 Uncommon trap: reason=unstable_if action=reinterpret pc=0x00000000048a7cdc method=sun.reflect.UnsafeStaticObjectFieldAccessorImpl.set(Ljava/lang/Object;Ljava/lang/Object;)V @ 13

Internal exceptions (10 events):
Event: 1321.246 Thread 0x0000000002692800 Exception <a 'java/io/FileNotFoundException'> (0x00000000f5685920) thrown at [C:\re\workspace\8-2-build-windows-amd64-cygwin\jdk8u66\5298\hotspot\src\share\vm\prims\jni.cpp, line 709]
Event: 1321.246 Thread 0x0000000002692800 Exception <a 'java/io/FileNotFoundException'> (0x00000000f5687668) thrown at [C:\re\workspace\8-2-build-windows-amd64-cygwin\jdk8u66\5298\hotspot\src\share\vm\prims\jni.cpp, line 709]
Event: 1321.329 Thread 0x000000001700e800 Exception <a 'java/lang/InterruptedException'> (0x00000000f5c3b200) thrown at [C:\re\workspace\8-2-build-windows-amd64-cygwin\jdk8u66\5298\hotspot\src\share\vm\runtime\objectMonitor.cpp, line 1683]
Event: 1322.024 Thread 0x000000001bea5800 Exception <a 'java/lang/NullPointerException'> (0x00000000e05f3db0) thrown at [C:\re\workspace\8-2-build-windows-amd64-cygwin\jdk8u66\5298\hotspot\src\share\vm\prims\jvm.cpp, line 1390]
Event: 1322.090 Thread 0x0000000017a50800 Exception <a 'java/lang/InterruptedException'> (0x00000000f56ec658) thrown at [C:\re\workspace\8-2-build-windows-amd64-cygwin\jdk8u66\5298\hotspot\src\share\vm\runtime\objectMonitor.cpp, line 1683]
Event: 1322.123 Thread 0x000000001bea5800 Implicit null exception at 0x00000000048a78d3 to 0x00000000048a7cc9
Event: 1322.128 Thread 0x00000000175e0800 Exception <a 'java/lang/InterruptedException'> (0x00000000f600c1b8) thrown at [C:\re\workspace\8-2-build-windows-amd64-cygwin\jdk8u66\5298\hotspot\src\share\vm\runtime\objectMonitor.cpp, line 1683]
Event: 1322.131 Thread 0x0000000017a44800 Exception <a 'java/lang/InterruptedException'> (0x00000000f56b4fe0) thrown at [C:\re\workspace\8-2-build-windows-amd64-cygwin\jdk8u66\5298\hotspot\src\share\vm\runtime\objectMonitor.cpp, line 1683]
Event: 1322.131 Thread 0x00000000175b9000 Exception <a 'java/lang/InterruptedException'> (0x00000000f61ff8f8) thrown at [C:\re\workspace\8-2-build-windows-amd64-cygwin\jdk8u66\5298\hotspot\src\share\vm\runtime\objectMonitor.cpp, line 1683]
Event: 1322.140 Thread 0x000000001bea9000 Exception <a 'java/io/IOException'> (0x00000000f6261bf8) thrown at [C:\re\workspace\8-2-build-windows-amd64-cygwin\jdk8u66\5298\hotspot\src\share\vm\prims\jni.cpp, line 709]

Events (10 events):
Event: 1322.139 Executing VM operation: RevokeBias done
Event: 1322.139 Executing VM operation: RevokeBias
Event: 1322.139 Executing VM operation: RevokeBias done
Event: 1322.139 Thread 0x000000001611c000 flushing nmethod 0x0000000005671e90
Event: 1322.140 Thread 0x000000001bea9000 Thread exited: 0x000000001bea9000
Event: 1322.140 Thread 0x000000001611c000 flushing nmethod 0x00000000056cb350
Event: 1322.140 Thread 0x000000001611c000 flushing nmethod 0x0000000005791ed0
Event: 1322.141 Thread 0x000000001611c000 flushing nmethod 0x00000000058e5bd0
Event: 1322.141 Thread 0x0000000016113000 Thread exited: 0x0000000016113000
Event: 1322.142 Executing VM operation: Exit


Dynamic libraries:
0x0000000000400000 - 0x000000000044f000 	C:\Xilinx\SDK\2016.3\eclipse\win64.o\eclipse.exe
0x00007ffb4ae20000 - 0x00007ffb4aff1000 	C:\WINDOWS\SYSTEM32\ntdll.dll
0x00007ffb49690000 - 0x00007ffb4973b000 	C:\WINDOWS\System32\KERNEL32.DLL
0x00007ffb48020000 - 0x00007ffb4823d000 	C:\WINDOWS\System32\KERNELBASE.dll
0x00007ffb49370000 - 0x00007ffb494d5000 	C:\WINDOWS\System32\USER32.dll
0x00007ffb48290000 - 0x00007ffb482ae000 	C:\WINDOWS\System32\win32u.dll
0x00007ffb48820000 - 0x00007ffb48854000 	C:\WINDOWS\System32\GDI32.dll
0x00007ffb47690000 - 0x00007ffb47812000 	C:\WINDOWS\System32\gdi32full.dll
0x00007ffb483b0000 - 0x00007ffb4844e000 	C:\WINDOWS\System32\msvcrt.dll
0x00007ffb3e9b0000 - 0x00007ffb3ec2a000 	C:\WINDOWS\WinSxS\amd64_microsoft.windows.common-controls_6595b64144ccf1df_6.0.14393.351_none_4213128bc687e6d3\COMCTL32.dll
0x00007ffb48550000 - 0x00007ffb48817000 	C:\WINDOWS\System32\combase.dll
0x00007ffb47590000 - 0x00007ffb47685000 	C:\WINDOWS\System32\ucrtbase.dll
0x00007ffb48cf0000 - 0x00007ffb48e11000 	C:\WINDOWS\System32\RPCRT4.dll
0x00007ffb47820000 - 0x00007ffb4788a000 	C:\WINDOWS\System32\bcryptPrimitives.dll
0x00007ffb49340000 - 0x00007ffb4936e000 	C:\WINDOWS\System32\IMM32.DLL
0x0000000072000000 - 0x0000000072012000 	C:\Xilinx\SDK\2016.3\eclipse\win64.o\plugins\org.eclipse.equinox.launcher.win32.win32.x86_64_1.1.300.v20150602-1417\eclipse_1611.dll
0x00007ffb48e80000 - 0x00007ffb48f22000 	C:\WINDOWS\System32\ADVAPI32.dll
0x00007ffb4ac50000 - 0x00007ffb4aca9000 	C:\WINDOWS\System32\sechost.dll
0x00007ffb3fcf0000 - 0x00007ffb3fcfa000 	C:\WINDOWS\SYSTEM32\VERSION.dll
0x00007ffb45910000 - 0x00007ffb459a5000 	C:\WINDOWS\system32\uxtheme.dll
0x00007ffb490f0000 - 0x00007ffb4924b000 	C:\WINDOWS\System32\MSCTF.dll
0x00007ffb4acc0000 - 0x00007ffb4ad7f000 	C:\WINDOWS\System32\OLEAUT32.dll
0x00007ffb482b0000 - 0x00007ffb4834c000 	C:\WINDOWS\System32\msvcp_win.dll
0x000000006d680000 - 0x000000006df09000 	C:\Xilinx\SDK\2016.3\tps\win64\jre\bin\server\jvm.dll
0x00007ffb494e0000 - 0x00007ffb494e8000 	C:\WINDOWS\System32\PSAPI.DLL
0x00007ffb45600000 - 0x00007ffb45623000 	C:\WINDOWS\SYSTEM32\WINMM.dll
0x0000000074cd0000 - 0x0000000074da2000 	C:\WINDOWS\SYSTEM32\MSVCR100.dll
0x00007ffb2ff10000 - 0x00007ffb2ff19000 	C:\WINDOWS\SYSTEM32\WSOCK32.dll
0x00007ffb49070000 - 0x00007ffb490da000 	C:\WINDOWS\System32\WS2_32.dll
0x00007ffb455d0000 - 0x00007ffb455fb000 	C:\WINDOWS\SYSTEM32\WINMMBASE.dll
0x00007ffb48240000 - 0x00007ffb48282000 	C:\WINDOWS\System32\cfgmgr32.dll
0x000000006d540000 - 0x000000006d54f000 	C:\Xilinx\SDK\2016.3\tps\win64\jre\bin\verify.dll
0x000000006d510000 - 0x000000006d539000 	C:\Xilinx\SDK\2016.3\tps\win64\jre\bin\java.dll
0x000000006d4f0000 - 0x000000006d506000 	C:\Xilinx\SDK\2016.3\tps\win64\jre\bin\zip.dll
0x00007ffb49740000 - 0x00007ffb4ac49000 	C:\WINDOWS\System32\SHELL32.dll
0x00007ffb47890000 - 0x00007ffb47f6a000 	C:\WINDOWS\System32\windows.storage.dll
0x00007ffb472c0000 - 0x00007ffb4730c000 	C:\WINDOWS\System32\powrprof.dll
0x00007ffb492e0000 - 0x00007ffb49332000 	C:\WINDOWS\System32\shlwapi.dll
0x00007ffb47280000 - 0x00007ffb4728f000 	C:\WINDOWS\System32\kernel.appcore.dll
0x00007ffb47310000 - 0x00007ffb473b9000 	C:\WINDOWS\System32\shcore.dll
0x00007ffb472a0000 - 0x00007ffb472b4000 	C:\WINDOWS\System32\profapi.dll
0x00007ffb46d50000 - 0x00007ffb46d67000 	C:\WINDOWS\SYSTEM32\CRYPTSP.dll
0x00007ffb467c0000 - 0x00007ffb467f3000 	C:\WINDOWS\system32\rsaenh.dll
0x00007ffb46e60000 - 0x00007ffb46e8b000 	C:\WINDOWS\SYSTEM32\bcrypt.dll
0x00007ffb46a30000 - 0x00007ffb46a4f000 	C:\WINDOWS\SYSTEM32\USERENV.dll
0x00007ffb46d70000 - 0x00007ffb46d7b000 	C:\WINDOWS\SYSTEM32\CRYPTBASE.dll
0x000000006d4d0000 - 0x000000006d4ea000 	C:\Xilinx\SDK\2016.3\tps\win64\jre\bin\net.dll
0x00007ffb46bb0000 - 0x00007ffb46c0c000 	C:\WINDOWS\system32\mswsock.dll
0x00007ffb46940000 - 0x00007ffb46978000 	C:\WINDOWS\SYSTEM32\IPHLPAPI.DLL
0x00007ffb490e0000 - 0x00007ffb490e8000 	C:\WINDOWS\System32\NSI.dll
0x00007ffb42d30000 - 0x00007ffb42d46000 	C:\WINDOWS\SYSTEM32\dhcpcsvc6.DLL
0x00007ffb42d10000 - 0x00007ffb42d2a000 	C:\WINDOWS\SYSTEM32\dhcpcsvc.DLL
0x000000006d4b0000 - 0x000000006d4c1000 	C:\Xilinx\SDK\2016.3\tps\win64\jre\bin\nio.dll
0x00007ffb2a4a0000 - 0x00007ffb2a4b6000 	C:\WINDOWS\system32\napinsp.dll
0x00007ffb2a480000 - 0x00007ffb2a49a000 	C:\WINDOWS\system32\pnrpnsp.dll
0x00007ffb42710000 - 0x00007ffb42728000 	C:\WINDOWS\system32\NLAapi.dll
0x00007ffb46980000 - 0x00007ffb46a20000 	C:\WINDOWS\SYSTEM32\DNSAPI.dll
0x00007ffb2a470000 - 0x00007ffb2a47e000 	C:\WINDOWS\System32\winrnr.dll
0x00007ffb42620000 - 0x00007ffb42635000 	C:\WINDOWS\System32\wshbth.dll
0x00007ffb3d500000 - 0x00007ffb3d50a000 	C:\Windows\System32\rasadhlp.dll
0x00007ffb3dea0000 - 0x00007ffb3df0a000 	C:\WINDOWS\System32\fwpuclnt.dll
0x00000000190e0000 - 0x0000000019188000 	C:\Users\Jesper Kirial\.Xilinx\SDK\2016.3\org.eclipse.osgi\319\0\.cp\swt-win32-4527.dll
0x00007ffb48f30000 - 0x00007ffb49067000 	C:\WINDOWS\System32\ole32.dll
0x00007ffb48450000 - 0x00007ffb4854a000 	C:\WINDOWS\System32\comdlg32.dll
0x00007ffb473c0000 - 0x00007ffb47589000 	C:\WINDOWS\System32\CRYPT32.dll
0x00007ffb47290000 - 0x00007ffb472a0000 	C:\WINDOWS\System32\MSASN1.dll
0x00007ffb44140000 - 0x00007ffb44159000 	C:\WINDOWS\SYSTEM32\USP10.dll
0x00007ffb42d90000 - 0x00007ffb42e15000 	C:\WINDOWS\SYSTEM32\WINSPOOL.DRV
0x00007ffb35100000 - 0x00007ffb35393000 	C:\WINDOWS\SYSTEM32\WININET.dll
0x00007ffb450b0000 - 0x00007ffb450d6000 	C:\WINDOWS\system32\dwmapi.dll
0x00007ffb44f20000 - 0x00007ffb450a5000 	C:\WINDOWS\SYSTEM32\propsys.dll
0x00007ffb4ad80000 - 0x00007ffb4ae1f000 	C:\WINDOWS\System32\clbcatq.dll
0x000000001a8b0000 - 0x000000001a8ce000 	C:\Users\Jesper Kirial\.Xilinx\SDK\2016.3\org.eclipse.osgi\319\0\.cp\swt-gdip-win32-4527.dll
0x00007ffb3fb50000 - 0x00007ffb3fcea000 	C:\WINDOWS\WinSxS\amd64_microsoft.windows.gdiplus_6595b64144ccf1df_1.1.14393.321_none_72fe05dd211a5fae\gdiplus.dll
0x00007ffb44d30000 - 0x00007ffb44ed8000 	C:\WINDOWS\SYSTEM32\WindowsCodecs.dll
0x00007ffb3f9b0000 - 0x00007ffb3fa15000 	C:\WINDOWS\SYSTEM32\oleacc.dll
0x00007ffb1c570000 - 0x00007ffb1c5af000 	C:\WINDOWS\system32\mlang.dll
0x00007ffb22f90000 - 0x00007ffb22fd9000 	C:\WINDOWS\system32\dataexchange.dll
0x00007ffb45200000 - 0x00007ffb45351000 	C:\WINDOWS\system32\dcomp.dll
0x00007ffb44680000 - 0x00007ffb44936000 	C:\WINDOWS\system32\d3d11.dll
0x00007ffb46210000 - 0x00007ffb462af000 	C:\WINDOWS\system32\dxgi.dll
0x00007ffb45ce0000 - 0x00007ffb45dfc000 	C:\WINDOWS\system32\twinapi.appcore.dll
0x00007ffafb930000 - 0x00007ffafc5b7000 	C:\Windows\System32\ieframe.dll
0x00007ffb37ef0000 - 0x00007ffb38192000 	C:\Windows\System32\iertutil.dll
0x00007ffb39730000 - 0x00007ffb39748000 	C:\Windows\System32\NETAPI32.dll
0x00007ffb46a20000 - 0x00007ffb46a2d000 	C:\Windows\System32\NETUTILS.DLL
0x00007ffb440d0000 - 0x00007ffb440e6000 	C:\Windows\System32\WKSCLI.DLL
0x00007ffb49250000 - 0x00007ffb492be000 	C:\WINDOWS\System32\coml2.dll
0x00007ffb311a0000 - 0x00007ffb31362000 	C:\WINDOWS\SYSTEM32\urlmon.dll
0x00007ffb47150000 - 0x00007ffb471e8000 	C:\WINDOWS\SYSTEM32\sxs.dll
0x00007ffac4460000 - 0x00007ffac5b0e000 	C:\Windows\System32\mshtml.dll
0x00007ffb46f80000 - 0x00007ffb46fac000 	C:\WINDOWS\SYSTEM32\SspiCli.dll
0x00007ffb3a730000 - 0x00007ffb3a756000 	C:\Windows\System32\srpapi.dll
0x00007ffb1c950000 - 0x00007ffb1cae7000 	C:\Windows\System32\ieapfltr.dll
0x00007ffb02fc0000 - 0x00007ffb03451000 	C:\Windows\System32\jscript9.dll
0x00007ffb3a010000 - 0x00007ffb3a020000 	C:\WINDOWS\system32\msimtf.dll
0x00007ffb43810000 - 0x00007ffb4381c000 	C:\WINDOWS\SYSTEM32\Secur32.dll
0x00007ffb00a00000 - 0x00007ffb00bab000 	C:\Windows\System32\uiautomationcore.dll
0x00007ffb40040000 - 0x00007ffb4059f000 	C:\Windows\System32\d2d1.dll
0x00007ffb2fb60000 - 0x00007ffb2fdc9000 	C:\Windows\System32\DWrite.dll
0x00007ffb2a8c0000 - 0x00007ffb2a90b000 	C:\WINDOWS\system32\windowscodecsext.dll
0x00007ffb2a780000 - 0x00007ffb2a791000 	C:\Users\Jesper Kirial\.Xilinx\SDK\2016.3\org.eclipse.osgi\136\0\.cp\jWinHttp-1.0.0.dll
0x00007ffb43820000 - 0x00007ffb438ed000 	C:\WINDOWS\SYSTEM32\WINHTTP.dll
0x0000000029c80000 - 0x0000000029c92000 	C:\Users\Jesper Kirial\.Xilinx\SDK\2016.3\org.eclipse.osgi\133\0\.cp\os\win32\x86_64\localfile_1_0_0.dll
0x00007ffb42a20000 - 0x00007ffb42a2f000 	C:\Xilinx\SDK\2016.3\lib\win64.o\librdi_repo_manager.dll
0x00007ffacf370000 - 0x00007ffacf568000 	C:\Xilinx\SDK\2016.3\lib\win64.o\librdi_hsm.dll
0x00007ffb21af0000 - 0x00007ffb21b1a000 	C:\Xilinx\SDK\2016.3\lib\win64.o\libisl_sysinfo.dll
0x00007ffac6e60000 - 0x00007ffac7909000 	C:\Xilinx\SDK\2016.3\lib\win64.o\librdi_common.dll
0x00007ffb1fe80000 - 0x00007ffb1fed3000 	C:\Xilinx\SDK\2016.3\lib\win64.o\librdi_commonxillic.dll
0x00007ffb3c660000 - 0x00007ffb3c707000 	C:\WINDOWS\SYSTEM32\MSVCP110.dll
0x00007ffb3cc70000 - 0x00007ffb3cd44000 	C:\WINDOWS\SYSTEM32\MSVCR110.dll
0x00007ffb02da0000 - 0x00007ffb02fbf000 	C:\Xilinx\SDK\2016.3\lib\win64.o\libXil_lmgr11.dll
0x00007ffb11ba0000 - 0x00007ffb11ca6000 	C:\Xilinx\SDK\2016.3\lib\win64.o\libboost_regex.dll
0x00007ffb21380000 - 0x00007ffb213a4000 	C:\Xilinx\SDK\2016.3\lib\win64.o\libboost_filesystem.dll
0x00007ffb48350000 - 0x00007ffb483a5000 	C:\WINDOWS\System32\WINTRUST.dll
0x00007ffb42a00000 - 0x00007ffb42a09000 	C:\Xilinx\SDK\2016.3\lib\win64.o\libboost_system.dll
0x00007ffacf570000 - 0x00007ffacf8de000 	C:\Xilinx\SDK\2016.3\lib\win64.o\libCOIN-all.dll
0x00007ffb429c0000 - 0x00007ffb429d0000 	C:\Xilinx\SDK\2016.3\lib\win64.o\libboost_date_time.dll
0x00007ffb17970000 - 0x00007ffb179e7000 	C:\Xilinx\SDK\2016.3\lib\win64.o\libboost_program_options.dll
0x00007ffb2a450000 - 0x00007ffb2a463000 	C:\Xilinx\SDK\2016.3\lib\win64.o\libboost_signals.dll
0x00007ffb27310000 - 0x00007ffb2732d000 	C:\Xilinx\SDK\2016.3\lib\win64.o\libboost_thread.dll
0x00007ffb3a760000 - 0x00007ffb3a76b000 	C:\Xilinx\SDK\2016.3\lib\win64.o\libboost_xilinx.dll
0x00007ffb13260000 - 0x00007ffb132e0000 	C:\Xilinx\SDK\2016.3\lib\win64.o\libhdlpsolve.dll
0x00007ffb11500000 - 0x00007ffb1159a000 	C:\Xilinx\SDK\2016.3\lib\win64.o\libhdxml.dll
0x00007ffac8fd0000 - 0x00007ffac9399000 	C:\Xilinx\SDK\2016.3\lib\win64.o\libisl_iostreams.dll
0x00007ffb21a50000 - 0x00007ffb21a65000 	C:\Xilinx\SDK\2016.3\lib\win64.o\pthreadVC2.dll
0x00007ffb10240000 - 0x00007ffb10370000 	C:\Xilinx\SDK\2016.3\lib\win64.o\librdi_curl.dll
0x00007ffb20ec0000 - 0x00007ffb20ed8000 	C:\Xilinx\SDK\2016.3\lib\win64.o\librdiconfig.dll

VM Arguments:
jvm_args: -Dcom.xilinx.sdk.args.hwspec=C:/Projects/Led_test/Led_test.sdk/first_zync_system_wrapper.hdf -Xms64m -Xmx512m & 
java_command: <unknown>
java_class_path (initial): C:\Xilinx\SDK\2016.3\eclipse\win64.o\\plugins/org.eclipse.equinox.launcher_1.3.100.v20150511-1540.jar
Launcher Type: generic

Environment Variables:
USERNAME=Jesper Kirial
OS=Windows_NT
PROCESSOR_IDENTIFIER=Intel64 Family 6 Model 94 Stepping 3, GenuineIntel



---------------  S Y S T E M  ---------------

OS: Windows 10.0 , 64 bit Build 14393 (10.0.14393.0)

CPU:total 8 (4 cores per cpu, 2 threads per core) family 6 model 94 stepping 3, cmov, cx8, fxsr, mmx, sse, sse2, sse3, ssse3, sse4.1, sse4.2, popcnt, avx, avx2, aes, clmul, erms, rtm, 3dnowpref, lzcnt, ht, tsc, tscinvbit, bmi1, bmi2, adx

Memory: 4k page, physical 16639056k(6894012k free), swap 19129424k(3445952k free)

vm_info: Java HotSpot(TM) 64-Bit Server VM (25.66-b18) for windows-amd64 JRE (1.8.0_66-b18), built on Nov  9 2015 10:51:13 by "java_re" with MS VC++ 10.0 (VS2010)

time: Wed Nov 02 22:19:13 2016
elapsed time: 1322 seconds (0d 0h 22m 2s)

