#-----------------------------------------------------------
# Webtalk v2016.3 (64-bit)
# SW Build 1682563 on Mon Oct 10 19:07:27 MDT 2016
# 
# Start of session at: Wed Nov 02 21:31:32 2016
# Process ID: 17888
# Current directory: C:/Projects/Casioproject/Casio/Casio.sdk/webtalk
# Command line: wbtcv.exe -mode batch -source sdk_webtalk.tcl
# Log file: C:/Projects/Casioproject/Casio/Casio.sdk/webtalk/webtalk.log
# Journal file: C:/Projects/Casioproject/Casio/Casio.sdk/webtalk\webtalk.jou
#-----------------------------------------------------------
source sdk_webtalk.tcl
# webtalk_init -webtalk_dir C:\\Projects\\Casioproject\\Casio\\Casio.sdk\\webtalk
# webtalk_register_client -client project
# webtalk_add_data -client project -key date_generated -value "2016-11-02 21:31:30" -context "software_version_and_target_device"
# webtalk_add_data -client project -key product_version -value "SDK v2016.3" -context "software_version_and_target_device"
# webtalk_add_data -client project -key build_version -value "2016.3" -context "software_version_and_target_device"
# webtalk_add_data -client project -key os_platform -value "amd64" -context "software_version_and_target_device"
# webtalk_add_data -client project -key registration_id -value "211150773_0_0_144" -context "software_version_and_target_device"
# webtalk_add_data -client project -key tool_flow -value "SDK" -context "software_version_and_target_device"
# webtalk_add_data -client project -key beta -value "false" -context "software_version_and_target_device"
# webtalk_add_data -client project -key route_design -value "NA" -context "software_version_and_target_device"
# webtalk_add_data -client project -key target_family -value "NA" -context "software_version_and_target_device"
# webtalk_add_data -client project -key target_device -value "NA" -context "software_version_and_target_device"
# webtalk_add_data -client project -key target_package -value "NA" -context "software_version_and_target_device"
# webtalk_add_data -client project -key target_speed -value "NA" -context "software_version_and_target_device"
# webtalk_add_data -client project -key random_id -value "gd3698j0ihu117l10msq8cc76t" -context "software_version_and_target_device"
# webtalk_add_data -client project -key project_id -value "2016.3_3" -context "software_version_and_target_device"
# webtalk_add_data -client project -key project_iteration -value "3" -context "software_version_and_target_device"
# webtalk_add_data -client project -key os_name -value "Microsoft Windows 8 or later , 64-bit" -context "user_environment"
# webtalk_add_data -client project -key os_release -value "major release  (build 9200)" -context "user_environment"
# webtalk_add_data -client project -key cpu_name -value "Intel(R) Core(TM) i7-6700HQ CPU @ 2.60GHz" -context "user_environment"
# webtalk_add_data -client project -key cpu_speed -value "2592 MHz" -context "user_environment"
# webtalk_add_data -client project -key total_processors -value "1" -context "user_environment"
# webtalk_add_data -client project -key system_ram -value "17.000 GB" -context "user_environment"
# webtalk_register_client -client sdk
# webtalk_add_data -client sdk -key uid -value "1478117770233" -context "sdk\\\\bsp/1478117770233"
# webtalk_add_data -client sdk -key hwid -value "1477495749405" -context "sdk\\\\bsp/1478117770233"
# webtalk_add_data -client sdk -key os -value "standalone" -context "sdk\\\\bsp/1478117770233"
# webtalk_add_data -client sdk -key apptemplate -value "empty_application" -context "sdk\\\\bsp/1478117770233"
# webtalk_add_data -client sdk -key RecordType -value "BSPCreation" -context "sdk\\\\bsp/1478117770233"
# webtalk_add_data -client sdk -key uid -value "1478117775242" -context "sdk\\\\application/1478117775242"
# webtalk_add_data -client sdk -key hwid -value "1477495749405" -context "sdk\\\\application/1478117775242"
# webtalk_add_data -client sdk -key bspid -value "1478117770233" -context "sdk\\\\application/1478117775242"
# webtalk_add_data -client sdk -key newbsp -value "true" -context "sdk\\\\application/1478117775242"
# webtalk_add_data -client sdk -key os -value "standalone" -context "sdk\\\\application/1478117775242"
# webtalk_add_data -client sdk -key apptemplate -value "empty_application" -context "sdk\\\\application/1478117775242"
# webtalk_add_data -client sdk -key RecordType -value "APPCreation" -context "sdk\\\\application/1478117775242"
# webtalk_add_data -client sdk -key LangUsed -value "C" -context "sdk\\\\application/1478117775242"
# webtalk_add_data -client sdk -key Procused -value "ps7_cortexa9" -context "sdk\\\\application/1478117775242"
# webtalk_add_data -client sdk -key projSize -value "189.68359375" -context "sdk\\\\application/1478117775242"
# webtalk_add_data -client sdk -key uid -value "NA" -context "sdk\\\\bsp/1478118690913"
# webtalk_add_data -client sdk -key RecordType -value "ToolUsage" -context "sdk\\\\bsp/1478118690913"
# webtalk_add_data -client sdk -key BootgenCount -value "0" -context "sdk\\\\bsp/1478118690913"
# webtalk_add_data -client sdk -key DebugCount -value "2" -context "sdk\\\\bsp/1478118690913"
# webtalk_add_data -client sdk -key PerfCount -value "0" -context "sdk\\\\bsp/1478118690913"
# webtalk_add_data -client sdk -key FlashCount -value "0" -context "sdk\\\\bsp/1478118690913"
# webtalk_add_data -client sdk -key CrossTriggCount -value "0" -context "sdk\\\\bsp/1478118690913"
# webtalk_add_data -client sdk -key QemuDebugCount -value "0" -context "sdk\\\\bsp/1478118690913"
# webtalk_transmit -clientid 4201606015 -regid "211150773_0_0_144" -xml C:\\Projects\\Casioproject\\Casio\\Casio.sdk\\webtalk\\usage_statistics_ext_sdk.xml -html C:\\Projects\\Casioproject\\Casio\\Casio.sdk\\webtalk\\usage_statistics_ext_sdk.html -wdm C:\\Projects\\Casioproject\\Casio\\Casio.sdk\\webtalk\\sdk_webtalk.wdm -intro "<H3>SDK Usage Report</H3><BR>"
INFO: [Common 17-186] 'C:\Projects\Casioproject\Casio\Casio.sdk\webtalk\usage_statistics_ext_sdk.xml' has been successfully sent to Xilinx on Wed Nov 02 21:31:40 2016. For additional details about this file, please refer to the WebTalk help file at C:/Xilinx/SDK/2016.3/doc/webtalk_introduction.html.
# webtalk_terminate
INFO: [Common 17-206] Exiting Webtalk at Wed Nov 02 21:31:40 2016...
